19:18:02 INFO  : Registering command handlers for SDK TCF services
19:18:04 INFO  : Launching XSCT server: xsct -n -interactive /home/manuel/Desktop/Display/Display.sdk/temp_xsdb_launch_script.tcl
19:18:05 INFO  : XSCT server has started successfully.
19:18:05 INFO  : Successfully done setting XSCT server connection channel  
19:18:05 INFO  : Successfully done setting SDK workspace  
19:18:05 INFO  : Processing command line option -hwspec /home/manuel/Desktop/Display/Display.sdk/microblaze_wrapper.hdf.
19:19:16 INFO  : SDK has detected change in the last modified timestamps for source hardware specification file Source:1523927817000,  Project:1523927865000
19:19:16 INFO  : Project microblaze_wrapper_hw_platform_0's source hardware specification located at /home/manuel/Desktop/Display/Display.sdk/microblaze_wrapper.hdf is now different from the local copy.
		 The local copy will be replaced with the source specification and your workspace will be updated.
19:19:17 INFO  : Copied contents of /home/manuel/Desktop/Display/Display.sdk/microblaze_wrapper.hdf into /microblaze_wrapper_hw_platform_0/system.hdf.
19:19:17 INFO  : Synchronizing projects in the workspace with the hardware platform specification changes.
19:19:18 INFO  : 
19:19:19 INFO  : Updating hardware inferred compiler options for display.
19:19:19 INFO  : Clearing existing target manager status.
19:19:19 WARN  : Given IPC port value is invalid. Using default port 2350
19:19:19 WARN  : Given XMD timeout value is invalid. Using default value of 50000
19:19:21 WARN  : Given XMD transaction timeout value is invalid. Using default value of 60000 milli seconds
19:19:21 INFO  : Closing and re-opening the MSS file of ther project display_bsp
19:19:22 INFO  : Workspace synchronized with the new hardware specification file. Cleaning dependent projects...
19:19:22 WARN  : Linker script will not be updated automatically. Users need to update it manually.
19:19:38 INFO  : Connected to target on host '127.0.0.1' and port '3121'.
19:19:38 INFO  : 'targets -set -filter {jtag_cable_name =~ "Digilent Basys3 210183624687A" && level==0} -index 0' command is executed.
19:19:39 INFO  : FPGA configured successfully with bitstream "/home/manuel/Desktop/Display/Display.sdk/microblaze_wrapper_hw_platform_0/download.bit"
19:19:58 INFO  : 'targets -set -filter {jtag_cable_name =~ "Digilent Basys3 210183624687A" && level==0} -index 0' command is executed.
19:19:58 INFO  : 'fpga -state' command is executed.
19:19:58 INFO  : Connected to target on host '127.0.0.1' and port '3121'.
19:19:58 INFO  : Jtag cable 'Digilent Basys3 210183624687A' is selected.
19:19:58 INFO  : 'jtag frequency' command is executed.
19:19:58 INFO  : Context for processor 'microblaze_0' is selected.
19:19:58 INFO  : Processor reset is completed for 'microblaze_0'.
19:19:58 INFO  : Context for processor 'microblaze_0' is selected.
19:19:58 INFO  : The application '/home/manuel/Desktop/Display/Display.sdk/display/Debug/display.elf' is downloaded to processor 'microblaze_0'.
19:19:58 INFO  : ----------------XSDB Script----------------
connect -url tcp:127.0.0.1:3121
targets -set -nocase -filter {name =~ "microblaze*#0" && bscan=="USER2"  && jtag_cable_name =~ "Digilent Basys3 210183624687A"} -index 0
rst -processor
targets -set -nocase -filter {name =~ "microblaze*#0" && bscan=="USER2"  && jtag_cable_name =~ "Digilent Basys3 210183624687A"} -index 0
dow /home/manuel/Desktop/Display/Display.sdk/display/Debug/display.elf
----------------End of Script----------------

19:19:58 INFO  : Memory regions updated for context MicroBlaze #0
19:19:58 INFO  : Memory regions updated for context MicroBlaze #0
19:19:58 INFO  : Context for processor 'microblaze_0' is selected.
19:19:58 INFO  : 'con' command is executed.
19:19:58 INFO  : ----------------XSDB Script (After Launch)----------------
targets -set -nocase -filter {name =~ "microblaze*#0" && bscan=="USER2"  && jtag_cable_name =~ "Digilent Basys3 210183624687A"} -index 0
con
----------------End of Script----------------

19:19:58 INFO  : Launch script is exported to file '/home/manuel/Desktop/Display/Display.sdk/.sdk/launch_scripts/xilinx_c-c++_application_(system_debugger)/system_debugger_using_debug_display.elf_on_local.tcl'
19:23:19 INFO  : Disconnected from the channel tcfchan#1.
19:23:36 INFO  : 'targets -set -filter {jtag_cable_name =~ "Digilent Basys3 210183624687A" && level==0} -index 0' command is executed.
19:23:36 INFO  : 'fpga -state' command is executed.
19:23:36 INFO  : Connected to target on host '127.0.0.1' and port '3121'.
19:23:37 INFO  : Jtag cable 'Digilent Basys3 210183624687A' is selected.
19:23:37 INFO  : 'jtag frequency' command is executed.
19:23:37 INFO  : Context for processor 'microblaze_0' is selected.
19:23:37 INFO  : Processor reset is completed for 'microblaze_0'.
19:23:37 INFO  : Context for processor 'microblaze_0' is selected.
19:23:38 INFO  : The application '/home/manuel/Desktop/Display/Display.sdk/display/Debug/display.elf' is downloaded to processor 'microblaze_0'.
19:23:38 INFO  : ----------------XSDB Script----------------
connect -url tcp:127.0.0.1:3121
targets -set -nocase -filter {name =~ "microblaze*#0" && bscan=="USER2"  && jtag_cable_name =~ "Digilent Basys3 210183624687A"} -index 0
rst -processor
targets -set -nocase -filter {name =~ "microblaze*#0" && bscan=="USER2"  && jtag_cable_name =~ "Digilent Basys3 210183624687A"} -index 0
dow /home/manuel/Desktop/Display/Display.sdk/display/Debug/display.elf
----------------End of Script----------------

19:23:38 INFO  : Memory regions updated for context MicroBlaze #0
19:23:38 INFO  : Memory regions updated for context MicroBlaze #0
19:23:38 INFO  : Context for processor 'microblaze_0' is selected.
19:23:38 INFO  : 'con' command is executed.
19:23:38 INFO  : ----------------XSDB Script (After Launch)----------------
targets -set -nocase -filter {name =~ "microblaze*#0" && bscan=="USER2"  && jtag_cable_name =~ "Digilent Basys3 210183624687A"} -index 0
con
----------------End of Script----------------

19:23:38 INFO  : Launch script is exported to file '/home/manuel/Desktop/Display/Display.sdk/.sdk/launch_scripts/xilinx_c-c++_application_(system_debugger)/system_debugger_using_debug_display.elf_on_local.tcl'
19:26:20 INFO  : Disconnected from the channel tcfchan#2.
19:26:21 INFO  : 'targets -set -filter {jtag_cable_name =~ "Digilent Basys3 210183624687A" && level==0} -index 0' command is executed.
19:26:21 INFO  : 'fpga -state' command is executed.
19:26:21 INFO  : Connected to target on host '127.0.0.1' and port '3121'.
19:26:21 INFO  : Jtag cable 'Digilent Basys3 210183624687A' is selected.
19:26:21 INFO  : 'jtag frequency' command is executed.
19:26:21 INFO  : Context for processor 'microblaze_0' is selected.
19:26:21 INFO  : Processor reset is completed for 'microblaze_0'.
19:26:21 INFO  : Context for processor 'microblaze_0' is selected.
19:26:22 INFO  : The application '/home/manuel/Desktop/Display/Display.sdk/display/Debug/display.elf' is downloaded to processor 'microblaze_0'.
19:26:22 INFO  : ----------------XSDB Script----------------
connect -url tcp:127.0.0.1:3121
targets -set -nocase -filter {name =~ "microblaze*#0" && bscan=="USER2"  && jtag_cable_name =~ "Digilent Basys3 210183624687A"} -index 0
rst -processor
targets -set -nocase -filter {name =~ "microblaze*#0" && bscan=="USER2"  && jtag_cable_name =~ "Digilent Basys3 210183624687A"} -index 0
dow /home/manuel/Desktop/Display/Display.sdk/display/Debug/display.elf
----------------End of Script----------------

19:26:22 INFO  : Memory regions updated for context MicroBlaze #0
19:26:22 INFO  : Memory regions updated for context MicroBlaze #0
19:26:23 INFO  : Context for processor 'microblaze_0' is selected.
19:26:23 INFO  : 'con' command is executed.
19:26:23 INFO  : ----------------XSDB Script (After Launch)----------------
targets -set -nocase -filter {name =~ "microblaze*#0" && bscan=="USER2"  && jtag_cable_name =~ "Digilent Basys3 210183624687A"} -index 0
con
----------------End of Script----------------

19:26:23 INFO  : Launch script is exported to file '/home/manuel/Desktop/Display/Display.sdk/.sdk/launch_scripts/xilinx_c-c++_application_(system_debugger)/system_debugger_using_debug_display.elf_on_local.tcl'
19:26:49 INFO  : Disconnected from the channel tcfchan#3.
19:26:52 INFO  : 'targets -set -filter {jtag_cable_name =~ "Digilent Basys3 210183624687A" && level==0} -index 0' command is executed.
19:26:52 INFO  : 'fpga -state' command is executed.
19:26:52 INFO  : Connected to target on host '127.0.0.1' and port '3121'.
19:26:52 INFO  : Jtag cable 'Digilent Basys3 210183624687A' is selected.
19:26:52 INFO  : 'jtag frequency' command is executed.
19:26:52 INFO  : Context for processor 'microblaze_0' is selected.
19:26:52 INFO  : Processor reset is completed for 'microblaze_0'.
19:26:52 INFO  : Context for processor 'microblaze_0' is selected.
19:26:53 INFO  : The application '/home/manuel/Desktop/Display/Display.sdk/display/Debug/display.elf' is downloaded to processor 'microblaze_0'.
19:26:53 INFO  : ----------------XSDB Script----------------
connect -url tcp:127.0.0.1:3121
targets -set -nocase -filter {name =~ "microblaze*#0" && bscan=="USER2"  && jtag_cable_name =~ "Digilent Basys3 210183624687A"} -index 0
rst -processor
targets -set -nocase -filter {name =~ "microblaze*#0" && bscan=="USER2"  && jtag_cable_name =~ "Digilent Basys3 210183624687A"} -index 0
dow /home/manuel/Desktop/Display/Display.sdk/display/Debug/display.elf
----------------End of Script----------------

19:26:53 INFO  : Memory regions updated for context MicroBlaze #0
19:26:53 INFO  : Memory regions updated for context MicroBlaze #0
19:26:53 INFO  : Context for processor 'microblaze_0' is selected.
19:26:53 INFO  : 'con' command is executed.
19:26:53 INFO  : ----------------XSDB Script (After Launch)----------------
targets -set -nocase -filter {name =~ "microblaze*#0" && bscan=="USER2"  && jtag_cable_name =~ "Digilent Basys3 210183624687A"} -index 0
con
----------------End of Script----------------

19:26:53 INFO  : Launch script is exported to file '/home/manuel/Desktop/Display/Display.sdk/.sdk/launch_scripts/xilinx_c-c++_application_(system_debugger)/system_debugger_using_debug_display.elf_on_local.tcl'
19:27:47 INFO  : Disconnected from the channel tcfchan#4.
19:27:48 INFO  : 'targets -set -filter {jtag_cable_name =~ "Digilent Basys3 210183624687A" && level==0} -index 0' command is executed.
19:27:48 INFO  : 'fpga -state' command is executed.
19:27:48 INFO  : Connected to target on host '127.0.0.1' and port '3121'.
19:27:48 INFO  : Jtag cable 'Digilent Basys3 210183624687A' is selected.
19:27:48 INFO  : 'jtag frequency' command is executed.
19:27:48 INFO  : Context for processor 'microblaze_0' is selected.
19:27:48 INFO  : Processor reset is completed for 'microblaze_0'.
19:27:48 INFO  : Context for processor 'microblaze_0' is selected.
19:27:49 INFO  : The application '/home/manuel/Desktop/Display/Display.sdk/display/Debug/display.elf' is downloaded to processor 'microblaze_0'.
19:27:49 INFO  : ----------------XSDB Script----------------
connect -url tcp:127.0.0.1:3121
targets -set -nocase -filter {name =~ "microblaze*#0" && bscan=="USER2"  && jtag_cable_name =~ "Digilent Basys3 210183624687A"} -index 0
rst -processor
targets -set -nocase -filter {name =~ "microblaze*#0" && bscan=="USER2"  && jtag_cable_name =~ "Digilent Basys3 210183624687A"} -index 0
dow /home/manuel/Desktop/Display/Display.sdk/display/Debug/display.elf
----------------End of Script----------------

19:27:49 INFO  : Memory regions updated for context MicroBlaze #0
19:27:49 INFO  : Memory regions updated for context MicroBlaze #0
19:27:49 INFO  : Context for processor 'microblaze_0' is selected.
19:27:49 INFO  : 'con' command is executed.
19:27:49 INFO  : ----------------XSDB Script (After Launch)----------------
targets -set -nocase -filter {name =~ "microblaze*#0" && bscan=="USER2"  && jtag_cable_name =~ "Digilent Basys3 210183624687A"} -index 0
con
----------------End of Script----------------

19:27:49 INFO  : Launch script is exported to file '/home/manuel/Desktop/Display/Display.sdk/.sdk/launch_scripts/xilinx_c-c++_application_(system_debugger)/system_debugger_using_debug_display.elf_on_local.tcl'
19:28:10 INFO  : Disconnected from the channel tcfchan#5.
19:28:14 ERROR : no targets found with "jtag_cable_name =~ "Digilent Basys3 210183624687A" && level==0". available targets:
  1  xc7a35t
     2  MicroBlaze Debug Module at USER2
        3* MicroBlaze #0 (Running)
19:28:23 INFO  : 'targets -set -filter {jtag_cable_name =~ "Digilent Basys3 210183624687A" && level==0} -index 0' command is executed.
19:28:23 INFO  : 'fpga -state' command is executed.
19:28:23 INFO  : Connected to target on host '127.0.0.1' and port '3121'.
19:28:23 INFO  : Jtag cable 'Digilent Basys3 210183624687A' is selected.
19:28:23 INFO  : 'jtag frequency' command is executed.
19:28:23 INFO  : Context for processor 'microblaze_0' is selected.
19:28:23 INFO  : Processor reset is completed for 'microblaze_0'.
19:28:23 INFO  : Context for processor 'microblaze_0' is selected.
19:28:25 INFO  : The application '/home/manuel/Desktop/Display/Display.sdk/display/Debug/display.elf' is downloaded to processor 'microblaze_0'.
19:28:25 INFO  : ----------------XSDB Script----------------
connect -url tcp:127.0.0.1:3121
targets -set -nocase -filter {name =~ "microblaze*#0" && bscan=="USER2"  && jtag_cable_name =~ "Digilent Basys3 210183624687A"} -index 0
rst -processor
targets -set -nocase -filter {name =~ "microblaze*#0" && bscan=="USER2"  && jtag_cable_name =~ "Digilent Basys3 210183624687A"} -index 0
dow /home/manuel/Desktop/Display/Display.sdk/display/Debug/display.elf
----------------End of Script----------------

19:28:25 INFO  : Memory regions updated for context MicroBlaze #0
19:28:25 INFO  : Memory regions updated for context MicroBlaze #0
19:28:25 INFO  : Context for processor 'microblaze_0' is selected.
19:28:25 INFO  : 'con' command is executed.
19:28:25 INFO  : ----------------XSDB Script (After Launch)----------------
targets -set -nocase -filter {name =~ "microblaze*#0" && bscan=="USER2"  && jtag_cable_name =~ "Digilent Basys3 210183624687A"} -index 0
con
----------------End of Script----------------

19:28:25 INFO  : Launch script is exported to file '/home/manuel/Desktop/Display/Display.sdk/.sdk/launch_scripts/xilinx_c-c++_application_(system_debugger)/system_debugger_using_debug_display.elf_on_local.tcl'
19:28:32 INFO  : Disconnected from the channel tcfchan#6.
19:28:33 INFO  : 'targets -set -filter {jtag_cable_name =~ "Digilent Basys3 210183624687A" && level==0} -index 0' command is executed.
19:28:33 INFO  : 'fpga -state' command is executed.
19:28:33 INFO  : Connected to target on host '127.0.0.1' and port '3121'.
19:28:33 INFO  : Jtag cable 'Digilent Basys3 210183624687A' is selected.
19:28:33 INFO  : 'jtag frequency' command is executed.
19:28:34 INFO  : Context for processor 'microblaze_0' is selected.
19:28:34 INFO  : Processor reset is completed for 'microblaze_0'.
19:28:34 INFO  : Context for processor 'microblaze_0' is selected.
19:28:35 INFO  : The application '/home/manuel/Desktop/Display/Display.sdk/display/Debug/display.elf' is downloaded to processor 'microblaze_0'.
19:28:35 INFO  : ----------------XSDB Script----------------
connect -url tcp:127.0.0.1:3121
targets -set -nocase -filter {name =~ "microblaze*#0" && bscan=="USER2"  && jtag_cable_name =~ "Digilent Basys3 210183624687A"} -index 0
rst -processor
targets -set -nocase -filter {name =~ "microblaze*#0" && bscan=="USER2"  && jtag_cable_name =~ "Digilent Basys3 210183624687A"} -index 0
dow /home/manuel/Desktop/Display/Display.sdk/display/Debug/display.elf
----------------End of Script----------------

19:28:35 INFO  : Memory regions updated for context MicroBlaze #0
19:28:35 INFO  : Memory regions updated for context MicroBlaze #0
19:28:35 INFO  : Context for processor 'microblaze_0' is selected.
19:28:35 INFO  : 'con' command is executed.
19:28:35 INFO  : ----------------XSDB Script (After Launch)----------------
targets -set -nocase -filter {name =~ "microblaze*#0" && bscan=="USER2"  && jtag_cable_name =~ "Digilent Basys3 210183624687A"} -index 0
con
----------------End of Script----------------

19:28:35 INFO  : Launch script is exported to file '/home/manuel/Desktop/Display/Display.sdk/.sdk/launch_scripts/xilinx_c-c++_application_(system_debugger)/system_debugger_using_debug_display.elf_on_local.tcl'
19:29:22 INFO  : Disconnected from the channel tcfchan#7.
19:29:36 INFO  : 'targets -set -filter {jtag_cable_name =~ "Digilent Basys3 210183624687A" && level==0} -index 0' command is executed.
19:29:36 INFO  : 'fpga -state' command is executed.
19:29:36 INFO  : Connected to target on host '127.0.0.1' and port '3121'.
19:29:37 INFO  : Jtag cable 'Digilent Basys3 210183624687A' is selected.
19:29:37 INFO  : 'jtag frequency' command is executed.
19:29:37 INFO  : Context for processor 'microblaze_0' is selected.
19:29:37 INFO  : Processor reset is completed for 'microblaze_0'.
19:29:37 INFO  : Context for processor 'microblaze_0' is selected.
19:29:38 INFO  : The application '/home/manuel/Desktop/Display/Display.sdk/display/Debug/display.elf' is downloaded to processor 'microblaze_0'.
19:29:38 INFO  : ----------------XSDB Script----------------
connect -url tcp:127.0.0.1:3121
targets -set -nocase -filter {name =~ "microblaze*#0" && bscan=="USER2"  && jtag_cable_name =~ "Digilent Basys3 210183624687A"} -index 0
rst -processor
targets -set -nocase -filter {name =~ "microblaze*#0" && bscan=="USER2"  && jtag_cable_name =~ "Digilent Basys3 210183624687A"} -index 0
dow /home/manuel/Desktop/Display/Display.sdk/display/Debug/display.elf
----------------End of Script----------------

19:29:38 INFO  : Memory regions updated for context MicroBlaze #0
19:29:38 INFO  : Memory regions updated for context MicroBlaze #0
19:29:38 INFO  : Context for processor 'microblaze_0' is selected.
19:29:38 INFO  : 'con' command is executed.
19:29:38 INFO  : ----------------XSDB Script (After Launch)----------------
targets -set -nocase -filter {name =~ "microblaze*#0" && bscan=="USER2"  && jtag_cable_name =~ "Digilent Basys3 210183624687A"} -index 0
con
----------------End of Script----------------

19:29:38 INFO  : Launch script is exported to file '/home/manuel/Desktop/Display/Display.sdk/.sdk/launch_scripts/xilinx_c-c++_application_(system_debugger)/system_debugger_using_debug_display.elf_on_local.tcl'
19:30:12 INFO  : Disconnected from the channel tcfchan#8.
19:30:13 INFO  : 'targets -set -filter {jtag_cable_name =~ "Digilent Basys3 210183624687A" && level==0} -index 0' command is executed.
19:30:13 INFO  : 'fpga -state' command is executed.
19:30:13 INFO  : Connected to target on host '127.0.0.1' and port '3121'.
19:30:13 INFO  : Jtag cable 'Digilent Basys3 210183624687A' is selected.
19:30:13 INFO  : 'jtag frequency' command is executed.
19:30:13 INFO  : Context for processor 'microblaze_0' is selected.
19:30:13 INFO  : Processor reset is completed for 'microblaze_0'.
19:30:13 INFO  : Context for processor 'microblaze_0' is selected.
19:30:15 INFO  : The application '/home/manuel/Desktop/Display/Display.sdk/display/Debug/display.elf' is downloaded to processor 'microblaze_0'.
19:30:15 INFO  : ----------------XSDB Script----------------
connect -url tcp:127.0.0.1:3121
targets -set -nocase -filter {name =~ "microblaze*#0" && bscan=="USER2"  && jtag_cable_name =~ "Digilent Basys3 210183624687A"} -index 0
rst -processor
targets -set -nocase -filter {name =~ "microblaze*#0" && bscan=="USER2"  && jtag_cable_name =~ "Digilent Basys3 210183624687A"} -index 0
dow /home/manuel/Desktop/Display/Display.sdk/display/Debug/display.elf
----------------End of Script----------------

19:30:15 INFO  : Memory regions updated for context MicroBlaze #0
19:30:15 INFO  : Memory regions updated for context MicroBlaze #0
19:30:15 INFO  : Context for processor 'microblaze_0' is selected.
19:30:15 INFO  : 'con' command is executed.
19:30:15 INFO  : ----------------XSDB Script (After Launch)----------------
targets -set -nocase -filter {name =~ "microblaze*#0" && bscan=="USER2"  && jtag_cable_name =~ "Digilent Basys3 210183624687A"} -index 0
con
----------------End of Script----------------

19:30:15 INFO  : Launch script is exported to file '/home/manuel/Desktop/Display/Display.sdk/.sdk/launch_scripts/xilinx_c-c++_application_(system_debugger)/system_debugger_using_debug_display.elf_on_local.tcl'
19:30:41 INFO  : Disconnected from the channel tcfchan#9.
19:30:57 INFO  : 'targets -set -filter {jtag_cable_name =~ "Digilent Basys3 210183624687A" && level==0} -index 0' command is executed.
19:30:57 INFO  : 'fpga -state' command is executed.
19:30:57 INFO  : Connected to target on host '127.0.0.1' and port '3121'.
19:30:57 INFO  : Jtag cable 'Digilent Basys3 210183624687A' is selected.
19:30:57 INFO  : 'jtag frequency' command is executed.
19:30:57 INFO  : Context for processor 'microblaze_0' is selected.
19:30:57 INFO  : Processor reset is completed for 'microblaze_0'.
19:30:57 INFO  : Context for processor 'microblaze_0' is selected.
19:30:58 INFO  : The application '/home/manuel/Desktop/Display/Display.sdk/display/Debug/display.elf' is downloaded to processor 'microblaze_0'.
19:30:58 INFO  : ----------------XSDB Script----------------
connect -url tcp:127.0.0.1:3121
targets -set -nocase -filter {name =~ "microblaze*#0" && bscan=="USER2"  && jtag_cable_name =~ "Digilent Basys3 210183624687A"} -index 0
rst -processor
targets -set -nocase -filter {name =~ "microblaze*#0" && bscan=="USER2"  && jtag_cable_name =~ "Digilent Basys3 210183624687A"} -index 0
dow /home/manuel/Desktop/Display/Display.sdk/display/Debug/display.elf
----------------End of Script----------------

19:30:58 INFO  : Memory regions updated for context MicroBlaze #0
19:30:58 INFO  : Memory regions updated for context MicroBlaze #0
19:30:58 INFO  : Context for processor 'microblaze_0' is selected.
19:30:58 INFO  : 'con' command is executed.
19:30:58 INFO  : ----------------XSDB Script (After Launch)----------------
targets -set -nocase -filter {name =~ "microblaze*#0" && bscan=="USER2"  && jtag_cable_name =~ "Digilent Basys3 210183624687A"} -index 0
con
----------------End of Script----------------

19:30:58 INFO  : Launch script is exported to file '/home/manuel/Desktop/Display/Display.sdk/.sdk/launch_scripts/xilinx_c-c++_application_(system_debugger)/system_debugger_using_debug_display.elf_on_local.tcl'
