#-----------------------------------------------------------
# Webtalk v2017.4 (64-bit)
# SW Build 2086221 on Fri Dec 15 20:54:30 MST 2017
# 
# Start of session at: Mon Apr 16 14:02:37 2018
# Process ID: 27521
# Current directory: /home/manuel/Desktop/LED_Switch/LED_Switch.sdk/webtalk
# Command line: wbtcv -mode batch -source sdk_webtalk.tcl
# Log file: /home/manuel/Desktop/LED_Switch/LED_Switch.sdk/webtalk/webtalk.log
# Journal file: /home/manuel/Desktop/LED_Switch/LED_Switch.sdk/webtalk/webtalk.jou
#-----------------------------------------------------------
source sdk_webtalk.tcl
# webtalk_init -webtalk_dir /home/manuel/Desktop/LED_Switch/LED_Switch.sdk/webtalk
# webtalk_register_client -client project
# webtalk_add_data -client project -key date_generated -value "2018-04-16 14:02:37" -context "software_version_and_target_device"
# webtalk_add_data -client project -key product_version -value "SDK v2017.4" -context "software_version_and_target_device"
# webtalk_add_data -client project -key build_version -value "2017.4" -context "software_version_and_target_device"
# webtalk_add_data -client project -key os_platform -value "amd64" -context "software_version_and_target_device"
# webtalk_add_data -client project -key registration_id -value "" -context "software_version_and_target_device"
# webtalk_add_data -client project -key tool_flow -value "SDK" -context "software_version_and_target_device"
# webtalk_add_data -client project -key beta -value "false" -context "software_version_and_target_device"
# webtalk_add_data -client project -key route_design -value "NA" -context "software_version_and_target_device"
# webtalk_add_data -client project -key target_family -value "NA" -context "software_version_and_target_device"
# webtalk_add_data -client project -key target_device -value "NA" -context "software_version_and_target_device"
# webtalk_add_data -client project -key target_package -value "NA" -context "software_version_and_target_device"
# webtalk_add_data -client project -key target_speed -value "NA" -context "software_version_and_target_device"
# webtalk_add_data -client project -key random_id -value "cc02jntj4qmjqi7nlp1qlsd38m" -context "software_version_and_target_device"
# webtalk_add_data -client project -key project_id -value "2017.4_2" -context "software_version_and_target_device"
# webtalk_add_data -client project -key project_iteration -value "2" -context "software_version_and_target_device"
# webtalk_add_data -client project -key os_name -value "Ubuntu" -context "user_environment"
# webtalk_add_data -client project -key os_release -value "Pop!_OS 17.10 (Artful Aardvark)" -context "user_environment"
# webtalk_add_data -client project -key cpu_name -value "Intel(R) Core(TM) i7-7700HQ CPU @ 2.80GHz" -context "user_environment"
# webtalk_add_data -client project -key cpu_speed -value "3660.805 MHz" -context "user_environment"
# webtalk_add_data -client project -key total_processors -value "1" -context "user_environment"
# webtalk_add_data -client project -key system_ram -value "67.502 GB" -context "user_environment"
# webtalk_register_client -client sdk
# webtalk_add_data -client sdk -key uid -value "1523903363000" -context "sdk\\\\hardware/1523903363000"
# webtalk_add_data -client sdk -key isZynq -value "false" -context "sdk\\\\hardware/1523903363000"
# webtalk_add_data -client sdk -key isZynqMP -value "false" -context "sdk\\\\hardware/1523903363000"
# webtalk_add_data -client sdk -key Processors -value "1" -context "sdk\\\\hardware/1523903363000"
# webtalk_add_data -client sdk -key VivadoVersion -value "2017.4" -context "sdk\\\\hardware/1523903363000"
# webtalk_add_data -client sdk -key Arch -value "artix7" -context "sdk\\\\hardware/1523903363000"
# webtalk_add_data -client sdk -key Device -value "7a35t" -context "sdk\\\\hardware/1523903363000"
# webtalk_add_data -client sdk -key IsHandoff -value "true" -context "sdk\\\\hardware/1523903363000"
# webtalk_add_data -client sdk -key os -value "NA" -context "sdk\\\\hardware/1523903363000"
# webtalk_add_data -client sdk -key apptemplate -value "NA" -context "sdk\\\\hardware/1523903363000"
# webtalk_add_data -client sdk -key RecordType -value "HWCreation" -context "sdk\\\\hardware/1523903363000"
# webtalk_add_data -client sdk -key uid -value "1523903426000" -context "sdk\\\\bsp/1523903426000"
# webtalk_add_data -client sdk -key hwid -value "1523903363000" -context "sdk\\\\bsp/1523903426000"
# webtalk_add_data -client sdk -key os -value "standalone" -context "sdk\\\\bsp/1523903426000"
# webtalk_add_data -client sdk -key apptemplate -value "hello_world" -context "sdk\\\\bsp/1523903426000"
# webtalk_add_data -client sdk -key RecordType -value "BSPCreation" -context "sdk\\\\bsp/1523903426000"
# webtalk_add_data -client sdk -key uid -value "1523903427000" -context "sdk\\\\application/1523903427000"
# webtalk_add_data -client sdk -key hwid -value "1523903363000" -context "sdk\\\\application/1523903427000"
# webtalk_add_data -client sdk -key bspid -value "1523903426000" -context "sdk\\\\application/1523903427000"
# webtalk_add_data -client sdk -key newbsp -value "true" -context "sdk\\\\application/1523903427000"
# webtalk_add_data -client sdk -key os -value "standalone" -context "sdk\\\\application/1523903427000"
# webtalk_add_data -client sdk -key apptemplate -value "hello_world" -context "sdk\\\\application/1523903427000"
# webtalk_add_data -client sdk -key RecordType -value "APPCreation" -context "sdk\\\\application/1523903427000"
# webtalk_add_data -client sdk -key LangUsed -value "C" -context "sdk\\\\application/1523903427000"
# webtalk_add_data -client sdk -key Procused -value "microblaze" -context "sdk\\\\application/1523903427000"
# webtalk_add_data -client sdk -key uid -value "NA" -context "sdk\\\\bsp/1523908957176"
# webtalk_add_data -client sdk -key RecordType -value "ToolUsage" -context "sdk\\\\bsp/1523908957176"
# webtalk_add_data -client sdk -key BootgenCount -value "0" -context "sdk\\\\bsp/1523908957176"
# webtalk_add_data -client sdk -key DebugCount -value "10" -context "sdk\\\\bsp/1523908957176"
# webtalk_add_data -client sdk -key PerfCount -value "0" -context "sdk\\\\bsp/1523908957176"
# webtalk_add_data -client sdk -key FlashCount -value "0" -context "sdk\\\\bsp/1523908957176"
# webtalk_add_data -client sdk -key CrossTriggCount -value "0" -context "sdk\\\\bsp/1523908957176"
# webtalk_add_data -client sdk -key QemuDebugCount -value "0" -context "sdk\\\\bsp/1523908957176"
# webtalk_transmit -clientid 1411711584 -regid "" -xml /home/manuel/Desktop/LED_Switch/LED_Switch.sdk/webtalk/usage_statistics_ext_sdk.xml -html /home/manuel/Desktop/LED_Switch/LED_Switch.sdk/webtalk/usage_statistics_ext_sdk.html -wdm /home/manuel/Desktop/LED_Switch/LED_Switch.sdk/webtalk/sdk_webtalk.wdm -intro "<H3>SDK Usage Report</H3><BR>"
INFO: [Common 17-186] '/home/manuel/Desktop/LED_Switch/LED_Switch.sdk/webtalk/usage_statistics_ext_sdk.xml' has been successfully sent to Xilinx on Mon Apr 16 14:02:40 2018. For additional details about this file, please refer to the WebTalk help file at /opt/Xilinx/SDK/2017.4/doc/webtalk_introduction.html.
# webtalk_terminate
INFO: [Common 17-206] Exiting Webtalk at Mon Apr 16 14:02:40 2018...
