12:29:19 INFO  : Registering command handlers for SDK TCF services
12:29:20 INFO  : Launching XSCT server: xsct -n -interactive /home/manuel/Desktop/LED_Switch/LED_Switch.sdk/temp_xsdb_launch_script.tcl
12:29:21 INFO  : XSCT server has started successfully.
12:29:22 INFO  : Successfully done setting XSCT server connection channel  
12:29:22 INFO  : Successfully done setting SDK workspace  
12:29:22 INFO  : Processing command line option -hwspec /home/manuel/Desktop/LED_Switch/LED_Switch.sdk/microblaze_wrapper.hdf.
12:43:42 INFO  : Connected to target on host '127.0.0.1' and port '3121'.
12:43:42 INFO  : 'targets -set -filter {jtag_cable_name =~ "Digilent Basys3 210183624687A" && level==0} -index 0' command is executed.
12:43:44 INFO  : FPGA configured successfully with bitstream "/home/manuel/Desktop/LED_Switch/LED_Switch.sdk/microblaze_wrapper_hw_platform_0/download.bit"
12:54:22 INFO  : 'targets -set -filter {jtag_cable_name =~ "Digilent Basys3 210183624687A" && level==0} -index 0' command is executed.
12:54:22 INFO  : 'fpga -state' command is executed.
12:54:22 INFO  : Connected to target on host '127.0.0.1' and port '3121'.
12:54:22 INFO  : Jtag cable 'Digilent Basys3 210183624687A' is selected.
12:54:22 INFO  : 'jtag frequency' command is executed.
12:54:22 INFO  : ----------------XSDB Script----------------
connect -url tcp:127.0.0.1:3121
----------------End of Script----------------

12:54:22 INFO  : Memory regions updated for context MicroBlaze #0
12:54:22 INFO  : Memory regions updated for context MicroBlaze #0
12:54:22 INFO  : Launch script is exported to file '/home/manuel/Desktop/LED_Switch/LED_Switch.sdk/.sdk/launch_scripts/xilinx_c-c++_application_(system_debugger)/system_debugger_using_debug_hello_world.elf_on_local.tcl'
12:54:43 INFO  : Disconnected from the channel tcfchan#1.
12:55:00 INFO  : 'targets -set -filter {jtag_cable_name =~ "Digilent Basys3 210183624687A" && level==0} -index 0' command is executed.
12:55:00 INFO  : 'fpga -state' command is executed.
12:55:00 INFO  : Connected to target on host '127.0.0.1' and port '3121'.
12:55:00 INFO  : Jtag cable 'Digilent Basys3 210183624687A' is selected.
12:55:00 INFO  : 'jtag frequency' command is executed.
12:55:00 INFO  : ----------------XSDB Script----------------
connect -url tcp:127.0.0.1:3121
----------------End of Script----------------

12:55:00 INFO  : Memory regions updated for context MicroBlaze #0
12:55:00 INFO  : Memory regions updated for context MicroBlaze #0
12:55:00 INFO  : Launch script is exported to file '/home/manuel/Desktop/LED_Switch/LED_Switch.sdk/.sdk/launch_scripts/xilinx_c-c++_application_(system_debugger)/system_debugger_using_debug_hello_world.elf_on_local.tcl'
12:56:03 INFO  : Disconnected from the channel tcfchan#2.
13:04:15 INFO  : 'targets -set -filter {jtag_cable_name =~ "Digilent Basys3 210183624687A" && level==0} -index 0' command is executed.
13:04:15 INFO  : 'fpga -state' command is executed.
13:04:15 INFO  : Connected to target on host '127.0.0.1' and port '3121'.
13:04:15 INFO  : Jtag cable 'Digilent Basys3 210183624687A' is selected.
13:04:15 INFO  : 'jtag frequency' command is executed.
13:04:15 INFO  : ----------------XSDB Script----------------
connect -url tcp:127.0.0.1:3121
----------------End of Script----------------

13:04:15 INFO  : Memory regions updated for context MicroBlaze #0
13:04:15 INFO  : Memory regions updated for context MicroBlaze #0
13:04:15 INFO  : Launch script is exported to file '/home/manuel/Desktop/LED_Switch/LED_Switch.sdk/.sdk/launch_scripts/xilinx_c-c++_application_(system_debugger)/system_debugger_using_debug_hello_world.elf_on_local.tcl'
13:04:18 INFO  : Disconnected from the channel tcfchan#3.
13:04:42 INFO  : 'targets -set -filter {jtag_cable_name =~ "Digilent Basys3 210183624687A" && level==0} -index 0' command is executed.
13:04:42 INFO  : 'fpga -state' command is executed.
13:04:42 INFO  : Connected to target on host '127.0.0.1' and port '3121'.
13:04:43 INFO  : Jtag cable 'Digilent Basys3 210183624687A' is selected.
13:04:43 INFO  : 'jtag frequency' command is executed.
13:04:43 INFO  : ----------------XSDB Script----------------
connect -url tcp:127.0.0.1:3121
----------------End of Script----------------

13:04:43 INFO  : Memory regions updated for context MicroBlaze #0
13:04:43 INFO  : Memory regions updated for context MicroBlaze #0
13:04:43 INFO  : Launch script is exported to file '/home/manuel/Desktop/LED_Switch/LED_Switch.sdk/.sdk/launch_scripts/xilinx_c-c++_application_(system_debugger)/system_debugger_using_debug_hello_world.elf_on_local.tcl'
13:09:32 INFO  : Disconnected from the channel tcfchan#4.
13:09:49 INFO  : 'targets -set -filter {jtag_cable_name =~ "Digilent Basys3 210183624687A" && level==0} -index 0' command is executed.
13:09:49 INFO  : 'fpga -state' command is executed.
13:09:49 INFO  : Connected to target on host '127.0.0.1' and port '3121'.
13:09:49 INFO  : Jtag cable 'Digilent Basys3 210183624687A' is selected.
13:09:49 INFO  : 'jtag frequency' command is executed.
13:09:49 INFO  : ----------------XSDB Script----------------
connect -url tcp:127.0.0.1:3121
----------------End of Script----------------

13:09:49 INFO  : Memory regions updated for context MicroBlaze #0
13:09:49 INFO  : Memory regions updated for context MicroBlaze #0
13:09:49 INFO  : Launch script is exported to file '/home/manuel/Desktop/LED_Switch/LED_Switch.sdk/.sdk/launch_scripts/xilinx_c-c++_application_(system_debugger)/system_debugger_using_debug_hello_world.elf_on_local.tcl'
13:10:13 INFO  : Disconnected from the channel tcfchan#5.
13:10:14 INFO  : 'targets -set -filter {jtag_cable_name =~ "Digilent Basys3 210183624687A" && level==0} -index 0' command is executed.
13:10:14 INFO  : 'fpga -state' command is executed.
13:10:14 INFO  : Connected to target on host '127.0.0.1' and port '3121'.
13:10:15 INFO  : Jtag cable 'Digilent Basys3 210183624687A' is selected.
13:10:15 INFO  : 'jtag frequency' command is executed.
13:10:15 INFO  : ----------------XSDB Script----------------
connect -url tcp:127.0.0.1:3121
----------------End of Script----------------

13:10:15 INFO  : Memory regions updated for context MicroBlaze #0
13:10:15 INFO  : Memory regions updated for context MicroBlaze #0
13:10:15 INFO  : Launch script is exported to file '/home/manuel/Desktop/LED_Switch/LED_Switch.sdk/.sdk/launch_scripts/xilinx_c-c++_application_(system_debugger)/system_debugger_using_debug_hello_world.elf_on_local.tcl'
13:11:19 INFO  : Disconnected from the channel tcfchan#6.
13:11:27 INFO  : 'targets -set -filter {jtag_cable_name =~ "Digilent Basys3 210183624687A" && level==0} -index 0' command is executed.
13:11:27 INFO  : 'fpga -state' command is executed.
13:11:27 INFO  : Connected to target on host '127.0.0.1' and port '3121'.
13:11:27 INFO  : Jtag cable 'Digilent Basys3 210183624687A' is selected.
13:11:27 INFO  : 'jtag frequency' command is executed.
13:11:27 INFO  : ----------------XSDB Script----------------
connect -url tcp:127.0.0.1:3121
----------------End of Script----------------

13:11:27 INFO  : Memory regions updated for context MicroBlaze #0
13:11:27 INFO  : Memory regions updated for context MicroBlaze #0
13:11:27 INFO  : Launch script is exported to file '/home/manuel/Desktop/LED_Switch/LED_Switch.sdk/.sdk/launch_scripts/xilinx_c-c++_application_(system_debugger)/system_debugger_using_debug_hello_world.elf_on_local.tcl'
13:46:15 INFO  : Disconnected from the channel tcfchan#7.
13:46:18 INFO  : 'targets -set -filter {jtag_cable_name =~ "Digilent Basys3 210183624687A" && level==0} -index 0' command is executed.
13:46:18 INFO  : 'fpga -state' command is executed.
13:46:18 INFO  : Connected to target on host '127.0.0.1' and port '3121'.
13:46:18 INFO  : Jtag cable 'Digilent Basys3 210183624687A' is selected.
13:46:18 INFO  : 'jtag frequency' command is executed.
13:46:18 INFO  : ----------------XSDB Script----------------
connect -url tcp:127.0.0.1:3121
----------------End of Script----------------

13:46:18 INFO  : Memory regions updated for context MicroBlaze #0
13:46:18 INFO  : Memory regions updated for context MicroBlaze #0
13:46:18 INFO  : Launch script is exported to file '/home/manuel/Desktop/LED_Switch/LED_Switch.sdk/.sdk/launch_scripts/xilinx_c-c++_application_(system_debugger)/system_debugger_using_debug_hello_world.elf_on_local.tcl'
13:50:54 INFO  : Disconnected from the channel tcfchan#8.
13:50:57 INFO  : 'targets -set -filter {jtag_cable_name =~ "Digilent Basys3 210183624687A" && level==0} -index 0' command is executed.
13:50:57 INFO  : 'fpga -state' command is executed.
13:50:57 INFO  : Connected to target on host '127.0.0.1' and port '3121'.
13:50:57 INFO  : Jtag cable 'Digilent Basys3 210183624687A' is selected.
13:50:57 INFO  : 'jtag frequency' command is executed.
13:50:57 INFO  : ----------------XSDB Script----------------
connect -url tcp:127.0.0.1:3121
----------------End of Script----------------

13:50:57 INFO  : Memory regions updated for context MicroBlaze #0
13:50:57 INFO  : Memory regions updated for context MicroBlaze #0
13:50:57 INFO  : Launch script is exported to file '/home/manuel/Desktop/LED_Switch/LED_Switch.sdk/.sdk/launch_scripts/xilinx_c-c++_application_(system_debugger)/system_debugger_using_debug_hello_world.elf_on_local.tcl'
14:02:30 INFO  : Disconnected from the channel tcfchan#9.
14:02:33 INFO  : 'targets -set -filter {jtag_cable_name =~ "Digilent Basys3 210183624687A" && level==0} -index 0' command is executed.
14:02:33 INFO  : 'fpga -state' command is executed.
14:02:33 INFO  : Connected to target on host '127.0.0.1' and port '3121'.
14:02:33 INFO  : Jtag cable 'Digilent Basys3 210183624687A' is selected.
14:02:33 INFO  : 'jtag frequency' command is executed.
14:02:33 INFO  : ----------------XSDB Script----------------
connect -url tcp:127.0.0.1:3121
----------------End of Script----------------

14:02:33 INFO  : Memory regions updated for context MicroBlaze #0
14:02:33 INFO  : Memory regions updated for context MicroBlaze #0
14:02:33 INFO  : Launch script is exported to file '/home/manuel/Desktop/LED_Switch/LED_Switch.sdk/.sdk/launch_scripts/xilinx_c-c++_application_(system_debugger)/system_debugger_using_debug_hello_world.elf_on_local.tcl'
14:02:37 INFO  : Disconnected from the channel tcfchan#10.
14:03:09 INFO  : Registering command handlers for SDK TCF services
14:03:10 INFO  : Launching XSCT server: xsct -n -interactive /home/manuel/Desktop/LED_Switch/LED_Switch.sdk/temp_xsdb_launch_script.tcl
14:03:11 INFO  : XSCT server has started successfully.
14:03:11 INFO  : Successfully done setting XSCT server connection channel  
14:03:11 INFO  : Successfully done setting SDK workspace  
14:03:11 INFO  : Processing command line option -hwspec /home/manuel/Desktop/LED_Switch/LED_Switch.sdk/microblaze_wrapper.hdf.
14:03:11 INFO  : Checking for hwspec changes in the project microblaze_wrapper_hw_platform_0.
14:03:29 INFO  : 'targets -set -filter {jtag_cable_name =~ "Digilent Basys3 210183624687A" && level==0} -index 0' command is executed.
14:03:29 INFO  : 'fpga -state' command is executed.
14:03:29 INFO  : Connected to target on host '127.0.0.1' and port '3121'.
14:03:29 INFO  : Jtag cable 'Digilent Basys3 210183624687A' is selected.
14:03:29 INFO  : 'jtag frequency' command is executed.
14:03:29 INFO  : ----------------XSDB Script----------------
connect -url tcp:127.0.0.1:3121
----------------End of Script----------------

14:03:29 INFO  : Memory regions updated for context MicroBlaze #0
14:03:29 INFO  : Memory regions updated for context MicroBlaze #0
14:03:29 INFO  : Launch script is exported to file '/home/manuel/Desktop/LED_Switch/LED_Switch.sdk/.sdk/launch_scripts/xilinx_c-c++_application_(system_debugger)/system_debugger_using_debug_hello_world.elf_on_local.tcl'
14:04:00 INFO  : Connected to target on host '127.0.0.1' and port '3121'.
14:04:00 INFO  : 'targets -set -filter {jtag_cable_name =~ "Digilent Basys3 210183624687A" && level==0} -index 0' command is executed.
14:04:01 INFO  : FPGA configured successfully with bitstream "/home/manuel/Desktop/LED_Switch/LED_Switch.sdk/microblaze_wrapper_hw_platform_0/download.bit"
14:04:08 INFO  : Disconnected from the channel tcfchan#1.
14:04:19 INFO  : 'targets -set -filter {jtag_cable_name =~ "Digilent Basys3 210183624687A" && level==0} -index 0' command is executed.
14:04:19 INFO  : 'fpga -state' command is executed.
14:04:19 INFO  : Connected to target on host '127.0.0.1' and port '3121'.
14:04:19 INFO  : Jtag cable 'Digilent Basys3 210183624687A' is selected.
14:04:19 INFO  : 'jtag frequency' command is executed.
14:04:19 INFO  : ----------------XSDB Script----------------
connect -url tcp:127.0.0.1:3121
----------------End of Script----------------

14:04:19 INFO  : Memory regions updated for context MicroBlaze #0
14:04:19 INFO  : Memory regions updated for context MicroBlaze #0
14:04:19 INFO  : Launch script is exported to file '/home/manuel/Desktop/LED_Switch/LED_Switch.sdk/.sdk/launch_scripts/xilinx_c-c++_application_(system_debugger)/system_debugger_using_debug_hello_world.elf_on_local.tcl'
14:04:35 INFO  : Disconnected from the channel tcfchan#2.
14:04:42 INFO  : 'targets -set -filter {jtag_cable_name =~ "Digilent Basys3 210183624687A" && level==0} -index 0' command is executed.
14:04:42 INFO  : 'fpga -state' command is executed.
14:04:42 INFO  : Connected to target on host '127.0.0.1' and port '3121'.
14:04:42 INFO  : Jtag cable 'Digilent Basys3 210183624687A' is selected.
14:04:42 INFO  : 'jtag frequency' command is executed.
14:04:42 INFO  : ----------------XSDB Script----------------
connect -url tcp:127.0.0.1:3121
----------------End of Script----------------

14:04:42 INFO  : Memory regions updated for context MicroBlaze #0
14:04:42 INFO  : Memory regions updated for context MicroBlaze #0
14:04:42 INFO  : Launch script is exported to file '/home/manuel/Desktop/LED_Switch/LED_Switch.sdk/.sdk/launch_scripts/xilinx_c-c++_application_(system_debugger)/system_debugger_using_debug_hello_world.elf_on_local.tcl'
14:05:09 INFO  : Disconnected from the channel tcfchan#3.
14:05:11 INFO  : 'targets -set -filter {jtag_cable_name =~ "Digilent Basys3 210183624687A" && level==0} -index 0' command is executed.
14:05:11 INFO  : 'fpga -state' command is executed.
14:05:11 INFO  : Connected to target on host '127.0.0.1' and port '3121'.
14:05:11 INFO  : Jtag cable 'Digilent Basys3 210183624687A' is selected.
14:05:11 INFO  : 'jtag frequency' command is executed.
14:05:11 INFO  : ----------------XSDB Script----------------
connect -url tcp:127.0.0.1:3121
----------------End of Script----------------

14:05:11 INFO  : Memory regions updated for context MicroBlaze #0
14:05:11 INFO  : Memory regions updated for context MicroBlaze #0
14:05:11 INFO  : Launch script is exported to file '/home/manuel/Desktop/LED_Switch/LED_Switch.sdk/.sdk/launch_scripts/xilinx_c-c++_application_(system_debugger)/system_debugger_using_debug_hello_world.elf_on_local.tcl'
14:18:03 INFO  : Disconnected from the channel tcfchan#4.
14:18:57 INFO  : Registering command handlers for SDK TCF services
14:18:58 INFO  : Launching XSCT server: xsct -n -interactive /home/manuel/Desktop/LED_Switch/LED_Switch.sdk/temp_xsdb_launch_script.tcl
14:18:59 INFO  : XSCT server has started successfully.
14:18:59 INFO  : Successfully done setting XSCT server connection channel  
14:18:59 INFO  : Successfully done setting SDK workspace  
14:18:59 INFO  : Processing command line option -hwspec /home/manuel/Desktop/LED_Switch/LED_Switch.sdk/microblaze_wrapper.hdf.
14:18:59 INFO  : Checking for hwspec changes in the project microblaze_wrapper_hw_platform_0.
14:27:26 ERROR : (XSDB Server)ERROR: [Hsi 55-1545] Problem running tcl command ::sw_xilisf_v5_9::isf_drc : ERROR: No SPI core is addressable from processor microblaze_0.  XilIsf library requires a SPI Core 

    while executing
"error  "ERROR: No SPI core is addressable from processor $cpuname.  XilIsf library requires a SPI Core \n""
    (procedure "::sw_xilisf_v5_9::isf_drc" line 12)
    invoked from within
"::sw_xilisf_v5_9::isf_drc xilisf"
ERROR: [Hsi 55-1440] Error(s) while running DRCs.

14:27:26 ERROR : (XSDB Server)ERROR: [Hsi 55-1450] Error: running generate_bsp.

14:27:26 ERROR : Error generating bsp sources: Failed in generating sources
14:27:26 ERROR : Failed to regenerate sources for BSP project Hello_world_bsp
org.eclipse.core.runtime.CoreException: Internal error occurred while generating bsp sources. Please check the SDK Log view for further details.
	at com.xilinx.sdk.sw.ui.handlers.RegenBspSourcesHandler.internalGenerateBsp(RegenBspSourcesHandler.java:178)
	at com.xilinx.sdk.sw.ui.handlers.RegenBspSourcesHandler.access$2(RegenBspSourcesHandler.java:163)
	at com.xilinx.sdk.sw.ui.handlers.RegenBspSourcesHandler$1$1.run(RegenBspSourcesHandler.java:131)
	at org.eclipse.core.internal.resources.Workspace.run(Workspace.java:2240)
	at org.eclipse.core.internal.resources.Workspace.run(Workspace.java:2267)
	at com.xilinx.sdk.sw.ui.handlers.RegenBspSourcesHandler$1.run(RegenBspSourcesHandler.java:135)
	at org.eclipse.jface.operation.ModalContext$ModalContextThread.run(ModalContext.java:119)
14:27:37 INFO  : Refreshed build settings on project Hello_world
14:27:52 INFO  : Refreshed build settings on project Hello_world
14:30:15 INFO  : Refreshed build settings on project Hello_world
14:30:35 INFO  : Refreshed build settings on project Hello_world
14:30:48 ERROR : (XSDB Server)ERROR: [Hsi 55-1545] Problem running tcl command ::sw_xilisf_v5_9::isf_drc : ERROR: No SPI core is addressable from processor microblaze_0.  XilIsf library requires a SPI Core 

    while executing
"error  "ERROR: No SPI core is addressable from processor $cpuname.  XilIsf library requires a SPI Core \n""
    (procedure "::sw_xilisf_v5_9::isf_drc" line 12)
    invoked from within
"::sw_xilisf_v5_9::isf_drc xilisf"
ERROR: [Hsi 55-1440] Error(s) while running DRCs.

14:30:48 ERROR : (XSDB Server)ERROR: [Hsi 55-1450] Error: running generate_bsp.

14:30:48 ERROR : Error generating bsp sources: Failed in generating sources
14:30:48 ERROR : Failed to regenerate sources for BSP project Hello_world_bsp
org.eclipse.core.runtime.CoreException: Internal error occurred while generating bsp sources. Please check the SDK Log view for further details.
	at com.xilinx.sdk.sw.ui.handlers.RegenBspSourcesHandler.internalGenerateBsp(RegenBspSourcesHandler.java:178)
	at com.xilinx.sdk.sw.ui.handlers.RegenBspSourcesHandler.access$2(RegenBspSourcesHandler.java:163)
	at com.xilinx.sdk.sw.ui.handlers.RegenBspSourcesHandler$1$1.run(RegenBspSourcesHandler.java:131)
	at org.eclipse.core.internal.resources.Workspace.run(Workspace.java:2240)
	at org.eclipse.core.internal.resources.Workspace.run(Workspace.java:2267)
	at com.xilinx.sdk.sw.ui.handlers.RegenBspSourcesHandler$1.run(RegenBspSourcesHandler.java:135)
	at org.eclipse.jface.operation.ModalContext$ModalContextThread.run(ModalContext.java:119)
14:30:53 INFO  : Refreshed build settings on project Hello_world
14:31:18 INFO  : Refreshed build settings on project Hello_world
14:31:35 INFO  : Refreshed build settings on project Hello_world
14:31:59 INFO  : Refreshed build settings on project Hello_world
14:37:43 INFO  : 'targets -set -filter {jtag_cable_name =~ "Digilent Basys3 210183624687A" && level==0} -index 0' command is executed.
14:37:43 INFO  : 'fpga -state' command is executed.
14:37:43 INFO  : Connected to target on host '127.0.0.1' and port '3121'.
14:37:43 INFO  : Jtag cable 'Digilent Basys3 210183624687A' is selected.
14:37:43 INFO  : 'jtag frequency' command is executed.
14:37:43 INFO  : ----------------XSDB Script----------------
connect -url tcp:127.0.0.1:3121
----------------End of Script----------------

14:37:43 INFO  : Memory regions updated for context MicroBlaze #0
14:37:43 INFO  : Memory regions updated for context MicroBlaze #0
14:37:43 INFO  : Launch script is exported to file '/home/manuel/Desktop/LED_Switch/LED_Switch.sdk/.sdk/launch_scripts/xilinx_c-c++_application_(system_debugger)/system_debugger_using_debug_hello_world.elf_on_local.tcl'
14:42:34 INFO  : Disconnected from the channel tcfchan#1.
14:42:58 INFO  : Registering command handlers for SDK TCF services
14:42:59 INFO  : Launching XSCT server: xsct -n -interactive /home/manuel/Desktop/LED_Switch/LED_Switch.sdk/temp_xsdb_launch_script.tcl
14:43:00 INFO  : XSCT server has started successfully.
14:43:00 INFO  : Successfully done setting XSCT server connection channel  
14:43:00 INFO  : Successfully done setting SDK workspace  
14:43:00 INFO  : Processing command line option -hwspec /home/manuel/Desktop/LED_Switch/LED_Switch.sdk/microblaze_wrapper.hdf.
14:43:00 INFO  : Checking for hwspec changes in the project microblaze_wrapper_hw_platform_0.
14:49:50 INFO  : Registering command handlers for SDK TCF services
14:49:51 INFO  : Launching XSCT server: xsct -n -interactive /home/manuel/Desktop/LED_Switch/LED_Switch.sdk/temp_xsdb_launch_script.tcl
14:49:52 INFO  : XSCT server has started successfully.
14:49:52 INFO  : Successfully done setting XSCT server connection channel  
14:49:52 INFO  : Successfully done setting SDK workspace  
14:49:52 INFO  : Processing command line option -hwspec /home/manuel/Desktop/LED_Switch/LED_Switch.sdk/microblaze_wrapper.hdf.
14:49:52 INFO  : Checking for hwspec changes in the project microblaze_wrapper_hw_platform_0.
14:55:24 INFO  : Connected to target on host '127.0.0.1' and port '3121'.
14:55:25 INFO  : 'targets -set -filter {jtag_cable_name =~ "Digilent Basys3 210183624687A" && level==0} -index 0' command is executed.
14:55:26 INFO  : FPGA configured successfully with bitstream "/home/manuel/Desktop/LED_Switch/LED_Switch.runs/impl_1/microblaze_wrapper.bit"
14:56:11 INFO  : Launching XSCT server: xsct -n -interactive /home/manuel/Desktop/LED_Switch/LED_Switch.sdk/temp_xsdb_launch_script.tcl
14:56:12 INFO  : XSCT server has started successfully.
14:56:12 INFO  : Successfully done setting XSCT server connection channel  
14:56:12 INFO  : Successfully done setting SDK workspace  
14:56:15 INFO  : Registering command handlers for SDK TCF services
14:56:15 INFO  : Processing command line option -hwspec /home/manuel/Desktop/LED_Switch/LED_Switch.sdk/microblaze_wrapper.hdf.
14:57:15 INFO  : Registering command handlers for SDK TCF services
14:57:16 INFO  : Launching XSCT server: xsct -n -interactive /home/manuel/Desktop/LED_Switch/LED_Switch.sdk/temp_xsdb_launch_script.tcl
14:57:17 INFO  : XSCT server has started successfully.
14:57:17 INFO  : Successfully done setting XSCT server connection channel  
14:57:17 INFO  : Successfully done setting SDK workspace  
14:57:17 INFO  : Processing command line option -hwspec /home/manuel/Desktop/LED_Switch/LED_Switch.sdk/microblaze_wrapper.hdf.
14:58:40 INFO  : Connected to target on host '127.0.0.1' and port '3121'.
14:58:40 INFO  : 'targets -set -filter {jtag_cable_name =~ "Digilent Basys3 210183624687A" && level==0} -index 0' command is executed.
14:58:41 INFO  : FPGA configured successfully with bitstream "/home/manuel/Desktop/LED_Switch/LED_Switch.sdk/microblaze_wrapper_hw_platform_0/download.bit"
14:58:50 INFO  : 'targets -set -filter {jtag_cable_name =~ "Digilent Basys3 210183624687A" && level==0} -index 0' command is executed.
14:58:50 INFO  : 'fpga -state' command is executed.
14:58:50 INFO  : Connected to target on host '127.0.0.1' and port '3121'.
14:58:50 INFO  : Jtag cable 'Digilent Basys3 210183624687A' is selected.
14:58:50 INFO  : 'jtag frequency' command is executed.
14:58:50 INFO  : Context for processor 'microblaze_0' is selected.
14:58:50 INFO  : Processor reset is completed for 'microblaze_0'.
14:58:50 INFO  : Context for processor 'microblaze_0' is selected.
14:58:50 INFO  : The application '/home/manuel/Desktop/LED_Switch/LED_Switch.sdk/Hello_world/Debug/Hello_world.elf' is downloaded to processor 'microblaze_0'.
14:58:50 INFO  : ----------------XSDB Script----------------
connect -url tcp:127.0.0.1:3121
targets -set -nocase -filter {name =~ "microblaze*#0" && bscan=="USER2"  && jtag_cable_name =~ "Digilent Basys3 210183624687A"} -index 0
rst -processor
targets -set -nocase -filter {name =~ "microblaze*#0" && bscan=="USER2"  && jtag_cable_name =~ "Digilent Basys3 210183624687A"} -index 0
dow /home/manuel/Desktop/LED_Switch/LED_Switch.sdk/Hello_world/Debug/Hello_world.elf
----------------End of Script----------------

14:58:50 INFO  : Memory regions updated for context MicroBlaze #0
14:58:50 INFO  : Memory regions updated for context MicroBlaze #0
14:58:50 INFO  : Context for processor 'microblaze_0' is selected.
14:58:50 INFO  : 'con' command is executed.
14:58:50 INFO  : ----------------XSDB Script (After Launch)----------------
targets -set -nocase -filter {name =~ "microblaze*#0" && bscan=="USER2"  && jtag_cable_name =~ "Digilent Basys3 210183624687A"} -index 0
con
----------------End of Script----------------

14:58:50 INFO  : Launch script is exported to file '/home/manuel/Desktop/LED_Switch/LED_Switch.sdk/.sdk/launch_scripts/xilinx_c-c++_application_(system_debugger)/system_debugger_using_debug_hello_world.elf_on_local.tcl'
14:59:23 INFO  : Disconnected from the channel tcfchan#1.
14:59:46 INFO  : 'targets -set -filter {jtag_cable_name =~ "Digilent Basys3 210183624687A" && level==0} -index 0' command is executed.
14:59:46 INFO  : 'fpga -state' command is executed.
14:59:46 INFO  : Connected to target on host '127.0.0.1' and port '3121'.
14:59:46 INFO  : Jtag cable 'Digilent Basys3 210183624687A' is selected.
14:59:46 INFO  : 'jtag frequency' command is executed.
14:59:46 INFO  : Context for processor 'microblaze_0' is selected.
14:59:46 INFO  : Processor reset is completed for 'microblaze_0'.
14:59:46 INFO  : Context for processor 'microblaze_0' is selected.
14:59:46 INFO  : The application '/home/manuel/Desktop/LED_Switch/LED_Switch.sdk/Hello_world/Debug/Hello_world.elf' is downloaded to processor 'microblaze_0'.
14:59:46 INFO  : ----------------XSDB Script----------------
connect -url tcp:127.0.0.1:3121
targets -set -nocase -filter {name =~ "microblaze*#0" && bscan=="USER2"  && jtag_cable_name =~ "Digilent Basys3 210183624687A"} -index 0
rst -processor
targets -set -nocase -filter {name =~ "microblaze*#0" && bscan=="USER2"  && jtag_cable_name =~ "Digilent Basys3 210183624687A"} -index 0
dow /home/manuel/Desktop/LED_Switch/LED_Switch.sdk/Hello_world/Debug/Hello_world.elf
----------------End of Script----------------

14:59:46 INFO  : Memory regions updated for context MicroBlaze #0
14:59:46 INFO  : Memory regions updated for context MicroBlaze #0
14:59:46 INFO  : Context for processor 'microblaze_0' is selected.
14:59:46 INFO  : 'con' command is executed.
14:59:46 INFO  : ----------------XSDB Script (After Launch)----------------
targets -set -nocase -filter {name =~ "microblaze*#0" && bscan=="USER2"  && jtag_cable_name =~ "Digilent Basys3 210183624687A"} -index 0
con
----------------End of Script----------------

14:59:46 INFO  : Launch script is exported to file '/home/manuel/Desktop/LED_Switch/LED_Switch.sdk/.sdk/launch_scripts/xilinx_c-c++_application_(system_debugger)/system_debugger_using_debug_hello_world.elf_on_local.tcl'
15:00:03 INFO  : Disconnected from the channel tcfchan#2.
15:00:16 INFO  : 'targets -set -filter {jtag_cable_name =~ "Digilent Basys3 210183624687A" && level==0} -index 0' command is executed.
15:00:16 INFO  : 'fpga -state' command is executed.
15:00:16 INFO  : Connected to target on host '127.0.0.1' and port '3121'.
15:00:16 INFO  : Jtag cable 'Digilent Basys3 210183624687A' is selected.
15:00:16 INFO  : 'jtag frequency' command is executed.
15:00:16 INFO  : Context for processor 'microblaze_0' is selected.
15:00:16 INFO  : Processor reset is completed for 'microblaze_0'.
15:00:16 INFO  : Context for processor 'microblaze_0' is selected.
15:00:16 INFO  : The application '/home/manuel/Desktop/LED_Switch/LED_Switch.sdk/Hello_world/Debug/Hello_world.elf' is downloaded to processor 'microblaze_0'.
15:00:16 INFO  : ----------------XSDB Script----------------
connect -url tcp:127.0.0.1:3121
targets -set -nocase -filter {name =~ "microblaze*#0" && bscan=="USER2"  && jtag_cable_name =~ "Digilent Basys3 210183624687A"} -index 0
rst -processor
targets -set -nocase -filter {name =~ "microblaze*#0" && bscan=="USER2"  && jtag_cable_name =~ "Digilent Basys3 210183624687A"} -index 0
dow /home/manuel/Desktop/LED_Switch/LED_Switch.sdk/Hello_world/Debug/Hello_world.elf
----------------End of Script----------------

15:00:16 INFO  : Memory regions updated for context MicroBlaze #0
15:00:16 INFO  : Memory regions updated for context MicroBlaze #0
15:00:16 INFO  : Context for processor 'microblaze_0' is selected.
15:00:16 INFO  : 'con' command is executed.
15:00:16 INFO  : ----------------XSDB Script (After Launch)----------------
targets -set -nocase -filter {name =~ "microblaze*#0" && bscan=="USER2"  && jtag_cable_name =~ "Digilent Basys3 210183624687A"} -index 0
con
----------------End of Script----------------

15:00:16 INFO  : Launch script is exported to file '/home/manuel/Desktop/LED_Switch/LED_Switch.sdk/.sdk/launch_scripts/xilinx_c-c++_application_(system_debugger)/system_debugger_using_debug_hello_world.elf_on_local.tcl'
15:00:22 INFO  : Disconnected from the channel tcfchan#3.
15:00:24 INFO  : 'targets -set -filter {jtag_cable_name =~ "Digilent Basys3 210183624687A" && level==0} -index 0' command is executed.
15:00:24 INFO  : 'fpga -state' command is executed.
15:00:24 INFO  : Connected to target on host '127.0.0.1' and port '3121'.
15:00:24 INFO  : Jtag cable 'Digilent Basys3 210183624687A' is selected.
15:00:24 INFO  : 'jtag frequency' command is executed.
15:00:24 INFO  : Context for processor 'microblaze_0' is selected.
15:00:24 INFO  : Processor reset is completed for 'microblaze_0'.
15:00:24 INFO  : Context for processor 'microblaze_0' is selected.
15:00:24 INFO  : The application '/home/manuel/Desktop/LED_Switch/LED_Switch.sdk/Hello_world/Debug/Hello_world.elf' is downloaded to processor 'microblaze_0'.
15:00:24 INFO  : ----------------XSDB Script----------------
connect -url tcp:127.0.0.1:3121
targets -set -nocase -filter {name =~ "microblaze*#0" && bscan=="USER2"  && jtag_cable_name =~ "Digilent Basys3 210183624687A"} -index 0
rst -processor
targets -set -nocase -filter {name =~ "microblaze*#0" && bscan=="USER2"  && jtag_cable_name =~ "Digilent Basys3 210183624687A"} -index 0
dow /home/manuel/Desktop/LED_Switch/LED_Switch.sdk/Hello_world/Debug/Hello_world.elf
----------------End of Script----------------

15:00:24 INFO  : Memory regions updated for context MicroBlaze #0
15:00:24 INFO  : Memory regions updated for context MicroBlaze #0
15:00:24 INFO  : Context for processor 'microblaze_0' is selected.
15:00:24 INFO  : 'con' command is executed.
15:00:24 INFO  : ----------------XSDB Script (After Launch)----------------
targets -set -nocase -filter {name =~ "microblaze*#0" && bscan=="USER2"  && jtag_cable_name =~ "Digilent Basys3 210183624687A"} -index 0
con
----------------End of Script----------------

15:00:24 INFO  : Launch script is exported to file '/home/manuel/Desktop/LED_Switch/LED_Switch.sdk/.sdk/launch_scripts/xilinx_c-c++_application_(system_debugger)/system_debugger_using_debug_hello_world.elf_on_local.tcl'
15:00:26 INFO  : Disconnected from the channel tcfchan#4.
15:00:36 INFO  : 'targets -set -filter {jtag_cable_name =~ "Digilent Basys3 210183624687A" && level==0} -index 0' command is executed.
15:00:36 INFO  : 'fpga -state' command is executed.
15:00:36 INFO  : Connected to target on host '127.0.0.1' and port '3121'.
15:00:36 INFO  : Jtag cable 'Digilent Basys3 210183624687A' is selected.
15:00:36 INFO  : 'jtag frequency' command is executed.
15:00:36 INFO  : Context for processor 'microblaze_0' is selected.
15:00:36 INFO  : Processor reset is completed for 'microblaze_0'.
15:00:36 INFO  : Context for processor 'microblaze_0' is selected.
15:00:36 INFO  : The application '/home/manuel/Desktop/LED_Switch/LED_Switch.sdk/Hello_world/Debug/Hello_world.elf' is downloaded to processor 'microblaze_0'.
15:00:36 INFO  : ----------------XSDB Script----------------
connect -url tcp:127.0.0.1:3121
targets -set -nocase -filter {name =~ "microblaze*#0" && bscan=="USER2"  && jtag_cable_name =~ "Digilent Basys3 210183624687A"} -index 0
rst -processor
targets -set -nocase -filter {name =~ "microblaze*#0" && bscan=="USER2"  && jtag_cable_name =~ "Digilent Basys3 210183624687A"} -index 0
dow /home/manuel/Desktop/LED_Switch/LED_Switch.sdk/Hello_world/Debug/Hello_world.elf
----------------End of Script----------------

15:00:36 INFO  : Memory regions updated for context MicroBlaze #0
15:00:36 INFO  : Memory regions updated for context MicroBlaze #0
15:00:36 INFO  : Context for processor 'microblaze_0' is selected.
15:00:36 INFO  : 'con' command is executed.
15:00:36 INFO  : ----------------XSDB Script (After Launch)----------------
targets -set -nocase -filter {name =~ "microblaze*#0" && bscan=="USER2"  && jtag_cable_name =~ "Digilent Basys3 210183624687A"} -index 0
con
----------------End of Script----------------

15:00:36 INFO  : Launch script is exported to file '/home/manuel/Desktop/LED_Switch/LED_Switch.sdk/.sdk/launch_scripts/xilinx_c-c++_application_(system_debugger)/system_debugger_using_debug_hello_world.elf_on_local.tcl'
15:00:46 INFO  : Disconnected from the channel tcfchan#5.
15:00:47 INFO  : 'targets -set -filter {jtag_cable_name =~ "Digilent Basys3 210183624687A" && level==0} -index 0' command is executed.
15:00:47 INFO  : 'fpga -state' command is executed.
15:00:47 INFO  : Connected to target on host '127.0.0.1' and port '3121'.
15:00:47 INFO  : Jtag cable 'Digilent Basys3 210183624687A' is selected.
15:00:47 INFO  : 'jtag frequency' command is executed.
15:00:47 INFO  : Context for processor 'microblaze_0' is selected.
15:00:47 INFO  : Processor reset is completed for 'microblaze_0'.
15:00:47 INFO  : Context for processor 'microblaze_0' is selected.
15:00:47 INFO  : The application '/home/manuel/Desktop/LED_Switch/LED_Switch.sdk/Hello_world/Debug/Hello_world.elf' is downloaded to processor 'microblaze_0'.
15:00:47 INFO  : ----------------XSDB Script----------------
connect -url tcp:127.0.0.1:3121
targets -set -nocase -filter {name =~ "microblaze*#0" && bscan=="USER2"  && jtag_cable_name =~ "Digilent Basys3 210183624687A"} -index 0
rst -processor
targets -set -nocase -filter {name =~ "microblaze*#0" && bscan=="USER2"  && jtag_cable_name =~ "Digilent Basys3 210183624687A"} -index 0
dow /home/manuel/Desktop/LED_Switch/LED_Switch.sdk/Hello_world/Debug/Hello_world.elf
----------------End of Script----------------

15:00:47 INFO  : Memory regions updated for context MicroBlaze #0
15:00:47 INFO  : Memory regions updated for context MicroBlaze #0
15:00:47 INFO  : Context for processor 'microblaze_0' is selected.
15:00:47 INFO  : 'con' command is executed.
15:00:47 INFO  : ----------------XSDB Script (After Launch)----------------
targets -set -nocase -filter {name =~ "microblaze*#0" && bscan=="USER2"  && jtag_cable_name =~ "Digilent Basys3 210183624687A"} -index 0
con
----------------End of Script----------------

15:00:47 INFO  : Launch script is exported to file '/home/manuel/Desktop/LED_Switch/LED_Switch.sdk/.sdk/launch_scripts/xilinx_c-c++_application_(system_debugger)/system_debugger_using_debug_hello_world.elf_on_local.tcl'
15:08:53 INFO  : Disconnected from the channel tcfchan#6.
15:08:54 INFO  : 'targets -set -filter {jtag_cable_name =~ "Digilent Basys3 210183624687A" && level==0} -index 0' command is executed.
15:08:54 INFO  : 'fpga -state' command is executed.
15:08:54 INFO  : Connected to target on host '127.0.0.1' and port '3121'.
15:08:54 INFO  : Jtag cable 'Digilent Basys3 210183624687A' is selected.
15:08:54 INFO  : 'jtag frequency' command is executed.
15:08:54 INFO  : Context for processor 'microblaze_0' is selected.
15:08:54 INFO  : Processor reset is completed for 'microblaze_0'.
15:08:54 INFO  : Context for processor 'microblaze_0' is selected.
15:08:54 INFO  : The application '/home/manuel/Desktop/LED_Switch/LED_Switch.sdk/Hello_world/Debug/Hello_world.elf' is downloaded to processor 'microblaze_0'.
15:08:54 INFO  : ----------------XSDB Script----------------
connect -url tcp:127.0.0.1:3121
targets -set -nocase -filter {name =~ "microblaze*#0" && bscan=="USER2"  && jtag_cable_name =~ "Digilent Basys3 210183624687A"} -index 0
rst -processor
targets -set -nocase -filter {name =~ "microblaze*#0" && bscan=="USER2"  && jtag_cable_name =~ "Digilent Basys3 210183624687A"} -index 0
dow /home/manuel/Desktop/LED_Switch/LED_Switch.sdk/Hello_world/Debug/Hello_world.elf
----------------End of Script----------------

15:08:54 INFO  : Memory regions updated for context MicroBlaze #0
15:08:54 INFO  : Memory regions updated for context MicroBlaze #0
15:08:54 INFO  : Context for processor 'microblaze_0' is selected.
15:08:54 INFO  : 'con' command is executed.
15:08:54 INFO  : ----------------XSDB Script (After Launch)----------------
targets -set -nocase -filter {name =~ "microblaze*#0" && bscan=="USER2"  && jtag_cable_name =~ "Digilent Basys3 210183624687A"} -index 0
con
----------------End of Script----------------

15:08:54 INFO  : Launch script is exported to file '/home/manuel/Desktop/LED_Switch/LED_Switch.sdk/.sdk/launch_scripts/xilinx_c-c++_application_(system_debugger)/system_debugger_using_debug_hello_world.elf_on_local.tcl'
15:22:39 INFO  : Disconnected from the channel tcfchan#7.
15:22:40 INFO  : 'targets -set -filter {jtag_cable_name =~ "Digilent Basys3 210183624687A" && level==0} -index 0' command is executed.
15:22:40 INFO  : 'fpga -state' command is executed.
15:22:40 INFO  : Connected to target on host '127.0.0.1' and port '3121'.
15:22:40 INFO  : Jtag cable 'Digilent Basys3 210183624687A' is selected.
15:22:40 INFO  : 'jtag frequency' command is executed.
15:22:40 INFO  : Context for processor 'microblaze_0' is selected.
15:22:40 INFO  : Processor reset is completed for 'microblaze_0'.
15:22:40 INFO  : Context for processor 'microblaze_0' is selected.
15:22:40 INFO  : The application '/home/manuel/Desktop/LED_Switch/LED_Switch.sdk/Hello_world/Debug/Hello_world.elf' is downloaded to processor 'microblaze_0'.
15:22:40 INFO  : ----------------XSDB Script----------------
connect -url tcp:127.0.0.1:3121
targets -set -nocase -filter {name =~ "microblaze*#0" && bscan=="USER2"  && jtag_cable_name =~ "Digilent Basys3 210183624687A"} -index 0
rst -processor
targets -set -nocase -filter {name =~ "microblaze*#0" && bscan=="USER2"  && jtag_cable_name =~ "Digilent Basys3 210183624687A"} -index 0
dow /home/manuel/Desktop/LED_Switch/LED_Switch.sdk/Hello_world/Debug/Hello_world.elf
----------------End of Script----------------

15:22:40 INFO  : Memory regions updated for context MicroBlaze #0
15:22:40 INFO  : Memory regions updated for context MicroBlaze #0
15:22:40 INFO  : Context for processor 'microblaze_0' is selected.
15:22:40 INFO  : 'con' command is executed.
15:22:40 INFO  : ----------------XSDB Script (After Launch)----------------
targets -set -nocase -filter {name =~ "microblaze*#0" && bscan=="USER2"  && jtag_cable_name =~ "Digilent Basys3 210183624687A"} -index 0
con
----------------End of Script----------------

15:22:40 INFO  : Launch script is exported to file '/home/manuel/Desktop/LED_Switch/LED_Switch.sdk/.sdk/launch_scripts/xilinx_c-c++_application_(system_debugger)/system_debugger_using_debug_hello_world.elf_on_local.tcl'
16:02:52 INFO  : Disconnected from the channel tcfchan#8.
16:03:14 INFO  : 'targets -set -filter {jtag_cable_name =~ "Digilent Basys3 210183624687A" && level==0} -index 0' command is executed.
16:03:14 INFO  : 'fpga -state' command is executed.
16:03:14 INFO  : Connected to target on host '127.0.0.1' and port '3121'.
16:03:14 INFO  : Jtag cable 'Digilent Basys3 210183624687A' is selected.
16:03:14 INFO  : 'jtag frequency' command is executed.
16:03:14 INFO  : Context for processor 'microblaze_0' is selected.
16:03:14 INFO  : Processor reset is completed for 'microblaze_0'.
16:03:14 INFO  : Context for processor 'microblaze_0' is selected.
16:03:14 INFO  : The application '/home/manuel/Desktop/LED_Switch/LED_Switch.sdk/Hello_world/Debug/Hello_world.elf' is downloaded to processor 'microblaze_0'.
16:03:14 INFO  : ----------------XSDB Script----------------
connect -url tcp:127.0.0.1:3121
targets -set -nocase -filter {name =~ "microblaze*#0" && bscan=="USER2"  && jtag_cable_name =~ "Digilent Basys3 210183624687A"} -index 0
rst -processor
targets -set -nocase -filter {name =~ "microblaze*#0" && bscan=="USER2"  && jtag_cable_name =~ "Digilent Basys3 210183624687A"} -index 0
dow /home/manuel/Desktop/LED_Switch/LED_Switch.sdk/Hello_world/Debug/Hello_world.elf
----------------End of Script----------------

16:03:14 INFO  : Memory regions updated for context MicroBlaze #0
16:03:14 INFO  : Memory regions updated for context MicroBlaze #0
16:03:14 INFO  : Context for processor 'microblaze_0' is selected.
16:03:14 INFO  : 'con' command is executed.
16:03:14 INFO  : ----------------XSDB Script (After Launch)----------------
targets -set -nocase -filter {name =~ "microblaze*#0" && bscan=="USER2"  && jtag_cable_name =~ "Digilent Basys3 210183624687A"} -index 0
con
----------------End of Script----------------

16:03:14 INFO  : Launch script is exported to file '/home/manuel/Desktop/LED_Switch/LED_Switch.sdk/.sdk/launch_scripts/xilinx_c-c++_application_(system_debugger)/system_debugger_using_debug_hello_world.elf_on_local.tcl'
16:04:11 INFO  : Disconnected from the channel tcfchan#9.
16:04:21 INFO  : 'targets -set -filter {jtag_cable_name =~ "Digilent Basys3 210183624687A" && level==0} -index 0' command is executed.
16:04:21 INFO  : 'fpga -state' command is executed.
16:04:21 INFO  : Connected to target on host '127.0.0.1' and port '3121'.
16:04:21 INFO  : Jtag cable 'Digilent Basys3 210183624687A' is selected.
16:04:21 INFO  : 'jtag frequency' command is executed.
16:04:21 INFO  : Context for processor 'microblaze_0' is selected.
16:04:21 INFO  : Processor reset is completed for 'microblaze_0'.
16:04:21 INFO  : Context for processor 'microblaze_0' is selected.
16:04:21 INFO  : The application '/home/manuel/Desktop/LED_Switch/LED_Switch.sdk/Hello_world/Debug/Hello_world.elf' is downloaded to processor 'microblaze_0'.
16:04:21 INFO  : ----------------XSDB Script----------------
connect -url tcp:127.0.0.1:3121
targets -set -nocase -filter {name =~ "microblaze*#0" && bscan=="USER2"  && jtag_cable_name =~ "Digilent Basys3 210183624687A"} -index 0
rst -processor
targets -set -nocase -filter {name =~ "microblaze*#0" && bscan=="USER2"  && jtag_cable_name =~ "Digilent Basys3 210183624687A"} -index 0
dow /home/manuel/Desktop/LED_Switch/LED_Switch.sdk/Hello_world/Debug/Hello_world.elf
----------------End of Script----------------

16:04:21 INFO  : Memory regions updated for context MicroBlaze #0
16:04:21 INFO  : Memory regions updated for context MicroBlaze #0
16:04:21 INFO  : Context for processor 'microblaze_0' is selected.
16:04:21 INFO  : 'con' command is executed.
16:04:21 INFO  : ----------------XSDB Script (After Launch)----------------
targets -set -nocase -filter {name =~ "microblaze*#0" && bscan=="USER2"  && jtag_cable_name =~ "Digilent Basys3 210183624687A"} -index 0
con
----------------End of Script----------------

16:04:21 INFO  : Launch script is exported to file '/home/manuel/Desktop/LED_Switch/LED_Switch.sdk/.sdk/launch_scripts/xilinx_c-c++_application_(system_debugger)/system_debugger_using_debug_hello_world.elf_on_local.tcl'
16:04:26 INFO  : Disconnected from the channel tcfchan#10.
16:04:27 INFO  : 'targets -set -filter {jtag_cable_name =~ "Digilent Basys3 210183624687A" && level==0} -index 0' command is executed.
16:04:27 INFO  : 'fpga -state' command is executed.
16:04:27 INFO  : Connected to target on host '127.0.0.1' and port '3121'.
16:04:27 INFO  : Jtag cable 'Digilent Basys3 210183624687A' is selected.
16:04:27 INFO  : 'jtag frequency' command is executed.
16:04:27 INFO  : Context for processor 'microblaze_0' is selected.
16:04:27 INFO  : Processor reset is completed for 'microblaze_0'.
16:04:27 INFO  : Context for processor 'microblaze_0' is selected.
16:04:27 INFO  : The application '/home/manuel/Desktop/LED_Switch/LED_Switch.sdk/Hello_world/Debug/Hello_world.elf' is downloaded to processor 'microblaze_0'.
16:04:27 INFO  : ----------------XSDB Script----------------
connect -url tcp:127.0.0.1:3121
targets -set -nocase -filter {name =~ "microblaze*#0" && bscan=="USER2"  && jtag_cable_name =~ "Digilent Basys3 210183624687A"} -index 0
rst -processor
targets -set -nocase -filter {name =~ "microblaze*#0" && bscan=="USER2"  && jtag_cable_name =~ "Digilent Basys3 210183624687A"} -index 0
dow /home/manuel/Desktop/LED_Switch/LED_Switch.sdk/Hello_world/Debug/Hello_world.elf
----------------End of Script----------------

16:04:27 INFO  : Memory regions updated for context MicroBlaze #0
16:04:27 INFO  : Memory regions updated for context MicroBlaze #0
16:04:27 INFO  : Context for processor 'microblaze_0' is selected.
16:04:27 INFO  : 'con' command is executed.
16:04:27 INFO  : ----------------XSDB Script (After Launch)----------------
targets -set -nocase -filter {name =~ "microblaze*#0" && bscan=="USER2"  && jtag_cable_name =~ "Digilent Basys3 210183624687A"} -index 0
con
----------------End of Script----------------

16:04:27 INFO  : Launch script is exported to file '/home/manuel/Desktop/LED_Switch/LED_Switch.sdk/.sdk/launch_scripts/xilinx_c-c++_application_(system_debugger)/system_debugger_using_debug_hello_world.elf_on_local.tcl'
16:04:41 INFO  : Disconnected from the channel tcfchan#11.
16:04:42 INFO  : 'targets -set -filter {jtag_cable_name =~ "Digilent Basys3 210183624687A" && level==0} -index 0' command is executed.
16:04:42 INFO  : 'fpga -state' command is executed.
16:04:42 INFO  : Connected to target on host '127.0.0.1' and port '3121'.
16:04:42 INFO  : Jtag cable 'Digilent Basys3 210183624687A' is selected.
16:04:42 INFO  : 'jtag frequency' command is executed.
16:04:42 INFO  : Context for processor 'microblaze_0' is selected.
16:04:42 INFO  : Processor reset is completed for 'microblaze_0'.
16:04:42 INFO  : Context for processor 'microblaze_0' is selected.
16:04:42 INFO  : The application '/home/manuel/Desktop/LED_Switch/LED_Switch.sdk/Hello_world/Debug/Hello_world.elf' is downloaded to processor 'microblaze_0'.
16:04:42 INFO  : ----------------XSDB Script----------------
connect -url tcp:127.0.0.1:3121
targets -set -nocase -filter {name =~ "microblaze*#0" && bscan=="USER2"  && jtag_cable_name =~ "Digilent Basys3 210183624687A"} -index 0
rst -processor
targets -set -nocase -filter {name =~ "microblaze*#0" && bscan=="USER2"  && jtag_cable_name =~ "Digilent Basys3 210183624687A"} -index 0
dow /home/manuel/Desktop/LED_Switch/LED_Switch.sdk/Hello_world/Debug/Hello_world.elf
----------------End of Script----------------

16:04:42 INFO  : Memory regions updated for context MicroBlaze #0
16:04:42 INFO  : Memory regions updated for context MicroBlaze #0
16:04:43 INFO  : Context for processor 'microblaze_0' is selected.
16:04:43 INFO  : 'con' command is executed.
16:04:43 INFO  : ----------------XSDB Script (After Launch)----------------
targets -set -nocase -filter {name =~ "microblaze*#0" && bscan=="USER2"  && jtag_cable_name =~ "Digilent Basys3 210183624687A"} -index 0
con
----------------End of Script----------------

16:04:43 INFO  : Launch script is exported to file '/home/manuel/Desktop/LED_Switch/LED_Switch.sdk/.sdk/launch_scripts/xilinx_c-c++_application_(system_debugger)/system_debugger_using_debug_hello_world.elf_on_local.tcl'
16:54:19 INFO  : Disconnected from the channel tcfchan#12.
