
*** Running vivado
    with args -log microblaze_wrapper.vds -m64 -product Vivado -mode batch -messageDb vivado.pb -notrace -source microblaze_wrapper.tcl


****** Vivado v2017.4 (64-bit)
  **** SW Build 2086221 on Fri Dec 15 20:54:30 MST 2017
  **** IP Build 2085800 on Fri Dec 15 22:25:07 MST 2017
    ** Copyright 1986-2017 Xilinx, Inc. All Rights Reserved.

source microblaze_wrapper.tcl -notrace
INFO: [IP_Flow 19-234] Refreshing IP repositories
INFO: [IP_Flow 19-1704] No user IP repositories specified
INFO: [IP_Flow 19-2313] Loaded Vivado IP repository '/opt/Xilinx/Vivado/2017.4/data/ip'.
Command: synth_design -top microblaze_wrapper -part xc7a35tcpg236-1
Starting synth_design
Attempting to get a license for feature 'Synthesis' and/or device 'xc7a35t'
INFO: [Common 17-349] Got license for feature 'Synthesis' and/or device 'xc7a35t'
INFO: Launching helper process for spawning children vivado processes
INFO: Helper process launched with PID 14009 
---------------------------------------------------------------------------------
Starting RTL Elaboration : Time (s): cpu = 00:00:06 ; elapsed = 00:00:07 . Memory (MB): peak = 1296.355 ; gain = 89.992 ; free physical = 56464 ; free virtual = 61159
---------------------------------------------------------------------------------
INFO: [Synth 8-638] synthesizing module 'microblaze_wrapper' [/home/manuel/Desktop/LED_Switch/LED_Switch.srcs/sources_1/bd/microblaze/hdl/microblaze_wrapper.v:12]
INFO: [Synth 8-638] synthesizing module 'IOBUF' [/opt/Xilinx/Vivado/2017.4/scripts/rt/data/unisim_comp.v:22655]
	Parameter DRIVE bound to: 12 - type: integer 
	Parameter IBUF_LOW_PWR bound to: TRUE - type: string 
	Parameter IOSTANDARD bound to: DEFAULT - type: string 
	Parameter SLEW bound to: SLOW - type: string 
INFO: [Synth 8-256] done synthesizing module 'IOBUF' (1#1) [/opt/Xilinx/Vivado/2017.4/scripts/rt/data/unisim_comp.v:22655]
INFO: [Synth 8-638] synthesizing module 'microblaze' [/home/manuel/Desktop/LED_Switch/LED_Switch.srcs/sources_1/bd/microblaze/synth/microblaze.v:277]
INFO: [Synth 8-638] synthesizing module 'microblaze_axi_gpio_0_1' [/home/manuel/Desktop/LED_Switch/LED_Switch.runs/synth_1/.Xil/Vivado-13982-pop-os/realtime/microblaze_axi_gpio_0_1_stub.v:6]
INFO: [Synth 8-256] done synthesizing module 'microblaze_axi_gpio_0_1' (2#1) [/home/manuel/Desktop/LED_Switch/LED_Switch.runs/synth_1/.Xil/Vivado-13982-pop-os/realtime/microblaze_axi_gpio_0_1_stub.v:6]
INFO: [Synth 8-638] synthesizing module 'microblaze_axi_uartlite_0_0' [/home/manuel/Desktop/LED_Switch/LED_Switch.runs/synth_1/.Xil/Vivado-13982-pop-os/realtime/microblaze_axi_uartlite_0_0_stub.v:6]
INFO: [Synth 8-256] done synthesizing module 'microblaze_axi_uartlite_0_0' (3#1) [/home/manuel/Desktop/LED_Switch/LED_Switch.runs/synth_1/.Xil/Vivado-13982-pop-os/realtime/microblaze_axi_uartlite_0_0_stub.v:6]
WARNING: [Synth 8-350] instance 'axi_uartlite_0' of module 'microblaze_axi_uartlite_0_0' requires 22 connections, but only 21 given [/home/manuel/Desktop/LED_Switch/LED_Switch.srcs/sources_1/bd/microblaze/synth/microblaze.v:424]
INFO: [Synth 8-638] synthesizing module 'microblaze_clk_wiz_0_0' [/home/manuel/Desktop/LED_Switch/LED_Switch.runs/synth_1/.Xil/Vivado-13982-pop-os/realtime/microblaze_clk_wiz_0_0_stub.v:5]
INFO: [Synth 8-256] done synthesizing module 'microblaze_clk_wiz_0_0' (4#1) [/home/manuel/Desktop/LED_Switch/LED_Switch.runs/synth_1/.Xil/Vivado-13982-pop-os/realtime/microblaze_clk_wiz_0_0_stub.v:5]
INFO: [Synth 8-638] synthesizing module 'microblaze_mdm_1_0' [/home/manuel/Desktop/LED_Switch/LED_Switch.runs/synth_1/.Xil/Vivado-13982-pop-os/realtime/microblaze_mdm_1_0_stub.v:6]
INFO: [Synth 8-256] done synthesizing module 'microblaze_mdm_1_0' (5#1) [/home/manuel/Desktop/LED_Switch/LED_Switch.runs/synth_1/.Xil/Vivado-13982-pop-os/realtime/microblaze_mdm_1_0_stub.v:6]
INFO: [Synth 8-638] synthesizing module 'microblaze_microblaze_0_0' [/home/manuel/Desktop/LED_Switch/LED_Switch.runs/synth_1/.Xil/Vivado-13982-pop-os/realtime/microblaze_microblaze_0_0_stub.v:6]
INFO: [Synth 8-256] done synthesizing module 'microblaze_microblaze_0_0' (6#1) [/home/manuel/Desktop/LED_Switch/LED_Switch.runs/synth_1/.Xil/Vivado-13982-pop-os/realtime/microblaze_microblaze_0_0_stub.v:6]
WARNING: [Synth 8-350] instance 'microblaze_0' of module 'microblaze_microblaze_0_0' requires 52 connections, but only 51 given [/home/manuel/Desktop/LED_Switch/LED_Switch.srcs/sources_1/bd/microblaze/synth/microblaze.v:464]
INFO: [Synth 8-638] synthesizing module 'microblaze_microblaze_0_axi_periph_0' [/home/manuel/Desktop/LED_Switch/LED_Switch.srcs/sources_1/bd/microblaze/synth/microblaze.v:846]
INFO: [Synth 8-638] synthesizing module 'm00_couplers_imp_2SZHJX' [/home/manuel/Desktop/LED_Switch/LED_Switch.srcs/sources_1/bd/microblaze/synth/microblaze.v:12]
INFO: [Synth 8-256] done synthesizing module 'm00_couplers_imp_2SZHJX' (7#1) [/home/manuel/Desktop/LED_Switch/LED_Switch.srcs/sources_1/bd/microblaze/synth/microblaze.v:12]
INFO: [Synth 8-638] synthesizing module 'm01_couplers_imp_UXJV17' [/home/manuel/Desktop/LED_Switch/LED_Switch.srcs/sources_1/bd/microblaze/synth/microblaze.v:144]
INFO: [Synth 8-256] done synthesizing module 'm01_couplers_imp_UXJV17' (8#1) [/home/manuel/Desktop/LED_Switch/LED_Switch.srcs/sources_1/bd/microblaze/synth/microblaze.v:144]
INFO: [Synth 8-638] synthesizing module 's00_couplers_imp_SYAVRW' [/home/manuel/Desktop/LED_Switch/LED_Switch.srcs/sources_1/bd/microblaze/synth/microblaze.v:1308]
INFO: [Synth 8-256] done synthesizing module 's00_couplers_imp_SYAVRW' (9#1) [/home/manuel/Desktop/LED_Switch/LED_Switch.srcs/sources_1/bd/microblaze/synth/microblaze.v:1308]
INFO: [Synth 8-638] synthesizing module 'microblaze_xbar_0' [/home/manuel/Desktop/LED_Switch/LED_Switch.runs/synth_1/.Xil/Vivado-13982-pop-os/realtime/microblaze_xbar_0_stub.v:6]
INFO: [Synth 8-256] done synthesizing module 'microblaze_xbar_0' (10#1) [/home/manuel/Desktop/LED_Switch/LED_Switch.runs/synth_1/.Xil/Vivado-13982-pop-os/realtime/microblaze_xbar_0_stub.v:6]
WARNING: [Synth 8-350] instance 'xbar' of module 'microblaze_xbar_0' requires 40 connections, but only 38 given [/home/manuel/Desktop/LED_Switch/LED_Switch.srcs/sources_1/bd/microblaze/synth/microblaze.v:1267]
INFO: [Synth 8-256] done synthesizing module 'microblaze_microblaze_0_axi_periph_0' (11#1) [/home/manuel/Desktop/LED_Switch/LED_Switch.srcs/sources_1/bd/microblaze/synth/microblaze.v:846]
INFO: [Synth 8-638] synthesizing module 'microblaze_0_local_memory_imp_HPR3PZ' [/home/manuel/Desktop/LED_Switch/LED_Switch.srcs/sources_1/bd/microblaze/synth/microblaze.v:612]
INFO: [Synth 8-638] synthesizing module 'microblaze_dlmb_bram_if_cntlr_0' [/home/manuel/Desktop/LED_Switch/LED_Switch.runs/synth_1/.Xil/Vivado-13982-pop-os/realtime/microblaze_dlmb_bram_if_cntlr_0_stub.v:6]
INFO: [Synth 8-256] done synthesizing module 'microblaze_dlmb_bram_if_cntlr_0' (12#1) [/home/manuel/Desktop/LED_Switch/LED_Switch.runs/synth_1/.Xil/Vivado-13982-pop-os/realtime/microblaze_dlmb_bram_if_cntlr_0_stub.v:6]
INFO: [Synth 8-638] synthesizing module 'microblaze_dlmb_v10_0' [/home/manuel/Desktop/LED_Switch/LED_Switch.runs/synth_1/.Xil/Vivado-13982-pop-os/realtime/microblaze_dlmb_v10_0_stub.v:6]
INFO: [Synth 8-256] done synthesizing module 'microblaze_dlmb_v10_0' (13#1) [/home/manuel/Desktop/LED_Switch/LED_Switch.runs/synth_1/.Xil/Vivado-13982-pop-os/realtime/microblaze_dlmb_v10_0_stub.v:6]
WARNING: [Synth 8-350] instance 'dlmb_v10' of module 'microblaze_dlmb_v10_0' requires 25 connections, but only 24 given [/home/manuel/Desktop/LED_Switch/LED_Switch.srcs/sources_1/bd/microblaze/synth/microblaze.v:758]
INFO: [Synth 8-638] synthesizing module 'microblaze_ilmb_bram_if_cntlr_0' [/home/manuel/Desktop/LED_Switch/LED_Switch.runs/synth_1/.Xil/Vivado-13982-pop-os/realtime/microblaze_ilmb_bram_if_cntlr_0_stub.v:6]
INFO: [Synth 8-256] done synthesizing module 'microblaze_ilmb_bram_if_cntlr_0' (14#1) [/home/manuel/Desktop/LED_Switch/LED_Switch.runs/synth_1/.Xil/Vivado-13982-pop-os/realtime/microblaze_ilmb_bram_if_cntlr_0_stub.v:6]
INFO: [Synth 8-638] synthesizing module 'microblaze_ilmb_v10_0' [/home/manuel/Desktop/LED_Switch/LED_Switch.runs/synth_1/.Xil/Vivado-13982-pop-os/realtime/microblaze_ilmb_v10_0_stub.v:6]
INFO: [Synth 8-256] done synthesizing module 'microblaze_ilmb_v10_0' (15#1) [/home/manuel/Desktop/LED_Switch/LED_Switch.runs/synth_1/.Xil/Vivado-13982-pop-os/realtime/microblaze_ilmb_v10_0_stub.v:6]
WARNING: [Synth 8-350] instance 'ilmb_v10' of module 'microblaze_ilmb_v10_0' requires 25 connections, but only 24 given [/home/manuel/Desktop/LED_Switch/LED_Switch.srcs/sources_1/bd/microblaze/synth/microblaze.v:804]
INFO: [Synth 8-638] synthesizing module 'microblaze_lmb_bram_0' [/home/manuel/Desktop/LED_Switch/LED_Switch.runs/synth_1/.Xil/Vivado-13982-pop-os/realtime/microblaze_lmb_bram_0_stub.v:6]
INFO: [Synth 8-256] done synthesizing module 'microblaze_lmb_bram_0' (16#1) [/home/manuel/Desktop/LED_Switch/LED_Switch.runs/synth_1/.Xil/Vivado-13982-pop-os/realtime/microblaze_lmb_bram_0_stub.v:6]
WARNING: [Synth 8-350] instance 'lmb_bram' of module 'microblaze_lmb_bram_0' requires 16 connections, but only 14 given [/home/manuel/Desktop/LED_Switch/LED_Switch.srcs/sources_1/bd/microblaze/synth/microblaze.v:829]
INFO: [Synth 8-256] done synthesizing module 'microblaze_0_local_memory_imp_HPR3PZ' (17#1) [/home/manuel/Desktop/LED_Switch/LED_Switch.srcs/sources_1/bd/microblaze/synth/microblaze.v:612]
INFO: [Synth 8-638] synthesizing module 'microblaze_rst_clk_wiz_0_100M_0' [/home/manuel/Desktop/LED_Switch/LED_Switch.runs/synth_1/.Xil/Vivado-13982-pop-os/realtime/microblaze_rst_clk_wiz_0_100M_0_stub.v:6]
INFO: [Synth 8-256] done synthesizing module 'microblaze_rst_clk_wiz_0_100M_0' (18#1) [/home/manuel/Desktop/LED_Switch/LED_Switch.runs/synth_1/.Xil/Vivado-13982-pop-os/realtime/microblaze_rst_clk_wiz_0_100M_0_stub.v:6]
WARNING: [Synth 8-350] instance 'rst_clk_wiz_0_100M' of module 'microblaze_rst_clk_wiz_0_100M_0' requires 10 connections, but only 9 given [/home/manuel/Desktop/LED_Switch/LED_Switch.srcs/sources_1/bd/microblaze/synth/microblaze.v:600]
INFO: [Synth 8-256] done synthesizing module 'microblaze' (19#1) [/home/manuel/Desktop/LED_Switch/LED_Switch.srcs/sources_1/bd/microblaze/synth/microblaze.v:277]
INFO: [Synth 8-256] done synthesizing module 'microblaze_wrapper' (20#1) [/home/manuel/Desktop/LED_Switch/LED_Switch.srcs/sources_1/bd/microblaze/hdl/microblaze_wrapper.v:12]
WARNING: [Synth 8-3331] design s00_couplers_imp_SYAVRW has unconnected port M_ACLK
WARNING: [Synth 8-3331] design s00_couplers_imp_SYAVRW has unconnected port M_ARESETN
WARNING: [Synth 8-3331] design s00_couplers_imp_SYAVRW has unconnected port S_ACLK
WARNING: [Synth 8-3331] design s00_couplers_imp_SYAVRW has unconnected port S_ARESETN
WARNING: [Synth 8-3331] design m01_couplers_imp_UXJV17 has unconnected port M_ACLK
WARNING: [Synth 8-3331] design m01_couplers_imp_UXJV17 has unconnected port M_ARESETN
WARNING: [Synth 8-3331] design m01_couplers_imp_UXJV17 has unconnected port S_ACLK
WARNING: [Synth 8-3331] design m01_couplers_imp_UXJV17 has unconnected port S_ARESETN
WARNING: [Synth 8-3331] design m00_couplers_imp_2SZHJX has unconnected port M_ACLK
WARNING: [Synth 8-3331] design m00_couplers_imp_2SZHJX has unconnected port M_ARESETN
WARNING: [Synth 8-3331] design m00_couplers_imp_2SZHJX has unconnected port S_ACLK
WARNING: [Synth 8-3331] design m00_couplers_imp_2SZHJX has unconnected port S_ARESETN
---------------------------------------------------------------------------------
Finished RTL Elaboration : Time (s): cpu = 00:00:07 ; elapsed = 00:00:08 . Memory (MB): peak = 1337.887 ; gain = 131.523 ; free physical = 56477 ; free virtual = 61172
---------------------------------------------------------------------------------

Report Check Netlist: 
+------+------------------+-------+---------+-------+------------------+
|      |Item              |Errors |Warnings |Status |Description       |
+------+------------------+-------+---------+-------+------------------+
|1     |multi_driven_nets |      0|        0|Passed |Multi driven nets |
+------+------------------+-------+---------+-------+------------------+
---------------------------------------------------------------------------------
Finished RTL Optimization Phase 1 : Time (s): cpu = 00:00:07 ; elapsed = 00:00:08 . Memory (MB): peak = 1337.887 ; gain = 131.523 ; free physical = 56477 ; free virtual = 61172
---------------------------------------------------------------------------------
INFO: [Netlist 29-17] Analyzing 16 Unisim elements for replacement
INFO: [Netlist 29-28] Unisim Transformation completed in 0 CPU seconds
INFO: [Device 21-403] Loading part xc7a35tcpg236-1
INFO: [Project 1-570] Preparing netlist for logic optimization

Processing XDC Constraints
Initializing timing engine
Parsing XDC File [/home/manuel/Desktop/LED_Switch/LED_Switch.runs/synth_1/.Xil/Vivado-13982-pop-os/dcp12/microblaze_microblaze_0_0_in_context.xdc] for cell 'microblaze_i/microblaze_0'
Finished Parsing XDC File [/home/manuel/Desktop/LED_Switch/LED_Switch.runs/synth_1/.Xil/Vivado-13982-pop-os/dcp12/microblaze_microblaze_0_0_in_context.xdc] for cell 'microblaze_i/microblaze_0'
Parsing XDC File [/home/manuel/Desktop/LED_Switch/LED_Switch.runs/synth_1/.Xil/Vivado-13982-pop-os/dcp13/microblaze_clk_wiz_0_0_in_context.xdc] for cell 'microblaze_i/clk_wiz_0'
Finished Parsing XDC File [/home/manuel/Desktop/LED_Switch/LED_Switch.runs/synth_1/.Xil/Vivado-13982-pop-os/dcp13/microblaze_clk_wiz_0_0_in_context.xdc] for cell 'microblaze_i/clk_wiz_0'
Parsing XDC File [/home/manuel/Desktop/LED_Switch/LED_Switch.runs/synth_1/.Xil/Vivado-13982-pop-os/dcp14/microblaze_mdm_1_0_in_context.xdc] for cell 'microblaze_i/mdm_1'
Finished Parsing XDC File [/home/manuel/Desktop/LED_Switch/LED_Switch.runs/synth_1/.Xil/Vivado-13982-pop-os/dcp14/microblaze_mdm_1_0_in_context.xdc] for cell 'microblaze_i/mdm_1'
Parsing XDC File [/home/manuel/Desktop/LED_Switch/LED_Switch.runs/synth_1/.Xil/Vivado-13982-pop-os/dcp15/microblaze_rst_clk_wiz_0_100M_0_in_context.xdc] for cell 'microblaze_i/rst_clk_wiz_0_100M'
Finished Parsing XDC File [/home/manuel/Desktop/LED_Switch/LED_Switch.runs/synth_1/.Xil/Vivado-13982-pop-os/dcp15/microblaze_rst_clk_wiz_0_100M_0_in_context.xdc] for cell 'microblaze_i/rst_clk_wiz_0_100M'
Parsing XDC File [/home/manuel/Desktop/LED_Switch/LED_Switch.runs/synth_1/.Xil/Vivado-13982-pop-os/dcp16/microblaze_axi_gpio_0_1_in_context.xdc] for cell 'microblaze_i/axi_gpio_0'
Finished Parsing XDC File [/home/manuel/Desktop/LED_Switch/LED_Switch.runs/synth_1/.Xil/Vivado-13982-pop-os/dcp16/microblaze_axi_gpio_0_1_in_context.xdc] for cell 'microblaze_i/axi_gpio_0'
Parsing XDC File [/home/manuel/Desktop/LED_Switch/LED_Switch.runs/synth_1/.Xil/Vivado-13982-pop-os/dcp17/microblaze_axi_uartlite_0_0_in_context.xdc] for cell 'microblaze_i/axi_uartlite_0'
Finished Parsing XDC File [/home/manuel/Desktop/LED_Switch/LED_Switch.runs/synth_1/.Xil/Vivado-13982-pop-os/dcp17/microblaze_axi_uartlite_0_0_in_context.xdc] for cell 'microblaze_i/axi_uartlite_0'
Parsing XDC File [/home/manuel/Desktop/LED_Switch/LED_Switch.runs/synth_1/.Xil/Vivado-13982-pop-os/dcp18/microblaze_xbar_0_in_context.xdc] for cell 'microblaze_i/microblaze_0_axi_periph/xbar'
Finished Parsing XDC File [/home/manuel/Desktop/LED_Switch/LED_Switch.runs/synth_1/.Xil/Vivado-13982-pop-os/dcp18/microblaze_xbar_0_in_context.xdc] for cell 'microblaze_i/microblaze_0_axi_periph/xbar'
Parsing XDC File [/home/manuel/Desktop/LED_Switch/LED_Switch.runs/synth_1/.Xil/Vivado-13982-pop-os/dcp19/microblaze_dlmb_v10_0_in_context.xdc] for cell 'microblaze_i/microblaze_0_local_memory/dlmb_v10'
Finished Parsing XDC File [/home/manuel/Desktop/LED_Switch/LED_Switch.runs/synth_1/.Xil/Vivado-13982-pop-os/dcp19/microblaze_dlmb_v10_0_in_context.xdc] for cell 'microblaze_i/microblaze_0_local_memory/dlmb_v10'
Parsing XDC File [/home/manuel/Desktop/LED_Switch/LED_Switch.runs/synth_1/.Xil/Vivado-13982-pop-os/dcp20/microblaze_dlmb_v10_0_in_context.xdc] for cell 'microblaze_i/microblaze_0_local_memory/ilmb_v10'
Finished Parsing XDC File [/home/manuel/Desktop/LED_Switch/LED_Switch.runs/synth_1/.Xil/Vivado-13982-pop-os/dcp20/microblaze_dlmb_v10_0_in_context.xdc] for cell 'microblaze_i/microblaze_0_local_memory/ilmb_v10'
Parsing XDC File [/home/manuel/Desktop/LED_Switch/LED_Switch.runs/synth_1/.Xil/Vivado-13982-pop-os/dcp21/microblaze_dlmb_bram_if_cntlr_0_in_context.xdc] for cell 'microblaze_i/microblaze_0_local_memory/dlmb_bram_if_cntlr'
Finished Parsing XDC File [/home/manuel/Desktop/LED_Switch/LED_Switch.runs/synth_1/.Xil/Vivado-13982-pop-os/dcp21/microblaze_dlmb_bram_if_cntlr_0_in_context.xdc] for cell 'microblaze_i/microblaze_0_local_memory/dlmb_bram_if_cntlr'
Parsing XDC File [/home/manuel/Desktop/LED_Switch/LED_Switch.runs/synth_1/.Xil/Vivado-13982-pop-os/dcp22/microblaze_ilmb_bram_if_cntlr_0_in_context.xdc] for cell 'microblaze_i/microblaze_0_local_memory/ilmb_bram_if_cntlr'
Finished Parsing XDC File [/home/manuel/Desktop/LED_Switch/LED_Switch.runs/synth_1/.Xil/Vivado-13982-pop-os/dcp22/microblaze_ilmb_bram_if_cntlr_0_in_context.xdc] for cell 'microblaze_i/microblaze_0_local_memory/ilmb_bram_if_cntlr'
Parsing XDC File [/home/manuel/Desktop/LED_Switch/LED_Switch.runs/synth_1/.Xil/Vivado-13982-pop-os/dcp23/microblaze_lmb_bram_0_in_context.xdc] for cell 'microblaze_i/microblaze_0_local_memory/lmb_bram'
Finished Parsing XDC File [/home/manuel/Desktop/LED_Switch/LED_Switch.runs/synth_1/.Xil/Vivado-13982-pop-os/dcp23/microblaze_lmb_bram_0_in_context.xdc] for cell 'microblaze_i/microblaze_0_local_memory/lmb_bram'
Parsing XDC File [/home/manuel/Desktop/LED_Switch/LED_Switch.runs/synth_1/dont_touch.xdc]
Finished Parsing XDC File [/home/manuel/Desktop/LED_Switch/LED_Switch.runs/synth_1/dont_touch.xdc]
Completed Processing XDC Constraints

INFO: [Project 1-111] Unisim Transformation Summary:
  A total of 16 instances were transformed.
  IOBUF => IOBUF (IBUF, OBUFT): 16 instances

Constraint Validation Runtime : Time (s): cpu = 00:00:00.01 ; elapsed = 00:00:00.01 . Memory (MB): peak = 1662.246 ; gain = 0.000 ; free physical = 56230 ; free virtual = 60925
WARNING: [Timing 38-316] Clock period '20.000' specified during out-of-context synthesis of instance 'microblaze_i/microblaze_0_local_memory/lmb_bram' at clock pin 'clka' is different from the actual clock period '10.000', this can lead to different synthesis results.
---------------------------------------------------------------------------------
Finished Constraint Validation : Time (s): cpu = 00:00:20 ; elapsed = 00:00:29 . Memory (MB): peak = 1662.246 ; gain = 455.883 ; free physical = 56307 ; free virtual = 61003
---------------------------------------------------------------------------------
---------------------------------------------------------------------------------
Start Loading Part and Timing Information
---------------------------------------------------------------------------------
Loading part: xc7a35tcpg236-1
---------------------------------------------------------------------------------
Finished Loading Part and Timing Information : Time (s): cpu = 00:00:20 ; elapsed = 00:00:29 . Memory (MB): peak = 1662.246 ; gain = 455.883 ; free physical = 56307 ; free virtual = 61003
---------------------------------------------------------------------------------
---------------------------------------------------------------------------------
Start Applying 'set_property' XDC Constraints
---------------------------------------------------------------------------------
Applied set_property IO_BUFFER_TYPE = NONE for sys_clock. (constraint file  /home/manuel/Desktop/LED_Switch/LED_Switch.runs/synth_1/.Xil/Vivado-13982-pop-os/dcp13/microblaze_clk_wiz_0_0_in_context.xdc, line 3).
Applied set_property CLOCK_BUFFER_TYPE = NONE for sys_clock. (constraint file  /home/manuel/Desktop/LED_Switch/LED_Switch.runs/synth_1/.Xil/Vivado-13982-pop-os/dcp13/microblaze_clk_wiz_0_0_in_context.xdc, line 4).
Applied set_property DONT_TOUCH = true for microblaze_i. (constraint file  auto generated constraint, line ).
Applied set_property DONT_TOUCH = true for microblaze_i/axi_gpio_0. (constraint file  auto generated constraint, line ).
Applied set_property DONT_TOUCH = true for microblaze_i/axi_uartlite_0. (constraint file  auto generated constraint, line ).
Applied set_property DONT_TOUCH = true for microblaze_i/clk_wiz_0. (constraint file  auto generated constraint, line ).
Applied set_property DONT_TOUCH = true for microblaze_i/mdm_1. (constraint file  auto generated constraint, line ).
Applied set_property DONT_TOUCH = true for microblaze_i/microblaze_0. (constraint file  auto generated constraint, line ).
Applied set_property DONT_TOUCH = true for microblaze_i/microblaze_0_axi_periph. (constraint file  auto generated constraint, line ).
Applied set_property DONT_TOUCH = true for microblaze_i/microblaze_0_axi_periph/xbar. (constraint file  auto generated constraint, line ).
Applied set_property DONT_TOUCH = true for microblaze_i/microblaze_0_local_memory/dlmb_bram_if_cntlr. (constraint file  auto generated constraint, line ).
Applied set_property DONT_TOUCH = true for microblaze_i/microblaze_0_local_memory/dlmb_v10. (constraint file  auto generated constraint, line ).
Applied set_property DONT_TOUCH = true for microblaze_i/microblaze_0_local_memory/ilmb_bram_if_cntlr. (constraint file  auto generated constraint, line ).
Applied set_property DONT_TOUCH = true for microblaze_i/microblaze_0_local_memory/ilmb_v10. (constraint file  auto generated constraint, line ).
Applied set_property DONT_TOUCH = true for microblaze_i/microblaze_0_local_memory/lmb_bram. (constraint file  auto generated constraint, line ).
Applied set_property DONT_TOUCH = true for microblaze_i/rst_clk_wiz_0_100M. (constraint file  auto generated constraint, line ).
---------------------------------------------------------------------------------
Finished applying 'set_property' XDC Constraints : Time (s): cpu = 00:00:20 ; elapsed = 00:00:29 . Memory (MB): peak = 1662.246 ; gain = 455.883 ; free physical = 56309 ; free virtual = 61005
---------------------------------------------------------------------------------
---------------------------------------------------------------------------------
Finished RTL Optimization Phase 2 : Time (s): cpu = 00:00:20 ; elapsed = 00:00:29 . Memory (MB): peak = 1662.246 ; gain = 455.883 ; free physical = 56308 ; free virtual = 61004
---------------------------------------------------------------------------------

Report RTL Partitions: 
+-+--------------+------------+----------+
| |RTL Partition |Replication |Instances |
+-+--------------+------------+----------+
+-+--------------+------------+----------+
---------------------------------------------------------------------------------
Start RTL Component Statistics 
---------------------------------------------------------------------------------
Detailed RTL Component Info : 
---------------------------------------------------------------------------------
Finished RTL Component Statistics 
---------------------------------------------------------------------------------
---------------------------------------------------------------------------------
Start RTL Hierarchical Component Statistics 
---------------------------------------------------------------------------------
Hierarchical RTL Component report 
---------------------------------------------------------------------------------
Finished RTL Hierarchical Component Statistics
---------------------------------------------------------------------------------
---------------------------------------------------------------------------------
Start Part Resource Summary
---------------------------------------------------------------------------------
Part Resources:
DSPs: 90 (col length:60)
BRAMs: 100 (col length: RAMB18 60 RAMB36 30)
---------------------------------------------------------------------------------
Finished Part Resource Summary
---------------------------------------------------------------------------------
---------------------------------------------------------------------------------
Start Cross Boundary and Area Optimization
---------------------------------------------------------------------------------
WARNING: [Synth 8-3331] design microblaze_microblaze_0_axi_periph_0 has unconnected port M00_ACLK
WARNING: [Synth 8-3331] design microblaze_microblaze_0_axi_periph_0 has unconnected port M00_ARESETN
WARNING: [Synth 8-3331] design microblaze_microblaze_0_axi_periph_0 has unconnected port M01_ACLK
WARNING: [Synth 8-3331] design microblaze_microblaze_0_axi_periph_0 has unconnected port M01_ARESETN
WARNING: [Synth 8-3331] design microblaze_microblaze_0_axi_periph_0 has unconnected port S00_ACLK
WARNING: [Synth 8-3331] design microblaze_microblaze_0_axi_periph_0 has unconnected port S00_ARESETN
---------------------------------------------------------------------------------
Finished Cross Boundary and Area Optimization : Time (s): cpu = 00:00:20 ; elapsed = 00:00:29 . Memory (MB): peak = 1662.246 ; gain = 455.883 ; free physical = 56299 ; free virtual = 60995
---------------------------------------------------------------------------------

Report RTL Partitions: 
+-+--------------+------------+----------+
| |RTL Partition |Replication |Instances |
+-+--------------+------------+----------+
+-+--------------+------------+----------+
---------------------------------------------------------------------------------
Start Applying XDC Timing Constraints
---------------------------------------------------------------------------------
INFO: [Synth 8-5578] Moved timing constraint from pin 'microblaze_i/clk_wiz_0/clk_out1' to pin 'microblaze_i/clk_wiz_0/bbstub_clk_out1/O'
INFO: [Synth 8-5578] Moved timing constraint from pin 'microblaze_i/mdm_1/Dbg_Clk_0' to pin 'microblaze_i/mdm_1/bbstub_Dbg_Clk_0/O'
INFO: [Synth 8-5578] Moved timing constraint from pin 'microblaze_i/mdm_1/Dbg_Update_0' to pin 'microblaze_i/mdm_1/bbstub_Dbg_Update_0/O'
INFO: [Synth 8-5578] Moved timing constraint from pin 'microblaze_i/microblaze_0_local_memory/dlmb_bram_if_cntlr/BRAM_Clk_A' to pin 'microblaze_i/microblaze_0_local_memory/dlmb_bram_if_cntlr/bbstub_BRAM_Clk_A/O'
INFO: [Synth 8-5578] Moved timing constraint from pin 'microblaze_i/microblaze_0_local_memory/ilmb_bram_if_cntlr/BRAM_Clk_A' to pin 'microblaze_i/microblaze_0_local_memory/ilmb_bram_if_cntlr/bbstub_BRAM_Clk_A/O'
INFO: [Synth 8-5819] Moved 5 constraints on hierarchical pins to their respective driving/loading pins
---------------------------------------------------------------------------------
Finished Applying XDC Timing Constraints : Time (s): cpu = 00:00:25 ; elapsed = 00:00:36 . Memory (MB): peak = 1662.246 ; gain = 455.883 ; free physical = 56176 ; free virtual = 60872
---------------------------------------------------------------------------------
---------------------------------------------------------------------------------
Start Timing Optimization
---------------------------------------------------------------------------------
---------------------------------------------------------------------------------
Finished Timing Optimization : Time (s): cpu = 00:00:25 ; elapsed = 00:00:36 . Memory (MB): peak = 1662.246 ; gain = 455.883 ; free physical = 56176 ; free virtual = 60872
---------------------------------------------------------------------------------

Report RTL Partitions: 
+-+--------------+------------+----------+
| |RTL Partition |Replication |Instances |
+-+--------------+------------+----------+
+-+--------------+------------+----------+
---------------------------------------------------------------------------------
Start Technology Mapping
---------------------------------------------------------------------------------
---------------------------------------------------------------------------------
Finished Technology Mapping : Time (s): cpu = 00:00:25 ; elapsed = 00:00:36 . Memory (MB): peak = 1662.246 ; gain = 455.883 ; free physical = 56176 ; free virtual = 60872
---------------------------------------------------------------------------------

Report RTL Partitions: 
+-+--------------+------------+----------+
| |RTL Partition |Replication |Instances |
+-+--------------+------------+----------+
+-+--------------+------------+----------+
---------------------------------------------------------------------------------
Start IO Insertion
---------------------------------------------------------------------------------
---------------------------------------------------------------------------------
Start Flattening Before IO Insertion
---------------------------------------------------------------------------------
---------------------------------------------------------------------------------
Finished Flattening Before IO Insertion
---------------------------------------------------------------------------------
---------------------------------------------------------------------------------
Start Final Netlist Cleanup
---------------------------------------------------------------------------------
---------------------------------------------------------------------------------
Finished Final Netlist Cleanup
---------------------------------------------------------------------------------
---------------------------------------------------------------------------------
Finished IO Insertion : Time (s): cpu = 00:00:26 ; elapsed = 00:00:37 . Memory (MB): peak = 1662.246 ; gain = 455.883 ; free physical = 56176 ; free virtual = 60872
---------------------------------------------------------------------------------

Report Check Netlist: 
+------+------------------+-------+---------+-------+------------------+
|      |Item              |Errors |Warnings |Status |Description       |
+------+------------------+-------+---------+-------+------------------+
|1     |multi_driven_nets |      0|        0|Passed |Multi driven nets |
+------+------------------+-------+---------+-------+------------------+
---------------------------------------------------------------------------------
Start Renaming Generated Instances
---------------------------------------------------------------------------------
---------------------------------------------------------------------------------
Finished Renaming Generated Instances : Time (s): cpu = 00:00:26 ; elapsed = 00:00:37 . Memory (MB): peak = 1662.246 ; gain = 455.883 ; free physical = 56176 ; free virtual = 60872
---------------------------------------------------------------------------------

Report RTL Partitions: 
+-+--------------+------------+----------+
| |RTL Partition |Replication |Instances |
+-+--------------+------------+----------+
+-+--------------+------------+----------+
---------------------------------------------------------------------------------
Start Rebuilding User Hierarchy
---------------------------------------------------------------------------------
---------------------------------------------------------------------------------
Finished Rebuilding User Hierarchy : Time (s): cpu = 00:00:26 ; elapsed = 00:00:37 . Memory (MB): peak = 1662.246 ; gain = 455.883 ; free physical = 56176 ; free virtual = 60872
---------------------------------------------------------------------------------
---------------------------------------------------------------------------------
Start Renaming Generated Ports
---------------------------------------------------------------------------------
---------------------------------------------------------------------------------
Finished Renaming Generated Ports : Time (s): cpu = 00:00:26 ; elapsed = 00:00:37 . Memory (MB): peak = 1662.246 ; gain = 455.883 ; free physical = 56176 ; free virtual = 60872
---------------------------------------------------------------------------------
---------------------------------------------------------------------------------
Start Handling Custom Attributes
---------------------------------------------------------------------------------
---------------------------------------------------------------------------------
Finished Handling Custom Attributes : Time (s): cpu = 00:00:26 ; elapsed = 00:00:37 . Memory (MB): peak = 1662.246 ; gain = 455.883 ; free physical = 56176 ; free virtual = 60872
---------------------------------------------------------------------------------
---------------------------------------------------------------------------------
Start Renaming Generated Nets
---------------------------------------------------------------------------------
---------------------------------------------------------------------------------
Finished Renaming Generated Nets : Time (s): cpu = 00:00:26 ; elapsed = 00:00:37 . Memory (MB): peak = 1662.246 ; gain = 455.883 ; free physical = 56176 ; free virtual = 60872
---------------------------------------------------------------------------------
---------------------------------------------------------------------------------
Start Writing Synthesis Report
---------------------------------------------------------------------------------

Report BlackBoxes: 
+------+--------------------------------+----------+
|      |BlackBox name                   |Instances |
+------+--------------------------------+----------+
|1     |microblaze_xbar_0               |         1|
|2     |microblaze_axi_gpio_0_1         |         1|
|3     |microblaze_axi_uartlite_0_0     |         1|
|4     |microblaze_clk_wiz_0_0          |         1|
|5     |microblaze_mdm_1_0              |         1|
|6     |microblaze_microblaze_0_0       |         1|
|7     |microblaze_rst_clk_wiz_0_100M_0 |         1|
|8     |microblaze_dlmb_bram_if_cntlr_0 |         1|
|9     |microblaze_dlmb_v10_0           |         1|
|10    |microblaze_ilmb_bram_if_cntlr_0 |         1|
|11    |microblaze_ilmb_v10_0           |         1|
|12    |microblaze_lmb_bram_0           |         1|
+------+--------------------------------+----------+

Report Cell Usage: 
+------+--------------------------------+------+
|      |Cell                            |Count |
+------+--------------------------------+------+
|1     |microblaze_axi_gpio_0_1         |     1|
|2     |microblaze_axi_uartlite_0_0     |     1|
|3     |microblaze_clk_wiz_0_0          |     1|
|4     |microblaze_dlmb_bram_if_cntlr_0 |     1|
|5     |microblaze_dlmb_v10_0           |     1|
|6     |microblaze_ilmb_bram_if_cntlr_0 |     1|
|7     |microblaze_ilmb_v10_0           |     1|
|8     |microblaze_lmb_bram_0           |     1|
|9     |microblaze_mdm_1_0              |     1|
|10    |microblaze_microblaze_0_0       |     1|
|11    |microblaze_rst_clk_wiz_0_100M_0 |     1|
|12    |microblaze_xbar_0               |     1|
|13    |IBUF                            |    18|
|14    |IOBUF                           |    16|
|15    |OBUF                            |     1|
+------+--------------------------------+------+

Report Instance Areas: 
+------+------------------------------+-------------------------------------+------+
|      |Instance                      |Module                               |Cells |
+------+------------------------------+-------------------------------------+------+
|1     |top                           |                                     |  1152|
|2     |  microblaze_i                |microblaze                           |  1117|
|3     |    microblaze_0_axi_periph   |microblaze_microblaze_0_axi_periph_0 |   263|
|4     |    microblaze_0_local_memory |microblaze_0_local_memory_imp_HPR3PZ |   496|
+------+------------------------------+-------------------------------------+------+
---------------------------------------------------------------------------------
Finished Writing Synthesis Report : Time (s): cpu = 00:00:26 ; elapsed = 00:00:37 . Memory (MB): peak = 1662.246 ; gain = 455.883 ; free physical = 56176 ; free virtual = 60872
---------------------------------------------------------------------------------
Synthesis finished with 0 errors, 0 critical warnings and 6 warnings.
Synthesis Optimization Runtime : Time (s): cpu = 00:00:20 ; elapsed = 00:00:23 . Memory (MB): peak = 1662.246 ; gain = 131.523 ; free physical = 56231 ; free virtual = 60927
Synthesis Optimization Complete : Time (s): cpu = 00:00:26 ; elapsed = 00:00:37 . Memory (MB): peak = 1662.246 ; gain = 455.883 ; free physical = 56234 ; free virtual = 60930
INFO: [Project 1-571] Translating synthesized netlist
INFO: [Netlist 29-17] Analyzing 34 Unisim elements for replacement
INFO: [Netlist 29-28] Unisim Transformation completed in 0 CPU seconds
INFO: [Project 1-570] Preparing netlist for logic optimization
INFO: [Opt 31-138] Pushed 0 inverter(s) to 0 load pin(s).
INFO: [Project 1-111] Unisim Transformation Summary:
  A total of 16 instances were transformed.
  IOBUF => IOBUF (IBUF, OBUFT): 16 instances

INFO: [Common 17-83] Releasing license: Synthesis
62 Infos, 26 Warnings, 0 Critical Warnings and 0 Errors encountered.
synth_design completed successfully
synth_design: Time (s): cpu = 00:00:28 ; elapsed = 00:00:39 . Memory (MB): peak = 1662.246 ; gain = 474.988 ; free physical = 56215 ; free virtual = 60910
INFO: [Common 17-1381] The checkpoint '/home/manuel/Desktop/LED_Switch/LED_Switch.runs/synth_1/microblaze_wrapper.dcp' has been generated.
INFO: [runtcl-4] Executing : report_utilization -file microblaze_wrapper_utilization_synth.rpt -pb microblaze_wrapper_utilization_synth.pb
report_utilization: Time (s): cpu = 00:00:00.06 ; elapsed = 00:00:00.08 . Memory (MB): peak = 1662.246 ; gain = 0.000 ; free physical = 56214 ; free virtual = 60910
INFO: [Common 17-206] Exiting Vivado at Mon Apr 16 12:26:07 2018...
