
*** Running vivado
    with args -log microblaze_axi_gpio_1_1.vds -m64 -product Vivado -mode batch -messageDb vivado.pb -notrace -source microblaze_axi_gpio_1_1.tcl


****** Vivado v2017.4 (64-bit)
  **** SW Build 2086221 on Fri Dec 15 20:54:30 MST 2017
  **** IP Build 2085800 on Fri Dec 15 22:25:07 MST 2017
    ** Copyright 1986-2017 Xilinx, Inc. All Rights Reserved.

source microblaze_axi_gpio_1_1.tcl -notrace
Command: synth_design -top microblaze_axi_gpio_1_1 -part xc7a35tcpg236-1 -mode out_of_context
Starting synth_design
Attempting to get a license for feature 'Synthesis' and/or device 'xc7a35t'
INFO: [Common 17-349] Got license for feature 'Synthesis' and/or device 'xc7a35t'
INFO: Launching helper process for spawning children vivado processes
INFO: Helper process launched with PID 14846 
---------------------------------------------------------------------------------
Starting RTL Elaboration : Time (s): cpu = 00:00:12 ; elapsed = 00:00:14 . Memory (MB): peak = 1268.867 ; gain = 83.996 ; free physical = 51572 ; free virtual = 57174
---------------------------------------------------------------------------------
INFO: [Synth 8-638] synthesizing module 'microblaze_axi_gpio_1_1' [/home/manuel/Desktop/Display/Display.srcs/sources_1/bd/microblaze/ip/microblaze_axi_gpio_1_1/synth/microblaze_axi_gpio_1_1.vhd:85]
	Parameter C_FAMILY bound to: artix7 - type: string 
	Parameter C_S_AXI_ADDR_WIDTH bound to: 9 - type: integer 
	Parameter C_S_AXI_DATA_WIDTH bound to: 32 - type: integer 
	Parameter C_GPIO_WIDTH bound to: 4 - type: integer 
	Parameter C_GPIO2_WIDTH bound to: 16 - type: integer 
	Parameter C_ALL_INPUTS bound to: 1 - type: integer 
	Parameter C_ALL_INPUTS_2 bound to: 1 - type: integer 
	Parameter C_ALL_OUTPUTS bound to: 0 - type: integer 
	Parameter C_ALL_OUTPUTS_2 bound to: 0 - type: integer 
	Parameter C_INTERRUPT_PRESENT bound to: 0 - type: integer 
	Parameter C_DOUT_DEFAULT bound to: 32'b00000000000000000000000000000000 
	Parameter C_TRI_DEFAULT bound to: 32'b11111111111111111111111111111111 
	Parameter C_IS_DUAL bound to: 1 - type: integer 
	Parameter C_DOUT_DEFAULT_2 bound to: 32'b00000000000000000000000000000000 
	Parameter C_TRI_DEFAULT_2 bound to: 32'b11111111111111111111111111111111 
INFO: [Synth 8-3491] module 'axi_gpio' declared at '/home/manuel/Desktop/Display/Display.srcs/sources_1/bd/microblaze/ipshared/c450/hdl/axi_gpio_v2_0_vh_rfs.vhd:1265' bound to instance 'U0' of component 'axi_gpio' [/home/manuel/Desktop/Display/Display.srcs/sources_1/bd/microblaze/ip/microblaze_axi_gpio_1_1/synth/microblaze_axi_gpio_1_1.vhd:170]
INFO: [Synth 8-638] synthesizing module 'axi_gpio' [/home/manuel/Desktop/Display/Display.srcs/sources_1/bd/microblaze/ipshared/c450/hdl/axi_gpio_v2_0_vh_rfs.vhd:1358]
	Parameter C_FAMILY bound to: artix7 - type: string 
	Parameter C_S_AXI_ADDR_WIDTH bound to: 9 - type: integer 
	Parameter C_S_AXI_DATA_WIDTH bound to: 32 - type: integer 
	Parameter C_GPIO_WIDTH bound to: 4 - type: integer 
	Parameter C_GPIO2_WIDTH bound to: 16 - type: integer 
	Parameter C_ALL_INPUTS bound to: 1 - type: integer 
	Parameter C_ALL_INPUTS_2 bound to: 1 - type: integer 
	Parameter C_ALL_OUTPUTS bound to: 0 - type: integer 
	Parameter C_ALL_OUTPUTS_2 bound to: 0 - type: integer 
	Parameter C_INTERRUPT_PRESENT bound to: 0 - type: integer 
	Parameter C_DOUT_DEFAULT bound to: 0 - type: integer 
	Parameter C_TRI_DEFAULT bound to: -1 - type: integer 
	Parameter C_IS_DUAL bound to: 1 - type: integer 
	Parameter C_DOUT_DEFAULT_2 bound to: 0 - type: integer 
	Parameter C_TRI_DEFAULT_2 bound to: -1 - type: integer 
INFO: [Synth 8-5534] Detected attribute (* max_fanout = "10000" *) [/home/manuel/Desktop/Display/Display.srcs/sources_1/bd/microblaze/ipshared/c450/hdl/axi_gpio_v2_0_vh_rfs.vhd:1295]
INFO: [Synth 8-5534] Detected attribute (* max_fanout = "10000" *) [/home/manuel/Desktop/Display/Display.srcs/sources_1/bd/microblaze/ipshared/c450/hdl/axi_gpio_v2_0_vh_rfs.vhd:1296]
INFO: [Synth 8-638] synthesizing module 'axi_lite_ipif' [/home/manuel/Desktop/Display/Display.srcs/sources_1/bd/microblaze/ipshared/cced/hdl/axi_lite_ipif_v3_0_vh_rfs.vhd:2948]
	Parameter C_S_AXI_DATA_WIDTH bound to: 32 - type: integer 
	Parameter C_S_AXI_ADDR_WIDTH bound to: 9 - type: integer 
	Parameter C_S_AXI_MIN_SIZE bound to: 32'b00000000000000000000000111111111 
	Parameter C_USE_WSTRB bound to: 0 - type: integer 
	Parameter C_DPHASE_TIMEOUT bound to: 8 - type: integer 
	Parameter C_ARD_ADDR_RANGE_ARRAY bound to: 128'b00000000000000000000000000000000000000000000000000000000000000000000000000000000000000000000000000000000000000000000000000001111 
	Parameter C_ARD_NUM_CE_ARRAY bound to: 32'b00000000000000000000000000000100 
	Parameter C_FAMILY bound to: artix7 - type: string 
INFO: [Synth 8-638] synthesizing module 'slave_attachment' [/home/manuel/Desktop/Display/Display.srcs/sources_1/bd/microblaze/ipshared/cced/hdl/axi_lite_ipif_v3_0_vh_rfs.vhd:2341]
	Parameter C_ARD_ADDR_RANGE_ARRAY bound to: 128'b00000000000000000000000000000000000000000000000000000000000000000000000000000000000000000000000000000000000000000000000000001111 
	Parameter C_ARD_NUM_CE_ARRAY bound to: 32'b00000000000000000000000000000100 
	Parameter C_IPIF_ABUS_WIDTH bound to: 9 - type: integer 
	Parameter C_IPIF_DBUS_WIDTH bound to: 32 - type: integer 
	Parameter C_S_AXI_MIN_SIZE bound to: 511 - type: integer 
	Parameter C_USE_WSTRB bound to: 0 - type: integer 
	Parameter C_DPHASE_TIMEOUT bound to: 8 - type: integer 
	Parameter C_FAMILY bound to: artix7 - type: string 
INFO: [Synth 8-638] synthesizing module 'address_decoder' [/home/manuel/Desktop/Display/Display.srcs/sources_1/bd/microblaze/ipshared/cced/hdl/axi_lite_ipif_v3_0_vh_rfs.vhd:1775]
	Parameter C_BUS_AWIDTH bound to: 9 - type: integer 
	Parameter C_S_AXI_MIN_SIZE bound to: 511 - type: integer 
	Parameter C_ARD_ADDR_RANGE_ARRAY bound to: 128'b00000000000000000000000000000000000000000000000000000000000000000000000000000000000000000000000000000000000000000000000000001111 
	Parameter C_ARD_NUM_CE_ARRAY bound to: 32'b00000000000000000000000000000100 
	Parameter C_FAMILY bound to: nofamily - type: string 
INFO: [Synth 8-638] synthesizing module 'pselect_f' [/home/manuel/Desktop/Display/Display.srcs/sources_1/bd/microblaze/ipshared/cced/hdl/axi_lite_ipif_v3_0_vh_rfs.vhd:1534]
	Parameter C_AB bound to: 2 - type: integer 
	Parameter C_AW bound to: 2 - type: integer 
	Parameter C_BAR bound to: 2'b00 
	Parameter C_FAMILY bound to: nofamily - type: string 
INFO: [Synth 8-256] done synthesizing module 'pselect_f' (1#1) [/home/manuel/Desktop/Display/Display.srcs/sources_1/bd/microblaze/ipshared/cced/hdl/axi_lite_ipif_v3_0_vh_rfs.vhd:1534]
INFO: [Synth 8-638] synthesizing module 'pselect_f__parameterized0' [/home/manuel/Desktop/Display/Display.srcs/sources_1/bd/microblaze/ipshared/cced/hdl/axi_lite_ipif_v3_0_vh_rfs.vhd:1534]
	Parameter C_AB bound to: 2 - type: integer 
	Parameter C_AW bound to: 2 - type: integer 
	Parameter C_BAR bound to: 2'b01 
	Parameter C_FAMILY bound to: nofamily - type: string 
INFO: [Synth 8-256] done synthesizing module 'pselect_f__parameterized0' (1#1) [/home/manuel/Desktop/Display/Display.srcs/sources_1/bd/microblaze/ipshared/cced/hdl/axi_lite_ipif_v3_0_vh_rfs.vhd:1534]
INFO: [Synth 8-638] synthesizing module 'pselect_f__parameterized1' [/home/manuel/Desktop/Display/Display.srcs/sources_1/bd/microblaze/ipshared/cced/hdl/axi_lite_ipif_v3_0_vh_rfs.vhd:1534]
	Parameter C_AB bound to: 2 - type: integer 
	Parameter C_AW bound to: 2 - type: integer 
	Parameter C_BAR bound to: 2'b10 
	Parameter C_FAMILY bound to: nofamily - type: string 
INFO: [Synth 8-256] done synthesizing module 'pselect_f__parameterized1' (1#1) [/home/manuel/Desktop/Display/Display.srcs/sources_1/bd/microblaze/ipshared/cced/hdl/axi_lite_ipif_v3_0_vh_rfs.vhd:1534]
INFO: [Synth 8-638] synthesizing module 'pselect_f__parameterized2' [/home/manuel/Desktop/Display/Display.srcs/sources_1/bd/microblaze/ipshared/cced/hdl/axi_lite_ipif_v3_0_vh_rfs.vhd:1534]
	Parameter C_AB bound to: 2 - type: integer 
	Parameter C_AW bound to: 2 - type: integer 
	Parameter C_BAR bound to: 2'b11 
	Parameter C_FAMILY bound to: nofamily - type: string 
INFO: [Synth 8-256] done synthesizing module 'pselect_f__parameterized2' (1#1) [/home/manuel/Desktop/Display/Display.srcs/sources_1/bd/microblaze/ipshared/cced/hdl/axi_lite_ipif_v3_0_vh_rfs.vhd:1534]
INFO: [Synth 8-256] done synthesizing module 'address_decoder' (2#1) [/home/manuel/Desktop/Display/Display.srcs/sources_1/bd/microblaze/ipshared/cced/hdl/axi_lite_ipif_v3_0_vh_rfs.vhd:1775]
INFO: [Synth 8-226] default block is never used [/home/manuel/Desktop/Display/Display.srcs/sources_1/bd/microblaze/ipshared/cced/hdl/axi_lite_ipif_v3_0_vh_rfs.vhd:2550]
INFO: [Synth 8-256] done synthesizing module 'slave_attachment' (3#1) [/home/manuel/Desktop/Display/Display.srcs/sources_1/bd/microblaze/ipshared/cced/hdl/axi_lite_ipif_v3_0_vh_rfs.vhd:2341]
INFO: [Synth 8-256] done synthesizing module 'axi_lite_ipif' (4#1) [/home/manuel/Desktop/Display/Display.srcs/sources_1/bd/microblaze/ipshared/cced/hdl/axi_lite_ipif_v3_0_vh_rfs.vhd:2948]
INFO: [Synth 8-638] synthesizing module 'GPIO_Core' [/home/manuel/Desktop/Display/Display.srcs/sources_1/bd/microblaze/ipshared/c450/hdl/axi_gpio_v2_0_vh_rfs.vhd:178]
	Parameter C_DW bound to: 32 - type: integer 
	Parameter C_AW bound to: 9 - type: integer 
	Parameter C_GPIO_WIDTH bound to: 4 - type: integer 
	Parameter C_GPIO2_WIDTH bound to: 16 - type: integer 
	Parameter C_MAX_GPIO_WIDTH bound to: 16 - type: integer 
	Parameter C_INTERRUPT_PRESENT bound to: 0 - type: integer 
	Parameter C_DOUT_DEFAULT bound to: 0 - type: integer 
	Parameter C_TRI_DEFAULT bound to: -1 - type: integer 
	Parameter C_IS_DUAL bound to: 1 - type: integer 
	Parameter C_ALL_OUTPUTS bound to: 0 - type: integer 
	Parameter C_ALL_OUTPUTS_2 bound to: 0 - type: integer 
	Parameter C_ALL_INPUTS bound to: 1 - type: integer 
	Parameter C_ALL_INPUTS_2 bound to: 1 - type: integer 
	Parameter C_DOUT_DEFAULT_2 bound to: 0 - type: integer 
	Parameter C_TRI_DEFAULT_2 bound to: -1 - type: integer 
	Parameter C_FAMILY bound to: artix7 - type: string 
INFO: [Synth 8-226] default block is never used [/home/manuel/Desktop/Display/Display.srcs/sources_1/bd/microblaze/ipshared/c450/hdl/axi_gpio_v2_0_vh_rfs.vhd:835]
INFO: [Synth 8-638] synthesizing module 'cdc_sync' [/home/manuel/Desktop/Display/Display.srcs/sources_1/bd/microblaze/ipshared/ef1e/hdl/lib_cdc_v1_0_rfs.vhd:106]
	Parameter C_CDC_TYPE bound to: 1 - type: integer 
	Parameter C_RESET_STATE bound to: 0 - type: integer 
	Parameter C_SINGLE_BIT bound to: 0 - type: integer 
	Parameter C_FLOP_INPUT bound to: 0 - type: integer 
	Parameter C_VECTOR_WIDTH bound to: 4 - type: integer 
	Parameter C_MTBF_STAGES bound to: 4 - type: integer 
	Parameter INIT bound to: 1'b0 
INFO: [Synth 8-113] binding component instance 'CROSS2_PLEVEL_IN2SCNDRY_IN_cdc_to' to cell 'FDR' [/home/manuel/Desktop/Display/Display.srcs/sources_1/bd/microblaze/ipshared/ef1e/hdl/lib_cdc_v1_0_rfs.vhd:736]
	Parameter INIT bound to: 1'b0 
INFO: [Synth 8-113] binding component instance 'CROSS2_PLEVEL_IN2SCNDRY_IN_cdc_to' to cell 'FDR' [/home/manuel/Desktop/Display/Display.srcs/sources_1/bd/microblaze/ipshared/ef1e/hdl/lib_cdc_v1_0_rfs.vhd:736]
	Parameter INIT bound to: 1'b0 
INFO: [Synth 8-113] binding component instance 'CROSS2_PLEVEL_IN2SCNDRY_IN_cdc_to' to cell 'FDR' [/home/manuel/Desktop/Display/Display.srcs/sources_1/bd/microblaze/ipshared/ef1e/hdl/lib_cdc_v1_0_rfs.vhd:736]
	Parameter INIT bound to: 1'b0 
INFO: [Synth 8-113] binding component instance 'CROSS2_PLEVEL_IN2SCNDRY_IN_cdc_to' to cell 'FDR' [/home/manuel/Desktop/Display/Display.srcs/sources_1/bd/microblaze/ipshared/ef1e/hdl/lib_cdc_v1_0_rfs.vhd:736]
	Parameter INIT bound to: 1'b0 
INFO: [Synth 8-113] binding component instance 'CROSS2_PLEVEL_IN2SCNDRY_s_level_out_bus_d2' to cell 'FDR' [/home/manuel/Desktop/Display/Display.srcs/sources_1/bd/microblaze/ipshared/ef1e/hdl/lib_cdc_v1_0_rfs.vhd:772]
	Parameter INIT bound to: 1'b0 
INFO: [Synth 8-113] binding component instance 'CROSS2_PLEVEL_IN2SCNDRY_s_level_out_bus_d2' to cell 'FDR' [/home/manuel/Desktop/Display/Display.srcs/sources_1/bd/microblaze/ipshared/ef1e/hdl/lib_cdc_v1_0_rfs.vhd:772]
	Parameter INIT bound to: 1'b0 
INFO: [Synth 8-113] binding component instance 'CROSS2_PLEVEL_IN2SCNDRY_s_level_out_bus_d2' to cell 'FDR' [/home/manuel/Desktop/Display/Display.srcs/sources_1/bd/microblaze/ipshared/ef1e/hdl/lib_cdc_v1_0_rfs.vhd:772]
	Parameter INIT bound to: 1'b0 
INFO: [Synth 8-113] binding component instance 'CROSS2_PLEVEL_IN2SCNDRY_s_level_out_bus_d2' to cell 'FDR' [/home/manuel/Desktop/Display/Display.srcs/sources_1/bd/microblaze/ipshared/ef1e/hdl/lib_cdc_v1_0_rfs.vhd:772]
	Parameter INIT bound to: 1'b0 
INFO: [Synth 8-113] binding component instance 'CROSS2_PLEVEL_IN2SCNDRY_s_level_out_bus_d3' to cell 'FDR' [/home/manuel/Desktop/Display/Display.srcs/sources_1/bd/microblaze/ipshared/ef1e/hdl/lib_cdc_v1_0_rfs.vhd:788]
	Parameter INIT bound to: 1'b0 
INFO: [Synth 8-113] binding component instance 'CROSS2_PLEVEL_IN2SCNDRY_s_level_out_bus_d3' to cell 'FDR' [/home/manuel/Desktop/Display/Display.srcs/sources_1/bd/microblaze/ipshared/ef1e/hdl/lib_cdc_v1_0_rfs.vhd:788]
	Parameter INIT bound to: 1'b0 
INFO: [Synth 8-113] binding component instance 'CROSS2_PLEVEL_IN2SCNDRY_s_level_out_bus_d3' to cell 'FDR' [/home/manuel/Desktop/Display/Display.srcs/sources_1/bd/microblaze/ipshared/ef1e/hdl/lib_cdc_v1_0_rfs.vhd:788]
	Parameter INIT bound to: 1'b0 
INFO: [Synth 8-113] binding component instance 'CROSS2_PLEVEL_IN2SCNDRY_s_level_out_bus_d3' to cell 'FDR' [/home/manuel/Desktop/Display/Display.srcs/sources_1/bd/microblaze/ipshared/ef1e/hdl/lib_cdc_v1_0_rfs.vhd:788]
	Parameter INIT bound to: 1'b0 
INFO: [Synth 8-113] binding component instance 'CROSS2_PLEVEL_IN2SCNDRY_s_level_out_bus_d4' to cell 'FDR' [/home/manuel/Desktop/Display/Display.srcs/sources_1/bd/microblaze/ipshared/ef1e/hdl/lib_cdc_v1_0_rfs.vhd:804]
	Parameter INIT bound to: 1'b0 
INFO: [Synth 8-113] binding component instance 'CROSS2_PLEVEL_IN2SCNDRY_s_level_out_bus_d4' to cell 'FDR' [/home/manuel/Desktop/Display/Display.srcs/sources_1/bd/microblaze/ipshared/ef1e/hdl/lib_cdc_v1_0_rfs.vhd:804]
	Parameter INIT bound to: 1'b0 
INFO: [Synth 8-113] binding component instance 'CROSS2_PLEVEL_IN2SCNDRY_s_level_out_bus_d4' to cell 'FDR' [/home/manuel/Desktop/Display/Display.srcs/sources_1/bd/microblaze/ipshared/ef1e/hdl/lib_cdc_v1_0_rfs.vhd:804]
	Parameter INIT bound to: 1'b0 
INFO: [Synth 8-113] binding component instance 'CROSS2_PLEVEL_IN2SCNDRY_s_level_out_bus_d4' to cell 'FDR' [/home/manuel/Desktop/Display/Display.srcs/sources_1/bd/microblaze/ipshared/ef1e/hdl/lib_cdc_v1_0_rfs.vhd:804]
	Parameter INIT bound to: 1'b0 
INFO: [Synth 8-113] binding component instance 'CROSS2_PLEVEL_IN2SCNDRY_s_level_out_bus_d5' to cell 'FDR' [/home/manuel/Desktop/Display/Display.srcs/sources_1/bd/microblaze/ipshared/ef1e/hdl/lib_cdc_v1_0_rfs.vhd:821]
	Parameter INIT bound to: 1'b0 
INFO: [Synth 8-113] binding component instance 'CROSS2_PLEVEL_IN2SCNDRY_s_level_out_bus_d5' to cell 'FDR' [/home/manuel/Desktop/Display/Display.srcs/sources_1/bd/microblaze/ipshared/ef1e/hdl/lib_cdc_v1_0_rfs.vhd:821]
	Parameter INIT bound to: 1'b0 
INFO: [Synth 8-113] binding component instance 'CROSS2_PLEVEL_IN2SCNDRY_s_level_out_bus_d5' to cell 'FDR' [/home/manuel/Desktop/Display/Display.srcs/sources_1/bd/microblaze/ipshared/ef1e/hdl/lib_cdc_v1_0_rfs.vhd:821]
	Parameter INIT bound to: 1'b0 
INFO: [Synth 8-113] binding component instance 'CROSS2_PLEVEL_IN2SCNDRY_s_level_out_bus_d5' to cell 'FDR' [/home/manuel/Desktop/Display/Display.srcs/sources_1/bd/microblaze/ipshared/ef1e/hdl/lib_cdc_v1_0_rfs.vhd:821]
	Parameter INIT bound to: 1'b0 
INFO: [Synth 8-113] binding component instance 'CROSS2_PLEVEL_IN2SCNDRY_s_level_out_bus_d6' to cell 'FDR' [/home/manuel/Desktop/Display/Display.srcs/sources_1/bd/microblaze/ipshared/ef1e/hdl/lib_cdc_v1_0_rfs.vhd:837]
	Parameter INIT bound to: 1'b0 
INFO: [Synth 8-113] binding component instance 'CROSS2_PLEVEL_IN2SCNDRY_s_level_out_bus_d6' to cell 'FDR' [/home/manuel/Desktop/Display/Display.srcs/sources_1/bd/microblaze/ipshared/ef1e/hdl/lib_cdc_v1_0_rfs.vhd:837]
	Parameter INIT bound to: 1'b0 
INFO: [Synth 8-113] binding component instance 'CROSS2_PLEVEL_IN2SCNDRY_s_level_out_bus_d6' to cell 'FDR' [/home/manuel/Desktop/Display/Display.srcs/sources_1/bd/microblaze/ipshared/ef1e/hdl/lib_cdc_v1_0_rfs.vhd:837]
	Parameter INIT bound to: 1'b0 
INFO: [Synth 8-113] binding component instance 'CROSS2_PLEVEL_IN2SCNDRY_s_level_out_bus_d6' to cell 'FDR' [/home/manuel/Desktop/Display/Display.srcs/sources_1/bd/microblaze/ipshared/ef1e/hdl/lib_cdc_v1_0_rfs.vhd:837]
INFO: [Synth 8-256] done synthesizing module 'cdc_sync' (5#1) [/home/manuel/Desktop/Display/Display.srcs/sources_1/bd/microblaze/ipshared/ef1e/hdl/lib_cdc_v1_0_rfs.vhd:106]
INFO: [Synth 8-638] synthesizing module 'cdc_sync__parameterized0' [/home/manuel/Desktop/Display/Display.srcs/sources_1/bd/microblaze/ipshared/ef1e/hdl/lib_cdc_v1_0_rfs.vhd:106]
	Parameter C_CDC_TYPE bound to: 1 - type: integer 
	Parameter C_RESET_STATE bound to: 0 - type: integer 
	Parameter C_SINGLE_BIT bound to: 0 - type: integer 
	Parameter C_FLOP_INPUT bound to: 0 - type: integer 
	Parameter C_VECTOR_WIDTH bound to: 16 - type: integer 
	Parameter C_MTBF_STAGES bound to: 4 - type: integer 
	Parameter INIT bound to: 1'b0 
INFO: [Synth 8-113] binding component instance 'CROSS2_PLEVEL_IN2SCNDRY_IN_cdc_to' to cell 'FDR' [/home/manuel/Desktop/Display/Display.srcs/sources_1/bd/microblaze/ipshared/ef1e/hdl/lib_cdc_v1_0_rfs.vhd:736]
	Parameter INIT bound to: 1'b0 
INFO: [Synth 8-113] binding component instance 'CROSS2_PLEVEL_IN2SCNDRY_IN_cdc_to' to cell 'FDR' [/home/manuel/Desktop/Display/Display.srcs/sources_1/bd/microblaze/ipshared/ef1e/hdl/lib_cdc_v1_0_rfs.vhd:736]
	Parameter INIT bound to: 1'b0 
INFO: [Synth 8-113] binding component instance 'CROSS2_PLEVEL_IN2SCNDRY_IN_cdc_to' to cell 'FDR' [/home/manuel/Desktop/Display/Display.srcs/sources_1/bd/microblaze/ipshared/ef1e/hdl/lib_cdc_v1_0_rfs.vhd:736]
	Parameter INIT bound to: 1'b0 
INFO: [Synth 8-113] binding component instance 'CROSS2_PLEVEL_IN2SCNDRY_IN_cdc_to' to cell 'FDR' [/home/manuel/Desktop/Display/Display.srcs/sources_1/bd/microblaze/ipshared/ef1e/hdl/lib_cdc_v1_0_rfs.vhd:736]
	Parameter INIT bound to: 1'b0 
INFO: [Synth 8-113] binding component instance 'CROSS2_PLEVEL_IN2SCNDRY_IN_cdc_to' to cell 'FDR' [/home/manuel/Desktop/Display/Display.srcs/sources_1/bd/microblaze/ipshared/ef1e/hdl/lib_cdc_v1_0_rfs.vhd:736]
	Parameter INIT bound to: 1'b0 
INFO: [Synth 8-113] binding component instance 'CROSS2_PLEVEL_IN2SCNDRY_IN_cdc_to' to cell 'FDR' [/home/manuel/Desktop/Display/Display.srcs/sources_1/bd/microblaze/ipshared/ef1e/hdl/lib_cdc_v1_0_rfs.vhd:736]
	Parameter INIT bound to: 1'b0 
INFO: [Synth 8-113] binding component instance 'CROSS2_PLEVEL_IN2SCNDRY_IN_cdc_to' to cell 'FDR' [/home/manuel/Desktop/Display/Display.srcs/sources_1/bd/microblaze/ipshared/ef1e/hdl/lib_cdc_v1_0_rfs.vhd:736]
	Parameter INIT bound to: 1'b0 
INFO: [Synth 8-113] binding component instance 'CROSS2_PLEVEL_IN2SCNDRY_IN_cdc_to' to cell 'FDR' [/home/manuel/Desktop/Display/Display.srcs/sources_1/bd/microblaze/ipshared/ef1e/hdl/lib_cdc_v1_0_rfs.vhd:736]
	Parameter INIT bound to: 1'b0 
INFO: [Synth 8-113] binding component instance 'CROSS2_PLEVEL_IN2SCNDRY_IN_cdc_to' to cell 'FDR' [/home/manuel/Desktop/Display/Display.srcs/sources_1/bd/microblaze/ipshared/ef1e/hdl/lib_cdc_v1_0_rfs.vhd:736]
	Parameter INIT bound to: 1'b0 
INFO: [Synth 8-113] binding component instance 'CROSS2_PLEVEL_IN2SCNDRY_IN_cdc_to' to cell 'FDR' [/home/manuel/Desktop/Display/Display.srcs/sources_1/bd/microblaze/ipshared/ef1e/hdl/lib_cdc_v1_0_rfs.vhd:736]
	Parameter INIT bound to: 1'b0 
INFO: [Synth 8-113] binding component instance 'CROSS2_PLEVEL_IN2SCNDRY_IN_cdc_to' to cell 'FDR' [/home/manuel/Desktop/Display/Display.srcs/sources_1/bd/microblaze/ipshared/ef1e/hdl/lib_cdc_v1_0_rfs.vhd:736]
	Parameter INIT bound to: 1'b0 
INFO: [Synth 8-113] binding component instance 'CROSS2_PLEVEL_IN2SCNDRY_IN_cdc_to' to cell 'FDR' [/home/manuel/Desktop/Display/Display.srcs/sources_1/bd/microblaze/ipshared/ef1e/hdl/lib_cdc_v1_0_rfs.vhd:736]
	Parameter INIT bound to: 1'b0 
INFO: [Synth 8-113] binding component instance 'CROSS2_PLEVEL_IN2SCNDRY_IN_cdc_to' to cell 'FDR' [/home/manuel/Desktop/Display/Display.srcs/sources_1/bd/microblaze/ipshared/ef1e/hdl/lib_cdc_v1_0_rfs.vhd:736]
	Parameter INIT bound to: 1'b0 
INFO: [Synth 8-113] binding component instance 'CROSS2_PLEVEL_IN2SCNDRY_IN_cdc_to' to cell 'FDR' [/home/manuel/Desktop/Display/Display.srcs/sources_1/bd/microblaze/ipshared/ef1e/hdl/lib_cdc_v1_0_rfs.vhd:736]
	Parameter INIT bound to: 1'b0 
INFO: [Synth 8-113] binding component instance 'CROSS2_PLEVEL_IN2SCNDRY_IN_cdc_to' to cell 'FDR' [/home/manuel/Desktop/Display/Display.srcs/sources_1/bd/microblaze/ipshared/ef1e/hdl/lib_cdc_v1_0_rfs.vhd:736]
	Parameter INIT bound to: 1'b0 
INFO: [Synth 8-113] binding component instance 'CROSS2_PLEVEL_IN2SCNDRY_IN_cdc_to' to cell 'FDR' [/home/manuel/Desktop/Display/Display.srcs/sources_1/bd/microblaze/ipshared/ef1e/hdl/lib_cdc_v1_0_rfs.vhd:736]
	Parameter INIT bound to: 1'b0 
INFO: [Synth 8-113] binding component instance 'CROSS2_PLEVEL_IN2SCNDRY_s_level_out_bus_d2' to cell 'FDR' [/home/manuel/Desktop/Display/Display.srcs/sources_1/bd/microblaze/ipshared/ef1e/hdl/lib_cdc_v1_0_rfs.vhd:772]
	Parameter INIT bound to: 1'b0 
INFO: [Synth 8-113] binding component instance 'CROSS2_PLEVEL_IN2SCNDRY_s_level_out_bus_d2' to cell 'FDR' [/home/manuel/Desktop/Display/Display.srcs/sources_1/bd/microblaze/ipshared/ef1e/hdl/lib_cdc_v1_0_rfs.vhd:772]
	Parameter INIT bound to: 1'b0 
INFO: [Synth 8-113] binding component instance 'CROSS2_PLEVEL_IN2SCNDRY_s_level_out_bus_d2' to cell 'FDR' [/home/manuel/Desktop/Display/Display.srcs/sources_1/bd/microblaze/ipshared/ef1e/hdl/lib_cdc_v1_0_rfs.vhd:772]
	Parameter INIT bound to: 1'b0 
INFO: [Synth 8-113] binding component instance 'CROSS2_PLEVEL_IN2SCNDRY_s_level_out_bus_d2' to cell 'FDR' [/home/manuel/Desktop/Display/Display.srcs/sources_1/bd/microblaze/ipshared/ef1e/hdl/lib_cdc_v1_0_rfs.vhd:772]
	Parameter INIT bound to: 1'b0 
INFO: [Synth 8-113] binding component instance 'CROSS2_PLEVEL_IN2SCNDRY_s_level_out_bus_d2' to cell 'FDR' [/home/manuel/Desktop/Display/Display.srcs/sources_1/bd/microblaze/ipshared/ef1e/hdl/lib_cdc_v1_0_rfs.vhd:772]
	Parameter INIT bound to: 1'b0 
INFO: [Synth 8-113] binding component instance 'CROSS2_PLEVEL_IN2SCNDRY_s_level_out_bus_d2' to cell 'FDR' [/home/manuel/Desktop/Display/Display.srcs/sources_1/bd/microblaze/ipshared/ef1e/hdl/lib_cdc_v1_0_rfs.vhd:772]
	Parameter INIT bound to: 1'b0 
INFO: [Synth 8-113] binding component instance 'CROSS2_PLEVEL_IN2SCNDRY_s_level_out_bus_d2' to cell 'FDR' [/home/manuel/Desktop/Display/Display.srcs/sources_1/bd/microblaze/ipshared/ef1e/hdl/lib_cdc_v1_0_rfs.vhd:772]
	Parameter INIT bound to: 1'b0 
INFO: [Synth 8-113] binding component instance 'CROSS2_PLEVEL_IN2SCNDRY_s_level_out_bus_d2' to cell 'FDR' [/home/manuel/Desktop/Display/Display.srcs/sources_1/bd/microblaze/ipshared/ef1e/hdl/lib_cdc_v1_0_rfs.vhd:772]
	Parameter INIT bound to: 1'b0 
INFO: [Synth 8-113] binding component instance 'CROSS2_PLEVEL_IN2SCNDRY_s_level_out_bus_d2' to cell 'FDR' [/home/manuel/Desktop/Display/Display.srcs/sources_1/bd/microblaze/ipshared/ef1e/hdl/lib_cdc_v1_0_rfs.vhd:772]
	Parameter INIT bound to: 1'b0 
INFO: [Synth 8-113] binding component instance 'CROSS2_PLEVEL_IN2SCNDRY_s_level_out_bus_d2' to cell 'FDR' [/home/manuel/Desktop/Display/Display.srcs/sources_1/bd/microblaze/ipshared/ef1e/hdl/lib_cdc_v1_0_rfs.vhd:772]
	Parameter INIT bound to: 1'b0 
INFO: [Synth 8-113] binding component instance 'CROSS2_PLEVEL_IN2SCNDRY_s_level_out_bus_d2' to cell 'FDR' [/home/manuel/Desktop/Display/Display.srcs/sources_1/bd/microblaze/ipshared/ef1e/hdl/lib_cdc_v1_0_rfs.vhd:772]
	Parameter INIT bound to: 1'b0 
INFO: [Synth 8-113] binding component instance 'CROSS2_PLEVEL_IN2SCNDRY_s_level_out_bus_d2' to cell 'FDR' [/home/manuel/Desktop/Display/Display.srcs/sources_1/bd/microblaze/ipshared/ef1e/hdl/lib_cdc_v1_0_rfs.vhd:772]
	Parameter INIT bound to: 1'b0 
INFO: [Synth 8-113] binding component instance 'CROSS2_PLEVEL_IN2SCNDRY_s_level_out_bus_d2' to cell 'FDR' [/home/manuel/Desktop/Display/Display.srcs/sources_1/bd/microblaze/ipshared/ef1e/hdl/lib_cdc_v1_0_rfs.vhd:772]
	Parameter INIT bound to: 1'b0 
INFO: [Synth 8-113] binding component instance 'CROSS2_PLEVEL_IN2SCNDRY_s_level_out_bus_d2' to cell 'FDR' [/home/manuel/Desktop/Display/Display.srcs/sources_1/bd/microblaze/ipshared/ef1e/hdl/lib_cdc_v1_0_rfs.vhd:772]
	Parameter INIT bound to: 1'b0 
INFO: [Synth 8-113] binding component instance 'CROSS2_PLEVEL_IN2SCNDRY_s_level_out_bus_d2' to cell 'FDR' [/home/manuel/Desktop/Display/Display.srcs/sources_1/bd/microblaze/ipshared/ef1e/hdl/lib_cdc_v1_0_rfs.vhd:772]
	Parameter INIT bound to: 1'b0 
INFO: [Synth 8-113] binding component instance 'CROSS2_PLEVEL_IN2SCNDRY_s_level_out_bus_d2' to cell 'FDR' [/home/manuel/Desktop/Display/Display.srcs/sources_1/bd/microblaze/ipshared/ef1e/hdl/lib_cdc_v1_0_rfs.vhd:772]
	Parameter INIT bound to: 1'b0 
INFO: [Synth 8-113] binding component instance 'CROSS2_PLEVEL_IN2SCNDRY_s_level_out_bus_d3' to cell 'FDR' [/home/manuel/Desktop/Display/Display.srcs/sources_1/bd/microblaze/ipshared/ef1e/hdl/lib_cdc_v1_0_rfs.vhd:788]
	Parameter INIT bound to: 1'b0 
INFO: [Synth 8-113] binding component instance 'CROSS2_PLEVEL_IN2SCNDRY_s_level_out_bus_d3' to cell 'FDR' [/home/manuel/Desktop/Display/Display.srcs/sources_1/bd/microblaze/ipshared/ef1e/hdl/lib_cdc_v1_0_rfs.vhd:788]
	Parameter INIT bound to: 1'b0 
INFO: [Synth 8-113] binding component instance 'CROSS2_PLEVEL_IN2SCNDRY_s_level_out_bus_d3' to cell 'FDR' [/home/manuel/Desktop/Display/Display.srcs/sources_1/bd/microblaze/ipshared/ef1e/hdl/lib_cdc_v1_0_rfs.vhd:788]
	Parameter INIT bound to: 1'b0 
INFO: [Synth 8-113] binding component instance 'CROSS2_PLEVEL_IN2SCNDRY_s_level_out_bus_d3' to cell 'FDR' [/home/manuel/Desktop/Display/Display.srcs/sources_1/bd/microblaze/ipshared/ef1e/hdl/lib_cdc_v1_0_rfs.vhd:788]
	Parameter INIT bound to: 1'b0 
INFO: [Synth 8-113] binding component instance 'CROSS2_PLEVEL_IN2SCNDRY_s_level_out_bus_d3' to cell 'FDR' [/home/manuel/Desktop/Display/Display.srcs/sources_1/bd/microblaze/ipshared/ef1e/hdl/lib_cdc_v1_0_rfs.vhd:788]
	Parameter INIT bound to: 1'b0 
INFO: [Synth 8-113] binding component instance 'CROSS2_PLEVEL_IN2SCNDRY_s_level_out_bus_d3' to cell 'FDR' [/home/manuel/Desktop/Display/Display.srcs/sources_1/bd/microblaze/ipshared/ef1e/hdl/lib_cdc_v1_0_rfs.vhd:788]
	Parameter INIT bound to: 1'b0 
INFO: [Synth 8-113] binding component instance 'CROSS2_PLEVEL_IN2SCNDRY_s_level_out_bus_d3' to cell 'FDR' [/home/manuel/Desktop/Display/Display.srcs/sources_1/bd/microblaze/ipshared/ef1e/hdl/lib_cdc_v1_0_rfs.vhd:788]
	Parameter INIT bound to: 1'b0 
INFO: [Synth 8-113] binding component instance 'CROSS2_PLEVEL_IN2SCNDRY_s_level_out_bus_d3' to cell 'FDR' [/home/manuel/Desktop/Display/Display.srcs/sources_1/bd/microblaze/ipshared/ef1e/hdl/lib_cdc_v1_0_rfs.vhd:788]
	Parameter INIT bound to: 1'b0 
INFO: [Synth 8-113] binding component instance 'CROSS2_PLEVEL_IN2SCNDRY_s_level_out_bus_d3' to cell 'FDR' [/home/manuel/Desktop/Display/Display.srcs/sources_1/bd/microblaze/ipshared/ef1e/hdl/lib_cdc_v1_0_rfs.vhd:788]
	Parameter INIT bound to: 1'b0 
INFO: [Synth 8-113] binding component instance 'CROSS2_PLEVEL_IN2SCNDRY_s_level_out_bus_d3' to cell 'FDR' [/home/manuel/Desktop/Display/Display.srcs/sources_1/bd/microblaze/ipshared/ef1e/hdl/lib_cdc_v1_0_rfs.vhd:788]
	Parameter INIT bound to: 1'b0 
INFO: [Synth 8-113] binding component instance 'CROSS2_PLEVEL_IN2SCNDRY_s_level_out_bus_d3' to cell 'FDR' [/home/manuel/Desktop/Display/Display.srcs/sources_1/bd/microblaze/ipshared/ef1e/hdl/lib_cdc_v1_0_rfs.vhd:788]
	Parameter INIT bound to: 1'b0 
INFO: [Synth 8-113] binding component instance 'CROSS2_PLEVEL_IN2SCNDRY_s_level_out_bus_d3' to cell 'FDR' [/home/manuel/Desktop/Display/Display.srcs/sources_1/bd/microblaze/ipshared/ef1e/hdl/lib_cdc_v1_0_rfs.vhd:788]
	Parameter INIT bound to: 1'b0 
INFO: [Synth 8-113] binding component instance 'CROSS2_PLEVEL_IN2SCNDRY_s_level_out_bus_d3' to cell 'FDR' [/home/manuel/Desktop/Display/Display.srcs/sources_1/bd/microblaze/ipshared/ef1e/hdl/lib_cdc_v1_0_rfs.vhd:788]
	Parameter INIT bound to: 1'b0 
INFO: [Synth 8-113] binding component instance 'CROSS2_PLEVEL_IN2SCNDRY_s_level_out_bus_d3' to cell 'FDR' [/home/manuel/Desktop/Display/Display.srcs/sources_1/bd/microblaze/ipshared/ef1e/hdl/lib_cdc_v1_0_rfs.vhd:788]
	Parameter INIT bound to: 1'b0 
INFO: [Synth 8-113] binding component instance 'CROSS2_PLEVEL_IN2SCNDRY_s_level_out_bus_d3' to cell 'FDR' [/home/manuel/Desktop/Display/Display.srcs/sources_1/bd/microblaze/ipshared/ef1e/hdl/lib_cdc_v1_0_rfs.vhd:788]
	Parameter INIT bound to: 1'b0 
INFO: [Synth 8-113] binding component instance 'CROSS2_PLEVEL_IN2SCNDRY_s_level_out_bus_d3' to cell 'FDR' [/home/manuel/Desktop/Display/Display.srcs/sources_1/bd/microblaze/ipshared/ef1e/hdl/lib_cdc_v1_0_rfs.vhd:788]
	Parameter INIT bound to: 1'b0 
INFO: [Synth 8-113] binding component instance 'CROSS2_PLEVEL_IN2SCNDRY_s_level_out_bus_d4' to cell 'FDR' [/home/manuel/Desktop/Display/Display.srcs/sources_1/bd/microblaze/ipshared/ef1e/hdl/lib_cdc_v1_0_rfs.vhd:804]
	Parameter INIT bound to: 1'b0 
INFO: [Synth 8-113] binding component instance 'CROSS2_PLEVEL_IN2SCNDRY_s_level_out_bus_d4' to cell 'FDR' [/home/manuel/Desktop/Display/Display.srcs/sources_1/bd/microblaze/ipshared/ef1e/hdl/lib_cdc_v1_0_rfs.vhd:804]
	Parameter INIT bound to: 1'b0 
INFO: [Synth 8-113] binding component instance 'CROSS2_PLEVEL_IN2SCNDRY_s_level_out_bus_d4' to cell 'FDR' [/home/manuel/Desktop/Display/Display.srcs/sources_1/bd/microblaze/ipshared/ef1e/hdl/lib_cdc_v1_0_rfs.vhd:804]
	Parameter INIT bound to: 1'b0 
INFO: [Synth 8-113] binding component instance 'CROSS2_PLEVEL_IN2SCNDRY_s_level_out_bus_d4' to cell 'FDR' [/home/manuel/Desktop/Display/Display.srcs/sources_1/bd/microblaze/ipshared/ef1e/hdl/lib_cdc_v1_0_rfs.vhd:804]
	Parameter INIT bound to: 1'b0 
INFO: [Synth 8-113] binding component instance 'CROSS2_PLEVEL_IN2SCNDRY_s_level_out_bus_d4' to cell 'FDR' [/home/manuel/Desktop/Display/Display.srcs/sources_1/bd/microblaze/ipshared/ef1e/hdl/lib_cdc_v1_0_rfs.vhd:804]
	Parameter INIT bound to: 1'b0 
INFO: [Synth 8-113] binding component instance 'CROSS2_PLEVEL_IN2SCNDRY_s_level_out_bus_d4' to cell 'FDR' [/home/manuel/Desktop/Display/Display.srcs/sources_1/bd/microblaze/ipshared/ef1e/hdl/lib_cdc_v1_0_rfs.vhd:804]
	Parameter INIT bound to: 1'b0 
INFO: [Synth 8-113] binding component instance 'CROSS2_PLEVEL_IN2SCNDRY_s_level_out_bus_d4' to cell 'FDR' [/home/manuel/Desktop/Display/Display.srcs/sources_1/bd/microblaze/ipshared/ef1e/hdl/lib_cdc_v1_0_rfs.vhd:804]
	Parameter INIT bound to: 1'b0 
INFO: [Synth 8-113] binding component instance 'CROSS2_PLEVEL_IN2SCNDRY_s_level_out_bus_d4' to cell 'FDR' [/home/manuel/Desktop/Display/Display.srcs/sources_1/bd/microblaze/ipshared/ef1e/hdl/lib_cdc_v1_0_rfs.vhd:804]
	Parameter INIT bound to: 1'b0 
INFO: [Synth 8-113] binding component instance 'CROSS2_PLEVEL_IN2SCNDRY_s_level_out_bus_d4' to cell 'FDR' [/home/manuel/Desktop/Display/Display.srcs/sources_1/bd/microblaze/ipshared/ef1e/hdl/lib_cdc_v1_0_rfs.vhd:804]
	Parameter INIT bound to: 1'b0 
INFO: [Synth 8-113] binding component instance 'CROSS2_PLEVEL_IN2SCNDRY_s_level_out_bus_d4' to cell 'FDR' [/home/manuel/Desktop/Display/Display.srcs/sources_1/bd/microblaze/ipshared/ef1e/hdl/lib_cdc_v1_0_rfs.vhd:804]
	Parameter INIT bound to: 1'b0 
INFO: [Synth 8-113] binding component instance 'CROSS2_PLEVEL_IN2SCNDRY_s_level_out_bus_d4' to cell 'FDR' [/home/manuel/Desktop/Display/Display.srcs/sources_1/bd/microblaze/ipshared/ef1e/hdl/lib_cdc_v1_0_rfs.vhd:804]
	Parameter INIT bound to: 1'b0 
INFO: [Synth 8-113] binding component instance 'CROSS2_PLEVEL_IN2SCNDRY_s_level_out_bus_d4' to cell 'FDR' [/home/manuel/Desktop/Display/Display.srcs/sources_1/bd/microblaze/ipshared/ef1e/hdl/lib_cdc_v1_0_rfs.vhd:804]
	Parameter INIT bound to: 1'b0 
INFO: [Synth 8-113] binding component instance 'CROSS2_PLEVEL_IN2SCNDRY_s_level_out_bus_d4' to cell 'FDR' [/home/manuel/Desktop/Display/Display.srcs/sources_1/bd/microblaze/ipshared/ef1e/hdl/lib_cdc_v1_0_rfs.vhd:804]
	Parameter INIT bound to: 1'b0 
INFO: [Synth 8-113] binding component instance 'CROSS2_PLEVEL_IN2SCNDRY_s_level_out_bus_d4' to cell 'FDR' [/home/manuel/Desktop/Display/Display.srcs/sources_1/bd/microblaze/ipshared/ef1e/hdl/lib_cdc_v1_0_rfs.vhd:804]
	Parameter INIT bound to: 1'b0 
INFO: [Synth 8-113] binding component instance 'CROSS2_PLEVEL_IN2SCNDRY_s_level_out_bus_d4' to cell 'FDR' [/home/manuel/Desktop/Display/Display.srcs/sources_1/bd/microblaze/ipshared/ef1e/hdl/lib_cdc_v1_0_rfs.vhd:804]
	Parameter INIT bound to: 1'b0 
INFO: [Synth 8-113] binding component instance 'CROSS2_PLEVEL_IN2SCNDRY_s_level_out_bus_d4' to cell 'FDR' [/home/manuel/Desktop/Display/Display.srcs/sources_1/bd/microblaze/ipshared/ef1e/hdl/lib_cdc_v1_0_rfs.vhd:804]
	Parameter INIT bound to: 1'b0 
INFO: [Synth 8-113] binding component instance 'CROSS2_PLEVEL_IN2SCNDRY_s_level_out_bus_d5' to cell 'FDR' [/home/manuel/Desktop/Display/Display.srcs/sources_1/bd/microblaze/ipshared/ef1e/hdl/lib_cdc_v1_0_rfs.vhd:821]
	Parameter INIT bound to: 1'b0 
INFO: [Synth 8-113] binding component instance 'CROSS2_PLEVEL_IN2SCNDRY_s_level_out_bus_d5' to cell 'FDR' [/home/manuel/Desktop/Display/Display.srcs/sources_1/bd/microblaze/ipshared/ef1e/hdl/lib_cdc_v1_0_rfs.vhd:821]
	Parameter INIT bound to: 1'b0 
INFO: [Synth 8-113] binding component instance 'CROSS2_PLEVEL_IN2SCNDRY_s_level_out_bus_d5' to cell 'FDR' [/home/manuel/Desktop/Display/Display.srcs/sources_1/bd/microblaze/ipshared/ef1e/hdl/lib_cdc_v1_0_rfs.vhd:821]
	Parameter INIT bound to: 1'b0 
INFO: [Synth 8-113] binding component instance 'CROSS2_PLEVEL_IN2SCNDRY_s_level_out_bus_d5' to cell 'FDR' [/home/manuel/Desktop/Display/Display.srcs/sources_1/bd/microblaze/ipshared/ef1e/hdl/lib_cdc_v1_0_rfs.vhd:821]
	Parameter INIT bound to: 1'b0 
INFO: [Synth 8-113] binding component instance 'CROSS2_PLEVEL_IN2SCNDRY_s_level_out_bus_d5' to cell 'FDR' [/home/manuel/Desktop/Display/Display.srcs/sources_1/bd/microblaze/ipshared/ef1e/hdl/lib_cdc_v1_0_rfs.vhd:821]
	Parameter INIT bound to: 1'b0 
INFO: [Synth 8-113] binding component instance 'CROSS2_PLEVEL_IN2SCNDRY_s_level_out_bus_d5' to cell 'FDR' [/home/manuel/Desktop/Display/Display.srcs/sources_1/bd/microblaze/ipshared/ef1e/hdl/lib_cdc_v1_0_rfs.vhd:821]
	Parameter INIT bound to: 1'b0 
INFO: [Synth 8-113] binding component instance 'CROSS2_PLEVEL_IN2SCNDRY_s_level_out_bus_d5' to cell 'FDR' [/home/manuel/Desktop/Display/Display.srcs/sources_1/bd/microblaze/ipshared/ef1e/hdl/lib_cdc_v1_0_rfs.vhd:821]
	Parameter INIT bound to: 1'b0 
INFO: [Synth 8-113] binding component instance 'CROSS2_PLEVEL_IN2SCNDRY_s_level_out_bus_d5' to cell 'FDR' [/home/manuel/Desktop/Display/Display.srcs/sources_1/bd/microblaze/ipshared/ef1e/hdl/lib_cdc_v1_0_rfs.vhd:821]
	Parameter INIT bound to: 1'b0 
INFO: [Synth 8-113] binding component instance 'CROSS2_PLEVEL_IN2SCNDRY_s_level_out_bus_d5' to cell 'FDR' [/home/manuel/Desktop/Display/Display.srcs/sources_1/bd/microblaze/ipshared/ef1e/hdl/lib_cdc_v1_0_rfs.vhd:821]
	Parameter INIT bound to: 1'b0 
INFO: [Synth 8-113] binding component instance 'CROSS2_PLEVEL_IN2SCNDRY_s_level_out_bus_d5' to cell 'FDR' [/home/manuel/Desktop/Display/Display.srcs/sources_1/bd/microblaze/ipshared/ef1e/hdl/lib_cdc_v1_0_rfs.vhd:821]
	Parameter INIT bound to: 1'b0 
INFO: [Synth 8-113] binding component instance 'CROSS2_PLEVEL_IN2SCNDRY_s_level_out_bus_d5' to cell 'FDR' [/home/manuel/Desktop/Display/Display.srcs/sources_1/bd/microblaze/ipshared/ef1e/hdl/lib_cdc_v1_0_rfs.vhd:821]
	Parameter INIT bound to: 1'b0 
INFO: [Synth 8-113] binding component instance 'CROSS2_PLEVEL_IN2SCNDRY_s_level_out_bus_d5' to cell 'FDR' [/home/manuel/Desktop/Display/Display.srcs/sources_1/bd/microblaze/ipshared/ef1e/hdl/lib_cdc_v1_0_rfs.vhd:821]
INFO: [Common 17-14] Message 'Synth 8-113' appears 100 times and further instances of the messages will be disabled. Use the Tcl command set_msg_config to change the current settings.
	Parameter INIT bound to: 1'b0 
	Parameter INIT bound to: 1'b0 
	Parameter INIT bound to: 1'b0 
	Parameter INIT bound to: 1'b0 
	Parameter INIT bound to: 1'b0 
	Parameter INIT bound to: 1'b0 
	Parameter INIT bound to: 1'b0 
	Parameter INIT bound to: 1'b0 
	Parameter INIT bound to: 1'b0 
	Parameter INIT bound to: 1'b0 
	Parameter INIT bound to: 1'b0 
	Parameter INIT bound to: 1'b0 
	Parameter INIT bound to: 1'b0 
	Parameter INIT bound to: 1'b0 
	Parameter INIT bound to: 1'b0 
	Parameter INIT bound to: 1'b0 
	Parameter INIT bound to: 1'b0 
	Parameter INIT bound to: 1'b0 
	Parameter INIT bound to: 1'b0 
	Parameter INIT bound to: 1'b0 
INFO: [Synth 8-256] done synthesizing module 'cdc_sync__parameterized0' (5#1) [/home/manuel/Desktop/Display/Display.srcs/sources_1/bd/microblaze/ipshared/ef1e/hdl/lib_cdc_v1_0_rfs.vhd:106]
WARNING: [Synth 8-6014] Unused sequential element Dual.ALLIN0_ND_G0.READ_REG_GEN[0].GPIO_DBus_i_reg was removed.  [/home/manuel/Desktop/Display/Display.srcs/sources_1/bd/microblaze/ipshared/c450/hdl/axi_gpio_v2_0_vh_rfs.vhd:658]
WARNING: [Synth 8-6014] Unused sequential element Dual.ALLIN0_ND_G0.READ_REG_GEN[1].GPIO_DBus_i_reg was removed.  [/home/manuel/Desktop/Display/Display.srcs/sources_1/bd/microblaze/ipshared/c450/hdl/axi_gpio_v2_0_vh_rfs.vhd:658]
WARNING: [Synth 8-6014] Unused sequential element Dual.ALLIN0_ND_G0.READ_REG_GEN[2].GPIO_DBus_i_reg was removed.  [/home/manuel/Desktop/Display/Display.srcs/sources_1/bd/microblaze/ipshared/c450/hdl/axi_gpio_v2_0_vh_rfs.vhd:658]
WARNING: [Synth 8-6014] Unused sequential element Dual.ALLIN0_ND_G0.READ_REG_GEN[3].GPIO_DBus_i_reg was removed.  [/home/manuel/Desktop/Display/Display.srcs/sources_1/bd/microblaze/ipshared/c450/hdl/axi_gpio_v2_0_vh_rfs.vhd:658]
WARNING: [Synth 8-6014] Unused sequential element Dual.ALLIN0_ND_G2.READ_REG2_GEN[0].GPIO2_DBus_i_reg was removed.  [/home/manuel/Desktop/Display/Display.srcs/sources_1/bd/microblaze/ipshared/c450/hdl/axi_gpio_v2_0_vh_rfs.vhd:719]
WARNING: [Synth 8-6014] Unused sequential element Dual.ALLIN0_ND_G2.READ_REG2_GEN[1].GPIO2_DBus_i_reg was removed.  [/home/manuel/Desktop/Display/Display.srcs/sources_1/bd/microblaze/ipshared/c450/hdl/axi_gpio_v2_0_vh_rfs.vhd:719]
WARNING: [Synth 8-6014] Unused sequential element Dual.ALLIN0_ND_G2.READ_REG2_GEN[2].GPIO2_DBus_i_reg was removed.  [/home/manuel/Desktop/Display/Display.srcs/sources_1/bd/microblaze/ipshared/c450/hdl/axi_gpio_v2_0_vh_rfs.vhd:719]
WARNING: [Synth 8-6014] Unused sequential element Dual.ALLIN0_ND_G2.READ_REG2_GEN[3].GPIO2_DBus_i_reg was removed.  [/home/manuel/Desktop/Display/Display.srcs/sources_1/bd/microblaze/ipshared/c450/hdl/axi_gpio_v2_0_vh_rfs.vhd:719]
WARNING: [Synth 8-6014] Unused sequential element Dual.ALLIN0_ND_G2.READ_REG2_GEN[4].GPIO2_DBus_i_reg was removed.  [/home/manuel/Desktop/Display/Display.srcs/sources_1/bd/microblaze/ipshared/c450/hdl/axi_gpio_v2_0_vh_rfs.vhd:719]
WARNING: [Synth 8-6014] Unused sequential element Dual.ALLIN0_ND_G2.READ_REG2_GEN[5].GPIO2_DBus_i_reg was removed.  [/home/manuel/Desktop/Display/Display.srcs/sources_1/bd/microblaze/ipshared/c450/hdl/axi_gpio_v2_0_vh_rfs.vhd:719]
WARNING: [Synth 8-6014] Unused sequential element Dual.ALLIN0_ND_G2.READ_REG2_GEN[6].GPIO2_DBus_i_reg was removed.  [/home/manuel/Desktop/Display/Display.srcs/sources_1/bd/microblaze/ipshared/c450/hdl/axi_gpio_v2_0_vh_rfs.vhd:719]
WARNING: [Synth 8-6014] Unused sequential element Dual.ALLIN0_ND_G2.READ_REG2_GEN[7].GPIO2_DBus_i_reg was removed.  [/home/manuel/Desktop/Display/Display.srcs/sources_1/bd/microblaze/ipshared/c450/hdl/axi_gpio_v2_0_vh_rfs.vhd:719]
WARNING: [Synth 8-6014] Unused sequential element Dual.ALLIN0_ND_G2.READ_REG2_GEN[8].GPIO2_DBus_i_reg was removed.  [/home/manuel/Desktop/Display/Display.srcs/sources_1/bd/microblaze/ipshared/c450/hdl/axi_gpio_v2_0_vh_rfs.vhd:719]
WARNING: [Synth 8-6014] Unused sequential element Dual.ALLIN0_ND_G2.READ_REG2_GEN[9].GPIO2_DBus_i_reg was removed.  [/home/manuel/Desktop/Display/Display.srcs/sources_1/bd/microblaze/ipshared/c450/hdl/axi_gpio_v2_0_vh_rfs.vhd:719]
WARNING: [Synth 8-6014] Unused sequential element Dual.ALLIN0_ND_G2.READ_REG2_GEN[10].GPIO2_DBus_i_reg was removed.  [/home/manuel/Desktop/Display/Display.srcs/sources_1/bd/microblaze/ipshared/c450/hdl/axi_gpio_v2_0_vh_rfs.vhd:719]
WARNING: [Synth 8-6014] Unused sequential element Dual.ALLIN0_ND_G2.READ_REG2_GEN[11].GPIO2_DBus_i_reg was removed.  [/home/manuel/Desktop/Display/Display.srcs/sources_1/bd/microblaze/ipshared/c450/hdl/axi_gpio_v2_0_vh_rfs.vhd:719]
WARNING: [Synth 8-6014] Unused sequential element Dual.ALLIN0_ND_G2.READ_REG2_GEN[12].GPIO2_DBus_i_reg was removed.  [/home/manuel/Desktop/Display/Display.srcs/sources_1/bd/microblaze/ipshared/c450/hdl/axi_gpio_v2_0_vh_rfs.vhd:719]
WARNING: [Synth 8-6014] Unused sequential element Dual.ALLIN0_ND_G2.READ_REG2_GEN[13].GPIO2_DBus_i_reg was removed.  [/home/manuel/Desktop/Display/Display.srcs/sources_1/bd/microblaze/ipshared/c450/hdl/axi_gpio_v2_0_vh_rfs.vhd:719]
WARNING: [Synth 8-6014] Unused sequential element Dual.ALLIN0_ND_G2.READ_REG2_GEN[14].GPIO2_DBus_i_reg was removed.  [/home/manuel/Desktop/Display/Display.srcs/sources_1/bd/microblaze/ipshared/c450/hdl/axi_gpio_v2_0_vh_rfs.vhd:719]
WARNING: [Synth 8-6014] Unused sequential element Dual.ALLIN0_ND_G2.READ_REG2_GEN[15].GPIO2_DBus_i_reg was removed.  [/home/manuel/Desktop/Display/Display.srcs/sources_1/bd/microblaze/ipshared/c450/hdl/axi_gpio_v2_0_vh_rfs.vhd:719]
INFO: [Synth 8-256] done synthesizing module 'GPIO_Core' (6#1) [/home/manuel/Desktop/Display/Display.srcs/sources_1/bd/microblaze/ipshared/c450/hdl/axi_gpio_v2_0_vh_rfs.vhd:178]
INFO: [Synth 8-256] done synthesizing module 'axi_gpio' (7#1) [/home/manuel/Desktop/Display/Display.srcs/sources_1/bd/microblaze/ipshared/c450/hdl/axi_gpio_v2_0_vh_rfs.vhd:1358]
INFO: [Synth 8-256] done synthesizing module 'microblaze_axi_gpio_1_1' (8#1) [/home/manuel/Desktop/Display/Display.srcs/sources_1/bd/microblaze/ip/microblaze_axi_gpio_1_1/synth/microblaze_axi_gpio_1_1.vhd:85]
WARNING: [Synth 8-3331] design cdc_sync__parameterized0 has unconnected port prmry_aclk
WARNING: [Synth 8-3331] design cdc_sync__parameterized0 has unconnected port prmry_resetn
WARNING: [Synth 8-3331] design cdc_sync__parameterized0 has unconnected port prmry_in
WARNING: [Synth 8-3331] design cdc_sync__parameterized0 has unconnected port scndry_resetn
WARNING: [Synth 8-3331] design cdc_sync has unconnected port prmry_aclk
WARNING: [Synth 8-3331] design cdc_sync has unconnected port prmry_resetn
WARNING: [Synth 8-3331] design cdc_sync has unconnected port prmry_in
WARNING: [Synth 8-3331] design cdc_sync has unconnected port scndry_resetn
WARNING: [Synth 8-3331] design GPIO_Core has unconnected port ABus_Reg[1]
WARNING: [Synth 8-3331] design GPIO_Core has unconnected port ABus_Reg[2]
WARNING: [Synth 8-3331] design GPIO_Core has unconnected port ABus_Reg[3]
WARNING: [Synth 8-3331] design GPIO_Core has unconnected port ABus_Reg[4]
WARNING: [Synth 8-3331] design GPIO_Core has unconnected port ABus_Reg[7]
WARNING: [Synth 8-3331] design GPIO_Core has unconnected port ABus_Reg[8]
WARNING: [Synth 8-3331] design GPIO_Core has unconnected port BE_Reg[0]
WARNING: [Synth 8-3331] design GPIO_Core has unconnected port BE_Reg[1]
WARNING: [Synth 8-3331] design GPIO_Core has unconnected port BE_Reg[2]
WARNING: [Synth 8-3331] design GPIO_Core has unconnected port BE_Reg[3]
WARNING: [Synth 8-3331] design address_decoder has unconnected port Address_In_Erly[0]
WARNING: [Synth 8-3331] design address_decoder has unconnected port Address_In_Erly[1]
WARNING: [Synth 8-3331] design address_decoder has unconnected port Address_In_Erly[2]
WARNING: [Synth 8-3331] design address_decoder has unconnected port Address_In_Erly[3]
WARNING: [Synth 8-3331] design address_decoder has unconnected port Address_In_Erly[4]
WARNING: [Synth 8-3331] design address_decoder has unconnected port Address_In_Erly[7]
WARNING: [Synth 8-3331] design address_decoder has unconnected port Address_In_Erly[8]
WARNING: [Synth 8-3331] design address_decoder has unconnected port Bus_RNW
WARNING: [Synth 8-3331] design slave_attachment has unconnected port S_AXI_WSTRB[3]
WARNING: [Synth 8-3331] design slave_attachment has unconnected port S_AXI_WSTRB[2]
WARNING: [Synth 8-3331] design slave_attachment has unconnected port S_AXI_WSTRB[1]
WARNING: [Synth 8-3331] design slave_attachment has unconnected port S_AXI_WSTRB[0]
---------------------------------------------------------------------------------
Finished RTL Elaboration : Time (s): cpu = 00:00:14 ; elapsed = 00:00:16 . Memory (MB): peak = 1312.398 ; gain = 127.527 ; free physical = 51513 ; free virtual = 57118
---------------------------------------------------------------------------------

Report Check Netlist: 
+------+------------------+-------+---------+-------+------------------+
|      |Item              |Errors |Warnings |Status |Description       |
+------+------------------+-------+---------+-------+------------------+
|1     |multi_driven_nets |      0|        0|Passed |Multi driven nets |
+------+------------------+-------+---------+-------+------------------+
---------------------------------------------------------------------------------
Finished RTL Optimization Phase 1 : Time (s): cpu = 00:00:14 ; elapsed = 00:00:16 . Memory (MB): peak = 1312.398 ; gain = 127.527 ; free physical = 51465 ; free virtual = 57069
---------------------------------------------------------------------------------
INFO: [Netlist 29-17] Analyzing 120 Unisim elements for replacement
INFO: [Netlist 29-28] Unisim Transformation completed in 0 CPU seconds
INFO: [Device 21-403] Loading part xc7a35tcpg236-1
INFO: [Project 1-570] Preparing netlist for logic optimization

Processing XDC Constraints
Initializing timing engine
Parsing XDC File [/home/manuel/Desktop/Display/Display.srcs/sources_1/bd/microblaze/ip/microblaze_axi_gpio_1_1/microblaze_axi_gpio_1_1_ooc.xdc] for cell 'U0'
Finished Parsing XDC File [/home/manuel/Desktop/Display/Display.srcs/sources_1/bd/microblaze/ip/microblaze_axi_gpio_1_1/microblaze_axi_gpio_1_1_ooc.xdc] for cell 'U0'
Parsing XDC File [/home/manuel/Desktop/Display/Display.srcs/sources_1/bd/microblaze/ip/microblaze_axi_gpio_1_1/microblaze_axi_gpio_1_1_board.xdc] for cell 'U0'
Finished Parsing XDC File [/home/manuel/Desktop/Display/Display.srcs/sources_1/bd/microblaze/ip/microblaze_axi_gpio_1_1/microblaze_axi_gpio_1_1_board.xdc] for cell 'U0'
Parsing XDC File [/home/manuel/Desktop/Display/Display.srcs/sources_1/bd/microblaze/ip/microblaze_axi_gpio_1_1/microblaze_axi_gpio_1_1.xdc] for cell 'U0'
Finished Parsing XDC File [/home/manuel/Desktop/Display/Display.srcs/sources_1/bd/microblaze/ip/microblaze_axi_gpio_1_1/microblaze_axi_gpio_1_1.xdc] for cell 'U0'
Parsing XDC File [/home/manuel/Desktop/Display/Display.runs/microblaze_axi_gpio_1_1_synth_1/dont_touch.xdc]
Finished Parsing XDC File [/home/manuel/Desktop/Display/Display.runs/microblaze_axi_gpio_1_1_synth_1/dont_touch.xdc]
Completed Processing XDC Constraints

INFO: [Project 1-111] Unisim Transformation Summary:
  A total of 120 instances were transformed.
  FDR => FDRE: 120 instances

Constraint Validation Runtime : Time (s): cpu = 00:00:00.03 ; elapsed = 00:00:00.03 . Memory (MB): peak = 1665.797 ; gain = 0.000 ; free physical = 50064 ; free virtual = 55780
---------------------------------------------------------------------------------
Finished Constraint Validation : Time (s): cpu = 00:00:36 ; elapsed = 00:00:54 . Memory (MB): peak = 1665.797 ; gain = 480.926 ; free physical = 50790 ; free virtual = 56391
---------------------------------------------------------------------------------
---------------------------------------------------------------------------------
Start Loading Part and Timing Information
---------------------------------------------------------------------------------
Loading part: xc7a35tcpg236-1
---------------------------------------------------------------------------------
Finished Loading Part and Timing Information : Time (s): cpu = 00:00:36 ; elapsed = 00:00:54 . Memory (MB): peak = 1665.797 ; gain = 480.926 ; free physical = 50790 ; free virtual = 56391
---------------------------------------------------------------------------------
---------------------------------------------------------------------------------
Start Applying 'set_property' XDC Constraints
---------------------------------------------------------------------------------
Applied set_property DONT_TOUCH = true for U0. (constraint file  /home/manuel/Desktop/Display/Display.runs/microblaze_axi_gpio_1_1_synth_1/dont_touch.xdc, line 9).
---------------------------------------------------------------------------------
Finished applying 'set_property' XDC Constraints : Time (s): cpu = 00:00:36 ; elapsed = 00:00:54 . Memory (MB): peak = 1665.797 ; gain = 480.926 ; free physical = 50790 ; free virtual = 56389
---------------------------------------------------------------------------------
INFO: [Synth 8-5544] ROM "s_axi_rresp_i" won't be mapped to Block RAM because address size (2) smaller than threshold (5)
INFO: [Synth 8-5544] ROM "s_axi_rresp_i" won't be mapped to Block RAM because address size (2) smaller than threshold (5)
INFO: [Synth 8-5544] ROM "s_axi_bresp_i" won't be mapped to Block RAM because address size (2) smaller than threshold (5)
INFO: [Synth 8-5544] ROM "s_axi_bresp_i" won't be mapped to Block RAM because address size (2) smaller than threshold (5)
WARNING: [Synth 8-6014] Unused sequential element INCLUDE_DPHASE_TIMER.dpto_cnt_reg was removed.  [/home/manuel/Desktop/Display/Display.srcs/sources_1/bd/microblaze/ipshared/cced/hdl/axi_lite_ipif_v3_0_vh_rfs.vhd:2674]
---------------------------------------------------------------------------------
Finished RTL Optimization Phase 2 : Time (s): cpu = 00:00:36 ; elapsed = 00:00:54 . Memory (MB): peak = 1665.797 ; gain = 480.926 ; free physical = 50760 ; free virtual = 56369
---------------------------------------------------------------------------------

Report RTL Partitions: 
+-+--------------+------------+----------+
| |RTL Partition |Replication |Instances |
+-+--------------+------------+----------+
+-+--------------+------------+----------+
---------------------------------------------------------------------------------
Start RTL Component Statistics 
---------------------------------------------------------------------------------
Detailed RTL Component Info : 
+---Adders : 
	   2 Input      4 Bit       Adders := 1     
+---Registers : 
	               32 Bit    Registers := 2     
	               16 Bit    Registers := 3     
	                9 Bit    Registers := 1     
	                4 Bit    Registers := 4     
	                2 Bit    Registers := 3     
	                1 Bit    Registers := 18    
+---Muxes : 
	   5 Input     32 Bit        Muxes := 1     
	   2 Input     32 Bit        Muxes := 1     
	   2 Input     16 Bit        Muxes := 3     
	   2 Input      9 Bit        Muxes := 1     
	   2 Input      4 Bit        Muxes := 2     
	   7 Input      2 Bit        Muxes := 1     
	   2 Input      2 Bit        Muxes := 2     
	   4 Input      2 Bit        Muxes := 2     
	   2 Input      1 Bit        Muxes := 16    
	   4 Input      1 Bit        Muxes := 3     
---------------------------------------------------------------------------------
Finished RTL Component Statistics 
---------------------------------------------------------------------------------
---------------------------------------------------------------------------------
Start RTL Hierarchical Component Statistics 
---------------------------------------------------------------------------------
Hierarchical RTL Component report 
Module pselect_f 
Detailed RTL Component Info : 
+---Muxes : 
	   2 Input      1 Bit        Muxes := 1     
Module pselect_f__parameterized0 
Detailed RTL Component Info : 
+---Muxes : 
	   2 Input      1 Bit        Muxes := 1     
Module pselect_f__parameterized1 
Detailed RTL Component Info : 
+---Muxes : 
	   2 Input      1 Bit        Muxes := 1     
Module pselect_f__parameterized2 
Detailed RTL Component Info : 
+---Muxes : 
	   2 Input      1 Bit        Muxes := 1     
Module address_decoder 
Detailed RTL Component Info : 
+---Registers : 
	                1 Bit    Registers := 6     
Module slave_attachment 
Detailed RTL Component Info : 
+---Adders : 
	   2 Input      4 Bit       Adders := 1     
+---Registers : 
	               32 Bit    Registers := 1     
	                9 Bit    Registers := 1     
	                4 Bit    Registers := 1     
	                2 Bit    Registers := 3     
	                1 Bit    Registers := 7     
+---Muxes : 
	   2 Input      9 Bit        Muxes := 1     
	   7 Input      2 Bit        Muxes := 1     
	   2 Input      2 Bit        Muxes := 2     
	   4 Input      1 Bit        Muxes := 3     
	   2 Input      1 Bit        Muxes := 8     
Module GPIO_Core 
Detailed RTL Component Info : 
+---Registers : 
	               16 Bit    Registers := 3     
	                4 Bit    Registers := 3     
	                1 Bit    Registers := 2     
+---Muxes : 
	   5 Input     32 Bit        Muxes := 1     
	   2 Input     16 Bit        Muxes := 3     
	   2 Input      4 Bit        Muxes := 2     
	   4 Input      2 Bit        Muxes := 2     
	   2 Input      1 Bit        Muxes := 4     
Module axi_gpio 
Detailed RTL Component Info : 
+---Registers : 
	               32 Bit    Registers := 1     
	                1 Bit    Registers := 3     
+---Muxes : 
	   2 Input     32 Bit        Muxes := 1     
---------------------------------------------------------------------------------
Finished RTL Hierarchical Component Statistics
---------------------------------------------------------------------------------
---------------------------------------------------------------------------------
Start Part Resource Summary
---------------------------------------------------------------------------------
Part Resources:
DSPs: 90 (col length:60)
BRAMs: 100 (col length: RAMB18 60 RAMB36 30)
---------------------------------------------------------------------------------
Finished Part Resource Summary
---------------------------------------------------------------------------------
---------------------------------------------------------------------------------
Start Cross Boundary and Area Optimization
---------------------------------------------------------------------------------
INFO: [Synth 8-4471] merging register 'bus2ip_reset_reg' into 'AXI_LITE_IPIF_I/I_SLAVE_ATTACHMENT/rst_reg' [/home/manuel/Desktop/Display/Display.srcs/sources_1/bd/microblaze/ipshared/c450/hdl/axi_gpio_v2_0_vh_rfs.vhd:1684]
WARNING: [Synth 8-6014] Unused sequential element bus2ip_reset_reg was removed.  [/home/manuel/Desktop/Display/Display.srcs/sources_1/bd/microblaze/ipshared/c450/hdl/axi_gpio_v2_0_vh_rfs.vhd:1684]
WARNING: [Synth 8-6014] Unused sequential element AXI_LITE_IPIF_I/I_SLAVE_ATTACHMENT/INCLUDE_DPHASE_TIMER.dpto_cnt_reg was removed.  [/home/manuel/Desktop/Display/Display.srcs/sources_1/bd/microblaze/ipshared/cced/hdl/axi_lite_ipif_v3_0_vh_rfs.vhd:2674]
WARNING: [Synth 8-3331] design axi_gpio has unconnected port s_axi_wdata[31]
WARNING: [Synth 8-3331] design axi_gpio has unconnected port s_axi_wdata[30]
WARNING: [Synth 8-3331] design axi_gpio has unconnected port s_axi_wdata[29]
WARNING: [Synth 8-3331] design axi_gpio has unconnected port s_axi_wdata[28]
WARNING: [Synth 8-3331] design axi_gpio has unconnected port s_axi_wdata[27]
WARNING: [Synth 8-3331] design axi_gpio has unconnected port s_axi_wdata[26]
WARNING: [Synth 8-3331] design axi_gpio has unconnected port s_axi_wdata[25]
WARNING: [Synth 8-3331] design axi_gpio has unconnected port s_axi_wdata[24]
WARNING: [Synth 8-3331] design axi_gpio has unconnected port s_axi_wdata[23]
WARNING: [Synth 8-3331] design axi_gpio has unconnected port s_axi_wdata[22]
WARNING: [Synth 8-3331] design axi_gpio has unconnected port s_axi_wdata[21]
WARNING: [Synth 8-3331] design axi_gpio has unconnected port s_axi_wdata[20]
WARNING: [Synth 8-3331] design axi_gpio has unconnected port s_axi_wdata[19]
WARNING: [Synth 8-3331] design axi_gpio has unconnected port s_axi_wdata[18]
WARNING: [Synth 8-3331] design axi_gpio has unconnected port s_axi_wdata[17]
WARNING: [Synth 8-3331] design axi_gpio has unconnected port s_axi_wdata[16]
WARNING: [Synth 8-3331] design axi_gpio has unconnected port s_axi_wstrb[3]
WARNING: [Synth 8-3331] design axi_gpio has unconnected port s_axi_wstrb[2]
WARNING: [Synth 8-3331] design axi_gpio has unconnected port s_axi_wstrb[1]
WARNING: [Synth 8-3331] design axi_gpio has unconnected port s_axi_wstrb[0]
INFO: [Synth 8-3886] merging instance 'U0/ip2bus_data_i_D1_reg[15]' (FDR) to 'U0/ip2bus_data_i_D1_reg[14]'
INFO: [Synth 8-3886] merging instance 'U0/ip2bus_data_i_D1_reg[14]' (FDR) to 'U0/ip2bus_data_i_D1_reg[13]'
INFO: [Synth 8-3886] merging instance 'U0/ip2bus_data_i_D1_reg[13]' (FDR) to 'U0/ip2bus_data_i_D1_reg[12]'
INFO: [Synth 8-3886] merging instance 'U0/ip2bus_data_i_D1_reg[12]' (FDR) to 'U0/ip2bus_data_i_D1_reg[11]'
INFO: [Synth 8-3886] merging instance 'U0/ip2bus_data_i_D1_reg[11]' (FDR) to 'U0/ip2bus_data_i_D1_reg[10]'
INFO: [Synth 8-3886] merging instance 'U0/ip2bus_data_i_D1_reg[10]' (FDR) to 'U0/ip2bus_data_i_D1_reg[9]'
INFO: [Synth 8-3886] merging instance 'U0/ip2bus_data_i_D1_reg[9]' (FDR) to 'U0/ip2bus_data_i_D1_reg[8]'
INFO: [Synth 8-3886] merging instance 'U0/ip2bus_data_i_D1_reg[8]' (FDR) to 'U0/ip2bus_data_i_D1_reg[7]'
INFO: [Synth 8-3886] merging instance 'U0/ip2bus_data_i_D1_reg[7]' (FDR) to 'U0/ip2bus_data_i_D1_reg[6]'
INFO: [Synth 8-3886] merging instance 'U0/ip2bus_data_i_D1_reg[6]' (FDR) to 'U0/ip2bus_data_i_D1_reg[5]'
INFO: [Synth 8-3886] merging instance 'U0/ip2bus_data_i_D1_reg[5]' (FDR) to 'U0/ip2bus_data_i_D1_reg[4]'
INFO: [Synth 8-3886] merging instance 'U0/ip2bus_data_i_D1_reg[4]' (FDR) to 'U0/ip2bus_data_i_D1_reg[3]'
INFO: [Synth 8-3886] merging instance 'U0/ip2bus_data_i_D1_reg[3]' (FDR) to 'U0/ip2bus_data_i_D1_reg[2]'
INFO: [Synth 8-3886] merging instance 'U0/ip2bus_data_i_D1_reg[2]' (FDR) to 'U0/ip2bus_data_i_D1_reg[1]'
INFO: [Synth 8-3886] merging instance 'U0/ip2bus_data_i_D1_reg[1]' (FDR) to 'U0/ip2bus_data_i_D1_reg[0]'
INFO: [Synth 8-3333] propagating constant 0 across sequential element (U0/\AXI_LITE_IPIF_I/I_SLAVE_ATTACHMENT/s_axi_rresp_i_reg[1] )
INFO: [Synth 8-3886] merging instance 'U0/AXI_LITE_IPIF_I/I_SLAVE_ATTACHMENT/s_axi_rdata_i_reg[16]' (FDRE) to 'U0/AXI_LITE_IPIF_I/I_SLAVE_ATTACHMENT/s_axi_rdata_i_reg[17]'
INFO: [Synth 8-3886] merging instance 'U0/AXI_LITE_IPIF_I/I_SLAVE_ATTACHMENT/s_axi_rdata_i_reg[17]' (FDRE) to 'U0/AXI_LITE_IPIF_I/I_SLAVE_ATTACHMENT/s_axi_rdata_i_reg[18]'
INFO: [Synth 8-3886] merging instance 'U0/AXI_LITE_IPIF_I/I_SLAVE_ATTACHMENT/s_axi_rdata_i_reg[18]' (FDRE) to 'U0/AXI_LITE_IPIF_I/I_SLAVE_ATTACHMENT/s_axi_rdata_i_reg[19]'
INFO: [Synth 8-3886] merging instance 'U0/AXI_LITE_IPIF_I/I_SLAVE_ATTACHMENT/s_axi_rdata_i_reg[19]' (FDRE) to 'U0/AXI_LITE_IPIF_I/I_SLAVE_ATTACHMENT/s_axi_rdata_i_reg[20]'
INFO: [Synth 8-3886] merging instance 'U0/AXI_LITE_IPIF_I/I_SLAVE_ATTACHMENT/s_axi_rdata_i_reg[20]' (FDRE) to 'U0/AXI_LITE_IPIF_I/I_SLAVE_ATTACHMENT/s_axi_rdata_i_reg[21]'
INFO: [Synth 8-3886] merging instance 'U0/AXI_LITE_IPIF_I/I_SLAVE_ATTACHMENT/s_axi_rdata_i_reg[21]' (FDRE) to 'U0/AXI_LITE_IPIF_I/I_SLAVE_ATTACHMENT/s_axi_rdata_i_reg[22]'
INFO: [Synth 8-3886] merging instance 'U0/AXI_LITE_IPIF_I/I_SLAVE_ATTACHMENT/s_axi_rdata_i_reg[22]' (FDRE) to 'U0/AXI_LITE_IPIF_I/I_SLAVE_ATTACHMENT/s_axi_rdata_i_reg[23]'
INFO: [Synth 8-3886] merging instance 'U0/AXI_LITE_IPIF_I/I_SLAVE_ATTACHMENT/s_axi_rdata_i_reg[23]' (FDRE) to 'U0/AXI_LITE_IPIF_I/I_SLAVE_ATTACHMENT/s_axi_rdata_i_reg[24]'
INFO: [Synth 8-3886] merging instance 'U0/AXI_LITE_IPIF_I/I_SLAVE_ATTACHMENT/s_axi_rdata_i_reg[24]' (FDRE) to 'U0/AXI_LITE_IPIF_I/I_SLAVE_ATTACHMENT/s_axi_rdata_i_reg[25]'
INFO: [Synth 8-3886] merging instance 'U0/AXI_LITE_IPIF_I/I_SLAVE_ATTACHMENT/s_axi_rdata_i_reg[25]' (FDRE) to 'U0/AXI_LITE_IPIF_I/I_SLAVE_ATTACHMENT/s_axi_rdata_i_reg[26]'
INFO: [Synth 8-3886] merging instance 'U0/AXI_LITE_IPIF_I/I_SLAVE_ATTACHMENT/s_axi_rdata_i_reg[26]' (FDRE) to 'U0/AXI_LITE_IPIF_I/I_SLAVE_ATTACHMENT/s_axi_rdata_i_reg[27]'
INFO: [Synth 8-3886] merging instance 'U0/AXI_LITE_IPIF_I/I_SLAVE_ATTACHMENT/s_axi_rdata_i_reg[27]' (FDRE) to 'U0/AXI_LITE_IPIF_I/I_SLAVE_ATTACHMENT/s_axi_rdata_i_reg[28]'
INFO: [Synth 8-3886] merging instance 'U0/AXI_LITE_IPIF_I/I_SLAVE_ATTACHMENT/s_axi_rdata_i_reg[28]' (FDRE) to 'U0/AXI_LITE_IPIF_I/I_SLAVE_ATTACHMENT/s_axi_rdata_i_reg[29]'
INFO: [Synth 8-3886] merging instance 'U0/AXI_LITE_IPIF_I/I_SLAVE_ATTACHMENT/s_axi_rdata_i_reg[29]' (FDRE) to 'U0/AXI_LITE_IPIF_I/I_SLAVE_ATTACHMENT/s_axi_rdata_i_reg[30]'
INFO: [Synth 8-3886] merging instance 'U0/AXI_LITE_IPIF_I/I_SLAVE_ATTACHMENT/s_axi_rdata_i_reg[30]' (FDRE) to 'U0/AXI_LITE_IPIF_I/I_SLAVE_ATTACHMENT/s_axi_rdata_i_reg[31]'
INFO: [Synth 8-3333] propagating constant 0 across sequential element (U0/\AXI_LITE_IPIF_I/I_SLAVE_ATTACHMENT/s_axi_bresp_i_reg[1] )
INFO: [Synth 8-3332] Sequential element (gpio_core_1/Dual.INPUT_DOUBLE_REGS4/GENERATE_LEVEL_P_S_CDC.MULTI_BIT.FOR_CROSS_PLEVEL_IN2SCNDRY_bus_d5[0].CROSS2_PLEVEL_IN2SCNDRY_s_level_out_bus_d5) is unused and will be removed from module axi_gpio.
INFO: [Synth 8-3332] Sequential element (gpio_core_1/Dual.INPUT_DOUBLE_REGS4/GENERATE_LEVEL_P_S_CDC.MULTI_BIT.FOR_CROSS_PLEVEL_IN2SCNDRY_bus_d5[1].CROSS2_PLEVEL_IN2SCNDRY_s_level_out_bus_d5) is unused and will be removed from module axi_gpio.
INFO: [Synth 8-3332] Sequential element (gpio_core_1/Dual.INPUT_DOUBLE_REGS4/GENERATE_LEVEL_P_S_CDC.MULTI_BIT.FOR_CROSS_PLEVEL_IN2SCNDRY_bus_d5[2].CROSS2_PLEVEL_IN2SCNDRY_s_level_out_bus_d5) is unused and will be removed from module axi_gpio.
INFO: [Synth 8-3332] Sequential element (gpio_core_1/Dual.INPUT_DOUBLE_REGS4/GENERATE_LEVEL_P_S_CDC.MULTI_BIT.FOR_CROSS_PLEVEL_IN2SCNDRY_bus_d5[3].CROSS2_PLEVEL_IN2SCNDRY_s_level_out_bus_d5) is unused and will be removed from module axi_gpio.
INFO: [Synth 8-3332] Sequential element (gpio_core_1/Dual.INPUT_DOUBLE_REGS4/GENERATE_LEVEL_P_S_CDC.MULTI_BIT.FOR_CROSS_PLEVEL_IN2SCNDRY_bus_d6[0].CROSS2_PLEVEL_IN2SCNDRY_s_level_out_bus_d6) is unused and will be removed from module axi_gpio.
INFO: [Synth 8-3332] Sequential element (gpio_core_1/Dual.INPUT_DOUBLE_REGS4/GENERATE_LEVEL_P_S_CDC.MULTI_BIT.FOR_CROSS_PLEVEL_IN2SCNDRY_bus_d6[1].CROSS2_PLEVEL_IN2SCNDRY_s_level_out_bus_d6) is unused and will be removed from module axi_gpio.
INFO: [Synth 8-3332] Sequential element (gpio_core_1/Dual.INPUT_DOUBLE_REGS4/GENERATE_LEVEL_P_S_CDC.MULTI_BIT.FOR_CROSS_PLEVEL_IN2SCNDRY_bus_d6[2].CROSS2_PLEVEL_IN2SCNDRY_s_level_out_bus_d6) is unused and will be removed from module axi_gpio.
INFO: [Synth 8-3332] Sequential element (gpio_core_1/Dual.INPUT_DOUBLE_REGS4/GENERATE_LEVEL_P_S_CDC.MULTI_BIT.FOR_CROSS_PLEVEL_IN2SCNDRY_bus_d6[3].CROSS2_PLEVEL_IN2SCNDRY_s_level_out_bus_d6) is unused and will be removed from module axi_gpio.
INFO: [Synth 8-3332] Sequential element (gpio_core_1/Dual.INPUT_DOUBLE_REGS5/GENERATE_LEVEL_P_S_CDC.MULTI_BIT.FOR_CROSS_PLEVEL_IN2SCNDRY_bus_d5[0].CROSS2_PLEVEL_IN2SCNDRY_s_level_out_bus_d5) is unused and will be removed from module axi_gpio.
INFO: [Synth 8-3332] Sequential element (gpio_core_1/Dual.INPUT_DOUBLE_REGS5/GENERATE_LEVEL_P_S_CDC.MULTI_BIT.FOR_CROSS_PLEVEL_IN2SCNDRY_bus_d5[1].CROSS2_PLEVEL_IN2SCNDRY_s_level_out_bus_d5) is unused and will be removed from module axi_gpio.
INFO: [Synth 8-3332] Sequential element (gpio_core_1/Dual.INPUT_DOUBLE_REGS5/GENERATE_LEVEL_P_S_CDC.MULTI_BIT.FOR_CROSS_PLEVEL_IN2SCNDRY_bus_d5[2].CROSS2_PLEVEL_IN2SCNDRY_s_level_out_bus_d5) is unused and will be removed from module axi_gpio.
INFO: [Synth 8-3332] Sequential element (gpio_core_1/Dual.INPUT_DOUBLE_REGS5/GENERATE_LEVEL_P_S_CDC.MULTI_BIT.FOR_CROSS_PLEVEL_IN2SCNDRY_bus_d5[3].CROSS2_PLEVEL_IN2SCNDRY_s_level_out_bus_d5) is unused and will be removed from module axi_gpio.
INFO: [Synth 8-3332] Sequential element (gpio_core_1/Dual.INPUT_DOUBLE_REGS5/GENERATE_LEVEL_P_S_CDC.MULTI_BIT.FOR_CROSS_PLEVEL_IN2SCNDRY_bus_d5[4].CROSS2_PLEVEL_IN2SCNDRY_s_level_out_bus_d5) is unused and will be removed from module axi_gpio.
INFO: [Synth 8-3332] Sequential element (gpio_core_1/Dual.INPUT_DOUBLE_REGS5/GENERATE_LEVEL_P_S_CDC.MULTI_BIT.FOR_CROSS_PLEVEL_IN2SCNDRY_bus_d5[5].CROSS2_PLEVEL_IN2SCNDRY_s_level_out_bus_d5) is unused and will be removed from module axi_gpio.
INFO: [Synth 8-3332] Sequential element (gpio_core_1/Dual.INPUT_DOUBLE_REGS5/GENERATE_LEVEL_P_S_CDC.MULTI_BIT.FOR_CROSS_PLEVEL_IN2SCNDRY_bus_d5[6].CROSS2_PLEVEL_IN2SCNDRY_s_level_out_bus_d5) is unused and will be removed from module axi_gpio.
INFO: [Synth 8-3332] Sequential element (gpio_core_1/Dual.INPUT_DOUBLE_REGS5/GENERATE_LEVEL_P_S_CDC.MULTI_BIT.FOR_CROSS_PLEVEL_IN2SCNDRY_bus_d5[7].CROSS2_PLEVEL_IN2SCNDRY_s_level_out_bus_d5) is unused and will be removed from module axi_gpio.
INFO: [Synth 8-3332] Sequential element (gpio_core_1/Dual.INPUT_DOUBLE_REGS5/GENERATE_LEVEL_P_S_CDC.MULTI_BIT.FOR_CROSS_PLEVEL_IN2SCNDRY_bus_d5[8].CROSS2_PLEVEL_IN2SCNDRY_s_level_out_bus_d5) is unused and will be removed from module axi_gpio.
INFO: [Synth 8-3332] Sequential element (gpio_core_1/Dual.INPUT_DOUBLE_REGS5/GENERATE_LEVEL_P_S_CDC.MULTI_BIT.FOR_CROSS_PLEVEL_IN2SCNDRY_bus_d5[9].CROSS2_PLEVEL_IN2SCNDRY_s_level_out_bus_d5) is unused and will be removed from module axi_gpio.
INFO: [Synth 8-3332] Sequential element (gpio_core_1/Dual.INPUT_DOUBLE_REGS5/GENERATE_LEVEL_P_S_CDC.MULTI_BIT.FOR_CROSS_PLEVEL_IN2SCNDRY_bus_d5[10].CROSS2_PLEVEL_IN2SCNDRY_s_level_out_bus_d5) is unused and will be removed from module axi_gpio.
INFO: [Synth 8-3332] Sequential element (gpio_core_1/Dual.INPUT_DOUBLE_REGS5/GENERATE_LEVEL_P_S_CDC.MULTI_BIT.FOR_CROSS_PLEVEL_IN2SCNDRY_bus_d5[11].CROSS2_PLEVEL_IN2SCNDRY_s_level_out_bus_d5) is unused and will be removed from module axi_gpio.
INFO: [Synth 8-3332] Sequential element (gpio_core_1/Dual.INPUT_DOUBLE_REGS5/GENERATE_LEVEL_P_S_CDC.MULTI_BIT.FOR_CROSS_PLEVEL_IN2SCNDRY_bus_d5[12].CROSS2_PLEVEL_IN2SCNDRY_s_level_out_bus_d5) is unused and will be removed from module axi_gpio.
INFO: [Synth 8-3332] Sequential element (gpio_core_1/Dual.INPUT_DOUBLE_REGS5/GENERATE_LEVEL_P_S_CDC.MULTI_BIT.FOR_CROSS_PLEVEL_IN2SCNDRY_bus_d5[13].CROSS2_PLEVEL_IN2SCNDRY_s_level_out_bus_d5) is unused and will be removed from module axi_gpio.
INFO: [Synth 8-3332] Sequential element (gpio_core_1/Dual.INPUT_DOUBLE_REGS5/GENERATE_LEVEL_P_S_CDC.MULTI_BIT.FOR_CROSS_PLEVEL_IN2SCNDRY_bus_d5[14].CROSS2_PLEVEL_IN2SCNDRY_s_level_out_bus_d5) is unused and will be removed from module axi_gpio.
INFO: [Synth 8-3332] Sequential element (gpio_core_1/Dual.INPUT_DOUBLE_REGS5/GENERATE_LEVEL_P_S_CDC.MULTI_BIT.FOR_CROSS_PLEVEL_IN2SCNDRY_bus_d5[15].CROSS2_PLEVEL_IN2SCNDRY_s_level_out_bus_d5) is unused and will be removed from module axi_gpio.
INFO: [Synth 8-3332] Sequential element (gpio_core_1/Dual.INPUT_DOUBLE_REGS5/GENERATE_LEVEL_P_S_CDC.MULTI_BIT.FOR_CROSS_PLEVEL_IN2SCNDRY_bus_d6[0].CROSS2_PLEVEL_IN2SCNDRY_s_level_out_bus_d6) is unused and will be removed from module axi_gpio.
INFO: [Synth 8-3332] Sequential element (gpio_core_1/Dual.INPUT_DOUBLE_REGS5/GENERATE_LEVEL_P_S_CDC.MULTI_BIT.FOR_CROSS_PLEVEL_IN2SCNDRY_bus_d6[1].CROSS2_PLEVEL_IN2SCNDRY_s_level_out_bus_d6) is unused and will be removed from module axi_gpio.
INFO: [Synth 8-3332] Sequential element (gpio_core_1/Dual.INPUT_DOUBLE_REGS5/GENERATE_LEVEL_P_S_CDC.MULTI_BIT.FOR_CROSS_PLEVEL_IN2SCNDRY_bus_d6[2].CROSS2_PLEVEL_IN2SCNDRY_s_level_out_bus_d6) is unused and will be removed from module axi_gpio.
INFO: [Synth 8-3332] Sequential element (gpio_core_1/Dual.INPUT_DOUBLE_REGS5/GENERATE_LEVEL_P_S_CDC.MULTI_BIT.FOR_CROSS_PLEVEL_IN2SCNDRY_bus_d6[3].CROSS2_PLEVEL_IN2SCNDRY_s_level_out_bus_d6) is unused and will be removed from module axi_gpio.
INFO: [Synth 8-3332] Sequential element (gpio_core_1/Dual.INPUT_DOUBLE_REGS5/GENERATE_LEVEL_P_S_CDC.MULTI_BIT.FOR_CROSS_PLEVEL_IN2SCNDRY_bus_d6[4].CROSS2_PLEVEL_IN2SCNDRY_s_level_out_bus_d6) is unused and will be removed from module axi_gpio.
INFO: [Synth 8-3332] Sequential element (gpio_core_1/Dual.INPUT_DOUBLE_REGS5/GENERATE_LEVEL_P_S_CDC.MULTI_BIT.FOR_CROSS_PLEVEL_IN2SCNDRY_bus_d6[5].CROSS2_PLEVEL_IN2SCNDRY_s_level_out_bus_d6) is unused and will be removed from module axi_gpio.
INFO: [Synth 8-3332] Sequential element (gpio_core_1/Dual.INPUT_DOUBLE_REGS5/GENERATE_LEVEL_P_S_CDC.MULTI_BIT.FOR_CROSS_PLEVEL_IN2SCNDRY_bus_d6[6].CROSS2_PLEVEL_IN2SCNDRY_s_level_out_bus_d6) is unused and will be removed from module axi_gpio.
INFO: [Synth 8-3332] Sequential element (gpio_core_1/Dual.INPUT_DOUBLE_REGS5/GENERATE_LEVEL_P_S_CDC.MULTI_BIT.FOR_CROSS_PLEVEL_IN2SCNDRY_bus_d6[7].CROSS2_PLEVEL_IN2SCNDRY_s_level_out_bus_d6) is unused and will be removed from module axi_gpio.
INFO: [Synth 8-3332] Sequential element (gpio_core_1/Dual.INPUT_DOUBLE_REGS5/GENERATE_LEVEL_P_S_CDC.MULTI_BIT.FOR_CROSS_PLEVEL_IN2SCNDRY_bus_d6[8].CROSS2_PLEVEL_IN2SCNDRY_s_level_out_bus_d6) is unused and will be removed from module axi_gpio.
INFO: [Synth 8-3332] Sequential element (gpio_core_1/Dual.INPUT_DOUBLE_REGS5/GENERATE_LEVEL_P_S_CDC.MULTI_BIT.FOR_CROSS_PLEVEL_IN2SCNDRY_bus_d6[9].CROSS2_PLEVEL_IN2SCNDRY_s_level_out_bus_d6) is unused and will be removed from module axi_gpio.
INFO: [Synth 8-3332] Sequential element (gpio_core_1/Dual.INPUT_DOUBLE_REGS5/GENERATE_LEVEL_P_S_CDC.MULTI_BIT.FOR_CROSS_PLEVEL_IN2SCNDRY_bus_d6[10].CROSS2_PLEVEL_IN2SCNDRY_s_level_out_bus_d6) is unused and will be removed from module axi_gpio.
INFO: [Synth 8-3332] Sequential element (gpio_core_1/Dual.INPUT_DOUBLE_REGS5/GENERATE_LEVEL_P_S_CDC.MULTI_BIT.FOR_CROSS_PLEVEL_IN2SCNDRY_bus_d6[11].CROSS2_PLEVEL_IN2SCNDRY_s_level_out_bus_d6) is unused and will be removed from module axi_gpio.
INFO: [Synth 8-3332] Sequential element (gpio_core_1/Dual.INPUT_DOUBLE_REGS5/GENERATE_LEVEL_P_S_CDC.MULTI_BIT.FOR_CROSS_PLEVEL_IN2SCNDRY_bus_d6[12].CROSS2_PLEVEL_IN2SCNDRY_s_level_out_bus_d6) is unused and will be removed from module axi_gpio.
INFO: [Synth 8-3332] Sequential element (gpio_core_1/Dual.INPUT_DOUBLE_REGS5/GENERATE_LEVEL_P_S_CDC.MULTI_BIT.FOR_CROSS_PLEVEL_IN2SCNDRY_bus_d6[13].CROSS2_PLEVEL_IN2SCNDRY_s_level_out_bus_d6) is unused and will be removed from module axi_gpio.
INFO: [Synth 8-3332] Sequential element (gpio_core_1/Dual.INPUT_DOUBLE_REGS5/GENERATE_LEVEL_P_S_CDC.MULTI_BIT.FOR_CROSS_PLEVEL_IN2SCNDRY_bus_d6[14].CROSS2_PLEVEL_IN2SCNDRY_s_level_out_bus_d6) is unused and will be removed from module axi_gpio.
INFO: [Synth 8-3332] Sequential element (gpio_core_1/Dual.INPUT_DOUBLE_REGS5/GENERATE_LEVEL_P_S_CDC.MULTI_BIT.FOR_CROSS_PLEVEL_IN2SCNDRY_bus_d6[15].CROSS2_PLEVEL_IN2SCNDRY_s_level_out_bus_d6) is unused and will be removed from module axi_gpio.
INFO: [Synth 8-3332] Sequential element (AXI_LITE_IPIF_I/I_SLAVE_ATTACHMENT/s_axi_bresp_i_reg[1]) is unused and will be removed from module axi_gpio.
INFO: [Synth 8-3332] Sequential element (AXI_LITE_IPIF_I/I_SLAVE_ATTACHMENT/s_axi_rresp_i_reg[1]) is unused and will be removed from module axi_gpio.
INFO: [Synth 8-3332] Sequential element (AXI_LITE_IPIF_I/I_SLAVE_ATTACHMENT/bus2ip_addr_i_reg[7]) is unused and will be removed from module axi_gpio.
INFO: [Synth 8-3332] Sequential element (AXI_LITE_IPIF_I/I_SLAVE_ATTACHMENT/bus2ip_addr_i_reg[6]) is unused and will be removed from module axi_gpio.
INFO: [Synth 8-3332] Sequential element (AXI_LITE_IPIF_I/I_SLAVE_ATTACHMENT/bus2ip_addr_i_reg[5]) is unused and will be removed from module axi_gpio.
INFO: [Synth 8-3332] Sequential element (AXI_LITE_IPIF_I/I_SLAVE_ATTACHMENT/bus2ip_addr_i_reg[4]) is unused and will be removed from module axi_gpio.
INFO: [Synth 8-3332] Sequential element (AXI_LITE_IPIF_I/I_SLAVE_ATTACHMENT/bus2ip_addr_i_reg[1]) is unused and will be removed from module axi_gpio.
INFO: [Synth 8-3332] Sequential element (AXI_LITE_IPIF_I/I_SLAVE_ATTACHMENT/bus2ip_addr_i_reg[0]) is unused and will be removed from module axi_gpio.
---------------------------------------------------------------------------------
Finished Cross Boundary and Area Optimization : Time (s): cpu = 00:00:37 ; elapsed = 00:00:56 . Memory (MB): peak = 1665.797 ; gain = 480.926 ; free physical = 50703 ; free virtual = 56310
---------------------------------------------------------------------------------

Report RTL Partitions: 
+-+--------------+------------+----------+
| |RTL Partition |Replication |Instances |
+-+--------------+------------+----------+
+-+--------------+------------+----------+
---------------------------------------------------------------------------------
Start Applying XDC Timing Constraints
---------------------------------------------------------------------------------
---------------------------------------------------------------------------------
Finished Applying XDC Timing Constraints : Time (s): cpu = 00:00:46 ; elapsed = 00:01:10 . Memory (MB): peak = 1665.797 ; gain = 480.926 ; free physical = 49934 ; free virtual = 55550
---------------------------------------------------------------------------------
---------------------------------------------------------------------------------
Start Timing Optimization
---------------------------------------------------------------------------------
---------------------------------------------------------------------------------
Finished Timing Optimization : Time (s): cpu = 00:00:46 ; elapsed = 00:01:10 . Memory (MB): peak = 1665.797 ; gain = 480.926 ; free physical = 49937 ; free virtual = 55554
---------------------------------------------------------------------------------

Report RTL Partitions: 
+-+--------------+------------+----------+
| |RTL Partition |Replication |Instances |
+-+--------------+------------+----------+
+-+--------------+------------+----------+
---------------------------------------------------------------------------------
Start Technology Mapping
---------------------------------------------------------------------------------
INFO: [Synth 8-3332] Sequential element (AXI_LITE_IPIF_I/I_SLAVE_ATTACHMENT/s_axi_bresp_i_reg[0]) is unused and will be removed from module axi_gpio.
INFO: [Synth 8-3332] Sequential element (AXI_LITE_IPIF_I/I_SLAVE_ATTACHMENT/s_axi_rresp_i_reg[0]) is unused and will be removed from module axi_gpio.
---------------------------------------------------------------------------------
Finished Technology Mapping : Time (s): cpu = 00:00:47 ; elapsed = 00:01:10 . Memory (MB): peak = 1665.797 ; gain = 480.926 ; free physical = 50034 ; free virtual = 55651
---------------------------------------------------------------------------------

Report RTL Partitions: 
+-+--------------+------------+----------+
| |RTL Partition |Replication |Instances |
+-+--------------+------------+----------+
+-+--------------+------------+----------+
---------------------------------------------------------------------------------
Start IO Insertion
---------------------------------------------------------------------------------
---------------------------------------------------------------------------------
Start Flattening Before IO Insertion
---------------------------------------------------------------------------------
---------------------------------------------------------------------------------
Finished Flattening Before IO Insertion
---------------------------------------------------------------------------------
---------------------------------------------------------------------------------
Start Final Netlist Cleanup
---------------------------------------------------------------------------------
---------------------------------------------------------------------------------
Finished Final Netlist Cleanup
---------------------------------------------------------------------------------
---------------------------------------------------------------------------------
Finished IO Insertion : Time (s): cpu = 00:00:47 ; elapsed = 00:01:11 . Memory (MB): peak = 1665.797 ; gain = 480.926 ; free physical = 50319 ; free virtual = 55935
---------------------------------------------------------------------------------

Report Check Netlist: 
+------+------------------+-------+---------+-------+------------------+
|      |Item              |Errors |Warnings |Status |Description       |
+------+------------------+-------+---------+-------+------------------+
|1     |multi_driven_nets |      0|        0|Passed |Multi driven nets |
+------+------------------+-------+---------+-------+------------------+
---------------------------------------------------------------------------------
Start Renaming Generated Instances
---------------------------------------------------------------------------------
---------------------------------------------------------------------------------
Finished Renaming Generated Instances : Time (s): cpu = 00:00:47 ; elapsed = 00:01:11 . Memory (MB): peak = 1665.797 ; gain = 480.926 ; free physical = 50319 ; free virtual = 55935
---------------------------------------------------------------------------------

Report RTL Partitions: 
+-+--------------+------------+----------+
| |RTL Partition |Replication |Instances |
+-+--------------+------------+----------+
+-+--------------+------------+----------+
---------------------------------------------------------------------------------
Start Rebuilding User Hierarchy
---------------------------------------------------------------------------------
---------------------------------------------------------------------------------
Finished Rebuilding User Hierarchy : Time (s): cpu = 00:00:47 ; elapsed = 00:01:11 . Memory (MB): peak = 1665.797 ; gain = 480.926 ; free physical = 50327 ; free virtual = 55943
---------------------------------------------------------------------------------
---------------------------------------------------------------------------------
Start Renaming Generated Ports
---------------------------------------------------------------------------------
---------------------------------------------------------------------------------
Finished Renaming Generated Ports : Time (s): cpu = 00:00:47 ; elapsed = 00:01:11 . Memory (MB): peak = 1665.797 ; gain = 480.926 ; free physical = 50327 ; free virtual = 55943
---------------------------------------------------------------------------------
---------------------------------------------------------------------------------
Start Handling Custom Attributes
---------------------------------------------------------------------------------
---------------------------------------------------------------------------------
Finished Handling Custom Attributes : Time (s): cpu = 00:00:47 ; elapsed = 00:01:11 . Memory (MB): peak = 1665.797 ; gain = 480.926 ; free physical = 50326 ; free virtual = 55943
---------------------------------------------------------------------------------
---------------------------------------------------------------------------------
Start Renaming Generated Nets
---------------------------------------------------------------------------------
---------------------------------------------------------------------------------
Finished Renaming Generated Nets : Time (s): cpu = 00:00:47 ; elapsed = 00:01:11 . Memory (MB): peak = 1665.797 ; gain = 480.926 ; free physical = 50326 ; free virtual = 55943
---------------------------------------------------------------------------------
---------------------------------------------------------------------------------
Start Writing Synthesis Report
---------------------------------------------------------------------------------

Report BlackBoxes: 
+-+--------------+----------+
| |BlackBox name |Instances |
+-+--------------+----------+
+-+--------------+----------+

Report Cell Usage: 
+------+-----+------+
|      |Cell |Count |
+------+-----+------+
|1     |LUT1 |     2|
|2     |LUT2 |     9|
|3     |LUT3 |    20|
|4     |LUT4 |     7|
|5     |LUT5 |    39|
|6     |LUT6 |    16|
|7     |FDR  |    80|
|8     |FDRE |   120|
|9     |FDSE |    20|
+------+-----+------+

Report Instance Areas: 
+------+--------------------------------+-------------------------+------+
|      |Instance                        |Module                   |Cells |
+------+--------------------------------+-------------------------+------+
|1     |top                             |                         |   313|
|2     |  U0                            |axi_gpio                 |   313|
|3     |    AXI_LITE_IPIF_I             |axi_lite_ipif            |   129|
|4     |      I_SLAVE_ATTACHMENT        |slave_attachment         |   129|
|5     |        I_DECODER               |address_decoder          |    55|
|6     |    gpio_core_1                 |GPIO_Core                |   165|
|7     |      \Dual.INPUT_DOUBLE_REGS4  |cdc_sync                 |    16|
|8     |      \Dual.INPUT_DOUBLE_REGS5  |cdc_sync__parameterized0 |    64|
+------+--------------------------------+-------------------------+------+
---------------------------------------------------------------------------------
Finished Writing Synthesis Report : Time (s): cpu = 00:00:47 ; elapsed = 00:01:11 . Memory (MB): peak = 1665.797 ; gain = 480.926 ; free physical = 50326 ; free virtual = 55943
---------------------------------------------------------------------------------
Synthesis finished with 0 errors, 0 critical warnings and 23 warnings.
Synthesis Optimization Runtime : Time (s): cpu = 00:00:38 ; elapsed = 00:00:47 . Memory (MB): peak = 1665.797 ; gain = 127.527 ; free physical = 50377 ; free virtual = 55994
Synthesis Optimization Complete : Time (s): cpu = 00:00:48 ; elapsed = 00:01:11 . Memory (MB): peak = 1665.797 ; gain = 480.926 ; free physical = 50386 ; free virtual = 56002
INFO: [Project 1-571] Translating synthesized netlist
INFO: [Netlist 29-17] Analyzing 80 Unisim elements for replacement
INFO: [Netlist 29-28] Unisim Transformation completed in 0 CPU seconds
INFO: [Project 1-570] Preparing netlist for logic optimization
INFO: [Opt 31-138] Pushed 0 inverter(s) to 0 load pin(s).
INFO: [Project 1-111] Unisim Transformation Summary:
  A total of 80 instances were transformed.
  FDR => FDRE: 80 instances

INFO: [Common 17-83] Releasing license: Synthesis
230 Infos, 73 Warnings, 0 Critical Warnings and 0 Errors encountered.
synth_design completed successfully
synth_design: Time (s): cpu = 00:00:49 ; elapsed = 00:01:12 . Memory (MB): peak = 1665.797 ; gain = 494.301 ; free physical = 50425 ; free virtual = 56042
INFO: [Common 17-1381] The checkpoint '/home/manuel/Desktop/Display/Display.runs/microblaze_axi_gpio_1_1_synth_1/microblaze_axi_gpio_1_1.dcp' has been generated.
