Copyright 1986-2017 Xilinx, Inc. All Rights Reserved.
-----------------------------------------------------------------------------------------------
| Tool Version : Vivado v.2017.4 (lin64) Build 2086221 Fri Dec 15 20:54:30 MST 2017
| Date         : Mon Apr 16 12:27:09 2018
| Host         : pop-os running 64-bit Pop!_OS 17.10 (Artful Aardvark)
| Command      : report_control_sets -verbose -file microblaze_wrapper_control_sets_placed.rpt
| Design       : microblaze_wrapper
| Device       : xc7a35t
-----------------------------------------------------------------------------------------------

Control Set Information

Table of Contents
-----------------
1. Summary
2. Flip-Flop Distribution
3. Detailed Control Set Information

1. Summary
----------

+----------------------------------------------------------+-------+
|                          Status                          | Count |
+----------------------------------------------------------+-------+
| Number of unique control sets                            |    70 |
| Unused register locations in slices containing registers |   211 |
+----------------------------------------------------------+-------+


2. Flip-Flop Distribution
-------------------------

+--------------+-----------------------+------------------------+-----------------+--------------+
| Clock Enable | Synchronous Set/Reset | Asynchronous Set/Reset | Total Registers | Total Slices |
+--------------+-----------------------+------------------------+-----------------+--------------+
| No           | No                    | No                     |             352 |          121 |
| No           | No                    | Yes                    |              29 |            8 |
| No           | Yes                   | No                     |             326 |          129 |
| Yes          | No                    | No                     |             236 |           71 |
| Yes          | No                    | Yes                    |              15 |            8 |
| Yes          | Yes                   | No                     |             631 |          225 |
+--------------+-----------------------+------------------------+-----------------+--------------+


3. Detailed Control Set Information
-----------------------------------

+---------------------------------------------------------------+-----------------------------------------------------------------------------------------------------------------------------------------------------------------------------------------------------------+---------------------------------------------------------------------------------------------------------------------------------------------------------+------------------+----------------+
|                          Clock Signal                         |                                                                                               Enable Signal                                                                                               |                                                                     Set/Reset Signal                                                                    | Slice Load Count | Bel Load Count |
+---------------------------------------------------------------+-----------------------------------------------------------------------------------------------------------------------------------------------------------------------------------------------------------+---------------------------------------------------------------------------------------------------------------------------------------------------------+------------------+----------------+
| ~microblaze_i/mdm_1/U0/No_Dbg_Reg_Access.BUFG_DRCK/Dbg_Clk_31 | microblaze_i/mdm_1/U0/MDM_Core_I1/JTAG_CONTROL_I/Use_BSCAN.FDC_I/CE                                                                                                                                       | microblaze_i/mdm_1/U0/MDM_Core_I1/JTAG_CONTROL_I/Use_BSCAN.FDC_I/D_1                                                                                    |                1 |              1 |
|  microblaze_i/clk_wiz_0/inst/clk_out1                         |                                                                                                                                                                                                           | microblaze_i/microblaze_0/U0/MicroBlaze_Core_I/Performance.Core/Decode_I/dbg_stop_i                                                                     |                1 |              1 |
|  microblaze_i/mdm_1/U0/No_Dbg_Reg_Access.BUFG_DRCK/Dbg_Clk_31 | microblaze_i/mdm_1/U0/Use_E2.BSCAN_I/Dbg_Capture_0                                                                                                                                                        | microblaze_i/mdm_1/U0/MDM_Core_I1/JTAG_CONTROL_I/sel_reset                                                                                              |                1 |              1 |
| ~microblaze_i/mdm_1/U0/Use_E2.BSCAN_I/Ext_JTAG_UPDATE         |                                                                                                                                                                                                           | microblaze_i/mdm_1/U0/MDM_Core_I1/JTAG_CONTROL_I/sel_n                                                                                                  |                1 |              1 |
|  microblaze_i/clk_wiz_0/inst/clk_out1                         |                                                                                                                                                                                                           | microblaze_i/microblaze_0/U0/MicroBlaze_Core_I/Performance.Core/Use_Debug_Logic.Master_Core.Debug_Perf/capture_1                                        |                1 |              1 |
|  microblaze_i/mdm_1/U0/Use_E2.BSCAN_I/Ext_JTAG_UPDATE         | microblaze_i/microblaze_0/U0/MicroBlaze_Core_I/Performance.Core/Use_Debug_Logic.Master_Core.Debug_Perf/Control_Reg_En                                                                                     | microblaze_i/microblaze_0/U0/MicroBlaze_Core_I/Performance.Core/Use_Debug_Logic.Master_Core.Debug_Perf/start_single_step_reg_n_0                        |                1 |              1 |
|  microblaze_i/mdm_1/U0/Use_E2.BSCAN_I/Ext_JTAG_UPDATE         | microblaze_i/microblaze_0/U0/MicroBlaze_Core_I/Performance.Core/Use_Debug_Logic.Master_Core.Debug_Perf/Control_Reg_En                                                                                     | microblaze_i/microblaze_0/U0/MicroBlaze_Core_I/Performance.Core/Use_Debug_Logic.Master_Core.Debug_Perf/Serial_Dbg_Intf.continue_from_brk_reg_n_0        |                1 |              1 |
|  microblaze_i/mdm_1/U0/Use_E2.BSCAN_I/Ext_JTAG_UPDATE         | microblaze_i/microblaze_0/U0/MicroBlaze_Core_I/Performance.Core/Use_Debug_Logic.Master_Core.Debug_Perf/Control_Reg_En                                                                                     | microblaze_i/microblaze_0/U0/MicroBlaze_Core_I/Performance.Core/Use_Debug_Logic.Master_Core.Debug_Perf/Performance_Debug_Control.force_stop_cmd_1_reg_0 |                1 |              1 |
|  microblaze_i/mdm_1/U0/Use_E2.BSCAN_I/Ext_JTAG_UPDATE         | microblaze_i/microblaze_0/U0/MicroBlaze_Core_I/Performance.Core/Use_Debug_Logic.Master_Core.Debug_Perf/Control_Reg_En                                                                                     | microblaze_i/microblaze_0/U0/MicroBlaze_Core_I/Performance.Core/Use_Debug_Logic.Master_Core.Debug_Perf/Serial_Dbg_Intf.normal_stop_cmd_i_reg_n_0        |                1 |              1 |
|  microblaze_i/mdm_1/U0/Use_E2.BSCAN_I/Ext_JTAG_UPDATE         | microblaze_i/microblaze_0/U0/MicroBlaze_Core_I/Performance.Core/Use_Debug_Logic.Master_Core.Debug_Perf/Command_Reg_En                                                                                     | microblaze_i/microblaze_0/U0/MicroBlaze_Core_I/Performance.Core/Use_Debug_Logic.Master_Core.Debug_Perf/command_reg_clear                                |                1 |              2 |
|  microblaze_i/clk_wiz_0/inst/clk_out1                         | microblaze_i/microblaze_0/U0/MicroBlaze_Core_I/Performance.Core/Decode_I/Use_MuxCy[10].OF_Piperun_Stage/MUXCY_I/lopt_1                                                                                    |                                                                                                                                                         |                1 |              2 |
|  microblaze_i/mdm_1/U0/Use_E2.BSCAN_I/Ext_JTAG_UPDATE         |                                                                                                                                                                                                           |                                                                                                                                                         |                2 |              3 |
|  microblaze_i/clk_wiz_0/inst/clk_out1                         | microblaze_i/axi_gpio_0/U0/AXI_LITE_IPIF_I/I_SLAVE_ATTACHMENT/start2                                                                                                                                      | microblaze_i/axi_gpio_0/U0/AXI_LITE_IPIF_I/I_SLAVE_ATTACHMENT/I_DECODER/cs_ce_clr                                                                       |                1 |              4 |
|  microblaze_i/mdm_1/U0/No_Dbg_Reg_Access.BUFG_DRCK/Dbg_Clk_31 | microblaze_i/mdm_1/U0/MDM_Core_I1/p_0_out                                                                                                                                                                 | microblaze_i/mdm_1/U0/Use_E2.BSCAN_I/AR[0]                                                                                                              |                1 |              4 |
|  microblaze_i/clk_wiz_0/inst/clk_out1                         | microblaze_i/axi_uartlite_0/U0/UARTLITE_CORE_I/BAUD_RATE_I/en_16x_Baud                                                                                                                                    |                                                                                                                                                         |                2 |              4 |
|  microblaze_i/clk_wiz_0/inst/clk_out1                         | microblaze_i/axi_gpio_0/U0/AXI_LITE_IPIF_I/I_SLAVE_ATTACHMENT/bus2ip_addr_i[8]_i_1_n_0                                                                                                                    | microblaze_i/axi_gpio_0/U0/AXI_LITE_IPIF_I/I_SLAVE_ATTACHMENT/SR                                                                                        |                2 |              4 |
|  microblaze_i/clk_wiz_0/inst/clk_out1                         |                                                                                                                                                                                                           | microblaze_i/axi_gpio_0/U0/AXI_LITE_IPIF_I/I_SLAVE_ATTACHMENT/clear                                                                                     |                1 |              4 |
|  microblaze_i/clk_wiz_0/inst/clk_out1                         | microblaze_i/axi_uartlite_0/U0/AXI_LITE_IPIF_I/I_SLAVE_ATTACHMENT/start2                                                                                                                                  | microblaze_i/axi_uartlite_0/U0/AXI_LITE_IPIF_I/I_SLAVE_ATTACHMENT/I_DECODER/cs_ce_clr                                                                   |                1 |              4 |
| ~microblaze_i/mdm_1/U0/Use_E2.BSCAN_I/Ext_JTAG_UPDATE         |                                                                                                                                                                                                           | microblaze_i/mdm_1/U0/Use_E2.BSCAN_I/AR[0]                                                                                                              |                1 |              4 |
|  microblaze_i/mdm_1/U0/Use_E2.BSCAN_I/Ext_JTAG_UPDATE         | microblaze_i/mdm_1/U0/MDM_Core_I1/MDM_SEL                                                                                                                                                                 | microblaze_i/mdm_1/U0/Use_E2.BSCAN_I/AR[0]                                                                                                              |                1 |              4 |
|  microblaze_i/mdm_1/U0/Use_E2.BSCAN_I/Ext_JTAG_UPDATE         | microblaze_i/microblaze_0/U0/MicroBlaze_Core_I/Performance.Core/Use_Debug_Logic.Master_Core.Debug_Perf/Control_Reg_En                                                                                     |                                                                                                                                                         |                3 |              4 |
|  microblaze_i/clk_wiz_0/inst/clk_out1                         | microblaze_i/microblaze_0/U0/MicroBlaze_Core_I/Performance.Core/Decode_I/wb_Halted                                                                                                                        | microblaze_i/microblaze_0/U0/MicroBlaze_Core_I/sync_reset                                                                                               |                1 |              5 |
|  microblaze_i/clk_wiz_0/inst/clk_out1                         |                                                                                                                                                                                                           | microblaze_i/rst_clk_wiz_0_100M/U0/EXT_LPF/lpf_int                                                                                                      |                1 |              5 |
|  microblaze_i/clk_wiz_0/inst/clk_out1                         |                                                                                                                                                                                                           | microblaze_i/axi_uartlite_0/U0/UARTLITE_CORE_I/UARTLITE_RX_I/SRL_FIFO_I/I_SRL_FIFO_RBU_F/CNTR_INCR_DECR_ADDN_F_I/SS[0]                                  |                2 |              6 |
|  microblaze_i/clk_wiz_0/inst/clk_out1                         |                                                                                                                                                                                                           | microblaze_i/axi_uartlite_0/U0/UARTLITE_CORE_I/UARTLITE_TX_I/SRL_FIFO_I/I_SRL_FIFO_RBU_F/CNTR_INCR_DECR_ADDN_F_I/SS[0]                                  |                3 |              6 |
|  microblaze_i/clk_wiz_0/inst/clk_out1                         | microblaze_i/rst_clk_wiz_0_100M/U0/SEQ/seq_cnt_en                                                                                                                                                         | microblaze_i/rst_clk_wiz_0_100M/U0/SEQ/SEQ_COUNTER/clear                                                                                                |                1 |              6 |
|  microblaze_i/mdm_1/U0/No_Dbg_Reg_Access.BUFG_DRCK/Dbg_Clk_31 | microblaze_i/mdm_1/U0/MDM_Core_I1/JTAG_CONTROL_I/Use_BSCAN.FDC_I/Use_Serial_Unified_Completion.sample_1_reg[10][0]                                                                                        |                                                                                                                                                         |                2 |              6 |
|  microblaze_i/mdm_1/U0/No_Dbg_Reg_Access.BUFG_DRCK/Dbg_Clk_31 | microblaze_i/mdm_1/U0/Use_E2.BSCAN_I/E[0]                                                                                                                                                                 |                                                                                                                                                         |                1 |              6 |
|  microblaze_i/mdm_1/U0/No_Dbg_Reg_Access.BUFG_DRCK/Dbg_Clk_31 | microblaze_i/mdm_1/U0/Use_E2.BSCAN_I/Use_Serial_Unified_Completion.count_reg[5]_0[0]                                                                                                                      |                                                                                                                                                         |                3 |              6 |
|  microblaze_i/clk_wiz_0/inst/clk_out1                         | microblaze_i/axi_uartlite_0/U0/AXI_LITE_IPIF_I/I_SLAVE_ATTACHMENT/I_DECODER/fifo_wr                                                                                                                       |                                                                                                                                                         |                1 |              8 |
|  microblaze_i/clk_wiz_0/inst/clk_out1                         | microblaze_i/axi_uartlite_0/U0/UARTLITE_CORE_I/UARTLITE_RX_I/SRL_FIFO_I/I_SRL_FIFO_RBU_F/DYNSHREG_F_I/fifo_wr                                                                                             |                                                                                                                                                         |                1 |              8 |
|  microblaze_i/clk_wiz_0/inst/clk_out1                         | microblaze_i/axi_uartlite_0/U0/AXI_LITE_IPIF_I/I_SLAVE_ATTACHMENT/s_axi_rdata_i                                                                                                                           | microblaze_i/axi_uartlite_0/U0/AXI_LITE_IPIF_I/I_SLAVE_ATTACHMENT/rst                                                                                   |                2 |              8 |
|  microblaze_i/clk_wiz_0/inst/clk_out1                         |                                                                                                                                                                                                           | microblaze_i/axi_uartlite_0/U0/AXI_LITE_IPIF_I/I_SLAVE_ATTACHMENT/rst                                                                                   |                3 |              8 |
|  microblaze_i/mdm_1/U0/No_Dbg_Reg_Access.BUFG_DRCK/Dbg_Clk_31 | microblaze_i/microblaze_0/U0/MicroBlaze_Core_I/Performance.Core/Use_Debug_Logic.Master_Core.Debug_Perf/Using_PC_Breakpoints.All_PC_Brks[0].Serial_Interface_1.address_hit_I/Compare[0].SRLC16E_I/which_pc |                                                                                                                                                         |                7 |              8 |
| ~microblaze_i/mdm_1/U0/Use_E2.BSCAN_I/Ext_JTAG_UPDATE         | microblaze_i/mdm_1/U0/MDM_Core_I1/JTAG_CONTROL_I/Use_BSCAN.command[0]_i_1_n_0                                                                                                                             |                                                                                                                                                         |                2 |              8 |
|  microblaze_i/mdm_1/U0/Use_E2.BSCAN_I/Ext_JTAG_UPDATE         | microblaze_i/mdm_1/U0/MDM_Core_I1/JTAG_CONTROL_I/Use_BSCAN.FDC_I/command_1_reg[7]_0[0]                                                                                                                    |                                                                                                                                                         |                1 |              8 |
|  microblaze_i/mdm_1/U0/No_Dbg_Reg_Access.BUFG_DRCK/Dbg_Clk_31 | microblaze_i/mdm_1/U0/MDM_Core_I1/JTAG_CONTROL_I/tdi_shifter0                                                                                                                                             |                                                                                                                                                         |                1 |              8 |
|  microblaze_i/clk_wiz_0/inst/clk_out1                         | microblaze_i/axi_uartlite_0/U0/UARTLITE_CORE_I/BAUD_RATE_I/en_16x_Baud                                                                                                                                    | microblaze_i/axi_uartlite_0/U0/UARTLITE_CORE_I/UARTLITE_RX_I/SR[0]                                                                                      |                2 |             10 |
|  microblaze_i/mdm_1/U0/No_Dbg_Reg_Access.BUFG_DRCK/Dbg_Clk_31 | microblaze_i/mdm_1/U0/MDM_Core_I1/JTAG_CONTROL_I/Use_BSCAN.FDC_I/E[0]                                                                                                                                     |                                                                                                                                                         |                4 |             10 |
|  microblaze_i/clk_wiz_0/inst/clk_out1                         |                                                                                                                                                                                                           | microblaze_i/microblaze_0_axi_periph/xbar/inst/gen_sasd.crossbar_sasd_0/addr_arbiter_inst/SR[0]                                                         |                3 |             11 |
|  microblaze_i/clk_wiz_0/inst/clk_out1                         | microblaze_i/axi_gpio_0/U0/AXI_LITE_IPIF_I/I_SLAVE_ATTACHMENT/I_DECODER/Dual.gpio_OE_reg[0][0]                                                                                                            | microblaze_i/axi_gpio_0/U0/AXI_LITE_IPIF_I/I_SLAVE_ATTACHMENT/SR                                                                                        |                4 |             16 |
|  microblaze_i/clk_wiz_0/inst/clk_out1                         | microblaze_i/microblaze_0/U0/MicroBlaze_Core_I/Performance.Core/Decode_I/PreFetch_Buffer_I1/OF_Valid_DFF/E[0]                                                                                             | microblaze_i/microblaze_0/U0/MicroBlaze_Core_I/sync_reset                                                                                               |                6 |             16 |
|  microblaze_i/clk_wiz_0/inst/clk_out1                         | microblaze_i/axi_gpio_0/U0/AXI_LITE_IPIF_I/I_SLAVE_ATTACHMENT/I_DECODER/E[0]                                                                                                                              | microblaze_i/axi_gpio_0/U0/AXI_LITE_IPIF_I/I_SLAVE_ATTACHMENT/SR                                                                                        |                4 |             16 |
|  microblaze_i/clk_wiz_0/inst/clk_out1                         | microblaze_i/axi_gpio_0/U0/AXI_LITE_IPIF_I/I_SLAVE_ATTACHMENT/I_DECODER/Dual.gpio2_OE_reg[0][0]                                                                                                           | microblaze_i/axi_gpio_0/U0/AXI_LITE_IPIF_I/I_SLAVE_ATTACHMENT/SR                                                                                        |                8 |             16 |
|  microblaze_i/clk_wiz_0/inst/clk_out1                         | microblaze_i/axi_gpio_0/U0/AXI_LITE_IPIF_I/I_SLAVE_ATTACHMENT/s_axi_rdata_i[31]_i_1_n_0                                                                                                                   | microblaze_i/axi_gpio_0/U0/AXI_LITE_IPIF_I/I_SLAVE_ATTACHMENT/SR                                                                                        |                5 |             17 |
|  microblaze_i/clk_wiz_0/inst/clk_out1                         | microblaze_i/microblaze_0_axi_periph/xbar/inst/gen_sasd.crossbar_sasd_0/addr_arbiter_inst/p_0_in1_in                                                                                                      | microblaze_i/microblaze_0_axi_periph/xbar/inst/gen_sasd.crossbar_sasd_0/addr_arbiter_inst/SR[0]                                                         |                3 |             19 |
|  microblaze_i/clk_wiz_0/inst/clk_out1                         | microblaze_i/microblaze_0/U0/MicroBlaze_Core_I/Performance.Core/mem_databus_ready_sel_carry_or/MUXCY_I/lopt_4                                                                                             | microblaze_i/microblaze_0/U0/MicroBlaze_Core_I/sync_reset                                                                                               |                9 |             20 |
|  microblaze_i/mdm_1/U0/No_Dbg_Reg_Access.BUFG_DRCK/Dbg_Clk_31 |                                                                                                                                                                                                           | microblaze_i/mdm_1/U0/Use_E2.BSCAN_I/shift_n_reset                                                                                                      |                5 |             23 |
|  microblaze_i/clk_wiz_0/inst/clk_out1                         |                                                                                                                                                                                                           | microblaze_i/axi_gpio_0/U0/AXI_LITE_IPIF_I/I_SLAVE_ATTACHMENT/SR                                                                                        |               13 |             28 |
|  microblaze_i/clk_wiz_0/inst/clk_out1                         |                                                                                                                                                                                                           | microblaze_i/axi_uartlite_0/U0/UARTLITE_CORE_I/UARTLITE_RX_I/SR[0]                                                                                      |               11 |             29 |
|  microblaze_i/clk_wiz_0/inst/clk_out1                         | microblaze_i/microblaze_0/U0/MicroBlaze_Core_I/Performance.Core/Decode_I/Use_MuxCy[2].OF_Piperun_Stage/MUXCY_I/lopt_1                                                                                     | microblaze_i/microblaze_0/U0/MicroBlaze_Core_I/Performance.Core/Decode_I/R                                                                              |               12 |             32 |
|  microblaze_i/clk_wiz_0/inst/clk_out1                         | microblaze_i/microblaze_0/U0/MicroBlaze_Core_I/Performance.Core/Decode_I/Use_MuxCy[3].OF_Piperun_Stage/MUXCY_I/E[0]                                                                                       | microblaze_i/microblaze_0/U0/MicroBlaze_Core_I/sync_reset                                                                                               |                6 |             32 |
|  microblaze_i/clk_wiz_0/inst/clk_out1                         | microblaze_i/microblaze_0/U0/MicroBlaze_Core_I/Performance.Core/Decode_I/jump_logic_I1/MUXCY_JUMP_CARRY6/if_pc_reg[0][0]                                                                                  | microblaze_i/microblaze_0/U0/MicroBlaze_Core_I/sync_reset                                                                                               |                6 |             32 |
|  microblaze_i/mdm_1/U0/No_Dbg_Reg_Access.BUFG_DRCK/Dbg_Clk_31 | microblaze_i/microblaze_0/U0/MicroBlaze_Core_I/Performance.Core/Use_Debug_Logic.Master_Core.Debug_Perf/New_Dbg_Instr_TCK                                                                                  |                                                                                                                                                         |               10 |             32 |
|  microblaze_i/clk_wiz_0/inst/clk_out1                         | microblaze_i/microblaze_0_axi_periph/xbar/inst/gen_sasd.crossbar_sasd_0/reg_slice_r/aa_rready                                                                                                             |                                                                                                                                                         |               11 |             32 |
|  microblaze_i/clk_wiz_0/inst/clk_out1                         | microblaze_i/microblaze_0/U0/MicroBlaze_Core_I/Performance.Core/Use_Debug_Logic.Master_Core.Debug_Perf/data_rd_reg[0]_i_1_n_0                                                                             | microblaze_i/microblaze_0/U0/MicroBlaze_Core_I/sync_reset                                                                                               |               11 |             32 |
|  microblaze_i/clk_wiz_0/inst/clk_out1                         | microblaze_i/microblaze_0/U0/MicroBlaze_Core_I/Performance.Core/mem_databus_ready_sel_carry_or/MUXCY_I/lopt_4                                                                                             |                                                                                                                                                         |                5 |             32 |
|  microblaze_i/clk_wiz_0/inst/clk_out1                         | microblaze_i/microblaze_0/U0/MicroBlaze_Core_I/Performance.Core/mem_databus_ready_sel_carry_or/MUXCY_I/lopt_4                                                                                             | microblaze_i/microblaze_0/U0/MicroBlaze_Core_I/Performance.Core/Decode_I/SR[0]                                                                          |               10 |             32 |
|  microblaze_i/clk_wiz_0/inst/clk_out1                         | microblaze_i/microblaze_0_axi_periph/xbar/inst/gen_sasd.crossbar_sasd_0/reg_slice_r/s_axi_rvalid[0]                                                                                                       | microblaze_i/microblaze_0/U0/MicroBlaze_Core_I/sync_reset                                                                                               |               13 |             32 |
|  microblaze_i/clk_wiz_0/inst/clk_out1                         |                                                                                                                                                                                                           | microblaze_i/microblaze_0/U0/MicroBlaze_Core_I/Performance.Core/p_1_out                                                                                 |               11 |             32 |
|  microblaze_i/clk_wiz_0/inst/clk_out1                         | microblaze_i/microblaze_0_axi_periph/xbar/inst/gen_sasd.crossbar_sasd_0/addr_arbiter_inst/E[0]                                                                                                            |                                                                                                                                                         |               12 |             33 |
|  microblaze_i/mdm_1/U0/No_Dbg_Reg_Access.BUFG_DRCK/Dbg_Clk_31 | microblaze_i/mdm_1/U0/Use_E2.BSCAN_I/Dbg_Capture_0                                                                                                                                                        |                                                                                                                                                         |               14 |             47 |
|  microblaze_i/clk_wiz_0/inst/clk_out1                         |                                                                                                                                                                                                           | microblaze_i/axi_gpio_0/U0/AXI_LITE_IPIF_I/I_SLAVE_ATTACHMENT/I_DECODER/Dual.ALLIN0_ND_G2.READ_REG2_GEN[0].reg3_reg[16]                                 |               15 |             48 |
|  microblaze_i/clk_wiz_0/inst/clk_out1                         | microblaze_i/microblaze_0/U0/MicroBlaze_Core_I/Performance.Core/Decode_I/Use_MuxCy[2].OF_Piperun_Stage/MUXCY_I/lopt_1                                                                                     | microblaze_i/microblaze_0/U0/MicroBlaze_Core_I/sync_reset                                                                                               |               28 |             59 |
|  microblaze_i/clk_wiz_0/inst/clk_out1                         | microblaze_i/microblaze_0/U0/MicroBlaze_Core_I/Performance.Core/Use_Debug_Logic.Master_Core.Debug_Perf/IReady_0                                                                                           |                                                                                                                                                         |               10 |             75 |
|  microblaze_i/mdm_1/U0/No_Dbg_Reg_Access.BUFG_DRCK/Dbg_Clk_31 |                                                                                                                                                                                                           |                                                                                                                                                         |               27 |             80 |
|  microblaze_i/clk_wiz_0/inst/clk_out1                         | microblaze_i/microblaze_0/U0/MicroBlaze_Core_I/Performance.Core/Decode_I/mb_halted_1_reg[34]                                                                                                              |                                                                                                                                                         |               16 |            128 |
|  microblaze_i/clk_wiz_0/inst/clk_out1                         |                                                                                                                                                                                                           | microblaze_i/microblaze_0/U0/MicroBlaze_Core_I/sync_reset                                                                                               |               65 |            148 |
|  microblaze_i/clk_wiz_0/inst/clk_out1                         | microblaze_i/microblaze_0/U0/MicroBlaze_Core_I/Performance.Core/Decode_I/Use_MuxCy[10].OF_Piperun_Stage/MUXCY_I/lopt_1                                                                                    | microblaze_i/microblaze_0/U0/MicroBlaze_Core_I/sync_reset                                                                                               |               89 |            218 |
|  microblaze_i/clk_wiz_0/inst/clk_out1                         |                                                                                                                                                                                                           |                                                                                                                                                         |               98 |            286 |
+---------------------------------------------------------------+-----------------------------------------------------------------------------------------------------------------------------------------------------------------------------------------------------------+---------------------------------------------------------------------------------------------------------------------------------------------------------+------------------+----------------+


+--------+-----------------------+
| Fanout | Number of ControlSets |
+--------+-----------------------+
| 1      |                     9 |
| 2      |                     2 |
| 3      |                     1 |
| 4      |                     9 |
| 5      |                     2 |
| 6      |                     6 |
| 8      |                     8 |
| 10     |                     2 |
| 11     |                     1 |
| 16+    |                    30 |
+--------+-----------------------+


